<?xml version="1.0" encoding="UTF-8"?>
<testsuite name="ssd.Entities.Topic.TopicControllerTest" tests="8" skipped="0" failures="0" errors="0" timestamp="2024-08-13T11:50:18" hostname="COMMODORE" time="0.117">
  <properties/>
  <testcase name="testGetAllTopics_emptyDatabase()" classname="ssd.Entities.Topic.TopicControllerTest" time="0.015"/>
  <testcase name="testGetTopicsByName_notFound()" classname="ssd.Entities.Topic.TopicControllerTest" time="0.013"/>
  <testcase name="testGetPopularTopics()" classname="ssd.Entities.Topic.TopicControllerTest" time="0.013"/>
  <testcase name="testGetAllTopics()" classname="ssd.Entities.Topic.TopicControllerTest" time="0.016"/>
  <testcase name="testGetPopularTopics_noContent()" classname="ssd.Entities.Topic.TopicControllerTest" time="0.015"/>
  <testcase name="testGetTopicById()" classname="ssd.Entities.Topic.TopicControllerTest" time="0.015"/>
  <testcase name="testGetTopicById_notFound()" classname="ssd.Entities.Topic.TopicControllerTest" time="0.013"/>
  <testcase name="testGetTopicsByName()" classname="ssd.Entities.Topic.TopicControllerTest" time="0.012"/>
  <system-out><![CDATA[2024-08-13 13:50:18.507  INFO 513046 --- [    Test worker] .b.t.c.SpringBootTestContextBootstrapper : Neither @ContextConfiguration nor @ContextHierarchy found for test class [ssd.Entities.Topic.TopicControllerTest], using SpringBootContextLoader
2024-08-13 13:50:18.507  INFO 513046 --- [    Test worker] o.s.t.c.support.AbstractContextLoader    : Could not detect default resource locations for test class [ssd.Entities.Topic.TopicControllerTest]: no resource found for suffixes {-context.xml, Context.groovy}.
2024-08-13 13:50:18.507  INFO 513046 --- [    Test worker] t.c.s.AnnotationConfigContextLoaderUtils : Could not detect default configuration classes for test class [ssd.Entities.Topic.TopicControllerTest]: TopicControllerTest does not declare any static, non-private, non-final, nested classes annotated with @Configuration.
2024-08-13 13:50:18.510  INFO 513046 --- [    Test worker] .b.t.c.SpringBootTestContextBootstrapper : Found @SpringBootConfiguration ssd.SSDApplication for test class ssd.Entities.Topic.TopicControllerTest
2024-08-13 13:50:18.511  INFO 513046 --- [    Test worker] .b.t.c.SpringBootTestContextBootstrapper : Loaded default TestExecutionListener class names from location [META-INF/spring.factories]: [org.springframework.boot.test.autoconfigure.restdocs.RestDocsTestExecutionListener, org.springframework.boot.test.autoconfigure.web.client.MockRestServiceServerResetTestExecutionListener, org.springframework.boot.test.autoconfigure.web.servlet.MockMvcPrintOnlyOnFailureTestExecutionListener, org.springframework.boot.test.autoconfigure.web.servlet.WebDriverTestExecutionListener, org.springframework.boot.test.autoconfigure.webservices.client.MockWebServiceServerTestExecutionListener, org.springframework.boot.test.mock.mockito.MockitoTestExecutionListener, org.springframework.boot.test.mock.mockito.ResetMocksTestExecutionListener, org.springframework.test.context.web.ServletTestExecutionListener, org.springframework.test.context.support.DirtiesContextBeforeModesTestExecutionListener, org.springframework.test.context.event.ApplicationEventsTestExecutionListener, org.springframework.test.context.support.DependencyInjectionTestExecutionListener, org.springframework.test.context.support.DirtiesContextTestExecutionListener, org.springframework.test.context.transaction.TransactionalTestExecutionListener, org.springframework.test.context.jdbc.SqlScriptsTestExecutionListener, org.springframework.test.context.event.EventPublishingTestExecutionListener]
2024-08-13 13:50:18.511  INFO 513046 --- [    Test worker] .b.t.c.SpringBootTestContextBootstrapper : Using TestExecutionListeners: [org.springframework.test.context.web.ServletTestExecutionListener@3b802baa, org.springframework.test.context.support.DirtiesContextBeforeModesTestExecutionListener@109941fa, org.springframework.test.context.event.ApplicationEventsTestExecutionListener@27103726, org.springframework.boot.test.mock.mockito.MockitoTestExecutionListener@2df6d461, org.springframework.boot.test.autoconfigure.SpringBootDependencyInjectionTestExecutionListener@1791670e, org.springframework.test.context.support.DirtiesContextTestExecutionListener@4d5d6297, org.springframework.test.context.transaction.TransactionalTestExecutionListener@6bd2c51d, org.springframework.test.context.jdbc.SqlScriptsTestExecutionListener@709c41da, org.springframework.test.context.event.EventPublishingTestExecutionListener@6ca9f1d0, org.springframework.boot.test.autoconfigure.restdocs.RestDocsTestExecutionListener@4a467f08, org.springframework.boot.test.autoconfigure.web.client.MockRestServiceServerResetTestExecutionListener@3741a170, org.springframework.boot.test.autoconfigure.web.servlet.MockMvcPrintOnlyOnFailureTestExecutionListener@2541b4d3, org.springframework.boot.test.autoconfigure.web.servlet.WebDriverTestExecutionListener@6c5e6da, org.springframework.boot.test.autoconfigure.webservices.client.MockWebServiceServerTestExecutionListener@7f027735, org.springframework.boot.test.mock.mockito.ResetMocksTestExecutionListener@45f20384]
Hibernate: 
    select
        article0_.entity_id as entity_i1_0_,
        article0_.analytics_id as analytic4_0_,
        article0_.name as name2_0_,
        article0_.author_id as author_i5_0_,
        article0_.content as content3_0_,
        article0_.newspaper_id as newspape6_0_,
        article0_.owner_id as owner_id7_0_,
        article0_.publisher_id as publishe8_0_,
        article0_.topic_id as topic_id9_0_ 
    from
        article article0_
Hibernate: 
    select
        newspaper0_.entity_id as entity_i1_6_,
        newspaper0_.analytics_id as analytic3_6_,
        newspaper0_.name as name2_6_ 
    from
        newspaper newspaper0_
Hibernate: 
    select
        owner0_.entity_id as entity_i1_9_,
        owner0_.analytics_id as analytic3_9_,
        owner0_.name as name2_9_ 
    from
        owner owner0_
Hibernate: 
    select
        topic0_.entity_id as entity_i1_15_,
        topic0_.analytics_id as analytic3_15_,
        topic0_.name as name2_15_ 
    from
        topic topic0_
Hibernate: 
    select
        publisher0_.entity_id as entity_i1_12_,
        publisher0_.analytics_id as analytic3_12_,
        publisher0_.name as name2_12_ 
    from
        publisher publisher0_
Hibernate: 
    select
        publishera0_.analytics_id as analytic1_13_0_,
        publishera0_.bias as bias2_13_0_,
        publishera0_.engagement_rate as engageme3_13_0_,
        publishera0_.likes as likes4_13_0_,
        publishera0_.shares as shares5_13_0_,
        publishera0_.views as views6_13_0_ 
    from
        publisher_analytics publishera0_ 
    where
        publishera0_.analytics_id=?
Hibernate: 
    delete 
    from
        publisher 
    where
        entity_id=?
Hibernate: 
    select
        author0_.entity_id as entity_i1_3_,
        author0_.analytics_id as analytic3_3_,
        author0_.name as name2_3_ 
    from
        author author0_
Hibernate: 
    select
        articleana0_.analytics_id as analytic1_1_,
        articleana0_.bias as bias2_1_,
        articleana0_.engagement_rate as engageme3_1_,
        articleana0_.likes as likes4_1_,
        articleana0_.shares as shares5_1_,
        articleana0_.views as views6_1_ 
    from
        article_analytics articleana0_
Hibernate: 
    select
        newspapera0_.analytics_id as analytic1_7_,
        newspapera0_.bias as bias2_7_,
        newspapera0_.engagement_rate as engageme3_7_,
        newspapera0_.likes as likes4_7_,
        newspapera0_.shares as shares5_7_,
        newspapera0_.views as views6_7_ 
    from
        newspaper_analytics newspapera0_
Hibernate: 
    select
        owneranaly0_.analytics_id as analytic1_10_,
        owneranaly0_.bias as bias2_10_,
        owneranaly0_.engagement_rate as engageme3_10_,
        owneranaly0_.likes as likes4_10_,
        owneranaly0_.shares as shares5_10_,
        owneranaly0_.views as views6_10_ 
    from
        owner_analytics owneranaly0_
Hibernate: 
    select
        topicanaly0_.analytics_id as analytic1_16_,
        topicanaly0_.bias as bias2_16_,
        topicanaly0_.engagement_rate as engageme3_16_,
        topicanaly0_.likes as likes4_16_,
        topicanaly0_.shares as shares5_16_,
        topicanaly0_.views as views6_16_ 
    from
        topic_analytics topicanaly0_
Hibernate: 
    select
        publishera0_.analytics_id as analytic1_13_,
        publishera0_.bias as bias2_13_,
        publishera0_.engagement_rate as engageme3_13_,
        publishera0_.likes as likes4_13_,
        publishera0_.shares as shares5_13_,
        publishera0_.views as views6_13_ 
    from
        publisher_analytics publishera0_
Hibernate: 
    delete 
    from
        publisher_analytics 
    where
        analytics_id=?
Hibernate: 
    select
        authoranal0_.analytics_id as analytic1_4_,
        authoranal0_.bias as bias2_4_,
        authoranal0_.engagement_rate as engageme3_4_,
        authoranal0_.likes as likes4_4_,
        authoranal0_.shares as shares5_4_,
        authoranal0_.views as views6_4_ 
    from
        author_analytics authoranal0_
Hibernate: 
    insert 
    into
        topic_analytics
        (bias, engagement_rate, likes, shares, views) 
    values
        (?, ?, ?, ?, ?)
Hibernate: 
    insert 
    into
        topic
        (analytics_id, name) 
    values
        (?, ?)
Hibernate: 
    select
        topic0_.entity_id as entity_i1_15_,
        topic0_.analytics_id as analytic3_15_,
        topic0_.name as name2_15_ 
    from
        topic topic0_
Hibernate: 
    select
        topicanaly0_.analytics_id as analytic1_16_0_,
        topicanaly0_.bias as bias2_16_0_,
        topicanaly0_.engagement_rate as engageme3_16_0_,
        topicanaly0_.likes as likes4_16_0_,
        topicanaly0_.shares as shares5_16_0_,
        topicanaly0_.views as views6_16_0_ 
    from
        topic_analytics topicanaly0_ 
    where
        topicanaly0_.analytics_id=?
Hibernate: 
    delete 
    from
        topic 
    where
        entity_id=?
Hibernate: 
    select
        topic0_.entity_id as entity_i1_15_,
        topic0_.analytics_id as analytic3_15_,
        topic0_.name as name2_15_ 
    from
        topic topic0_
Hibernate: 
    select
        article0_.entity_id as entity_i1_0_,
        article0_.analytics_id as analytic4_0_,
        article0_.name as name2_0_,
        article0_.author_id as author_i5_0_,
        article0_.content as content3_0_,
        article0_.newspaper_id as newspape6_0_,
        article0_.owner_id as owner_id7_0_,
        article0_.publisher_id as publishe8_0_,
        article0_.topic_id as topic_id9_0_ 
    from
        article article0_
Hibernate: 
    select
        newspaper0_.entity_id as entity_i1_6_,
        newspaper0_.analytics_id as analytic3_6_,
        newspaper0_.name as name2_6_ 
    from
        newspaper newspaper0_
Hibernate: 
    select
        owner0_.entity_id as entity_i1_9_,
        owner0_.analytics_id as analytic3_9_,
        owner0_.name as name2_9_ 
    from
        owner owner0_
Hibernate: 
    select
        topic0_.entity_id as entity_i1_15_,
        topic0_.analytics_id as analytic3_15_,
        topic0_.name as name2_15_ 
    from
        topic topic0_
Hibernate: 
    select
        publisher0_.entity_id as entity_i1_12_,
        publisher0_.analytics_id as analytic3_12_,
        publisher0_.name as name2_12_ 
    from
        publisher publisher0_
Hibernate: 
    select
        author0_.entity_id as entity_i1_3_,
        author0_.analytics_id as analytic3_3_,
        author0_.name as name2_3_ 
    from
        author author0_
Hibernate: 
    select
        articleana0_.analytics_id as analytic1_1_,
        articleana0_.bias as bias2_1_,
        articleana0_.engagement_rate as engageme3_1_,
        articleana0_.likes as likes4_1_,
        articleana0_.shares as shares5_1_,
        articleana0_.views as views6_1_ 
    from
        article_analytics articleana0_
Hibernate: 
    select
        newspapera0_.analytics_id as analytic1_7_,
        newspapera0_.bias as bias2_7_,
        newspapera0_.engagement_rate as engageme3_7_,
        newspapera0_.likes as likes4_7_,
        newspapera0_.shares as shares5_7_,
        newspapera0_.views as views6_7_ 
    from
        newspaper_analytics newspapera0_
Hibernate: 
    select
        owneranaly0_.analytics_id as analytic1_10_,
        owneranaly0_.bias as bias2_10_,
        owneranaly0_.engagement_rate as engageme3_10_,
        owneranaly0_.likes as likes4_10_,
        owneranaly0_.shares as shares5_10_,
        owneranaly0_.views as views6_10_ 
    from
        owner_analytics owneranaly0_
Hibernate: 
    select
        topicanaly0_.analytics_id as analytic1_16_,
        topicanaly0_.bias as bias2_16_,
        topicanaly0_.engagement_rate as engageme3_16_,
        topicanaly0_.likes as likes4_16_,
        topicanaly0_.shares as shares5_16_,
        topicanaly0_.views as views6_16_ 
    from
        topic_analytics topicanaly0_
Hibernate: 
    delete 
    from
        topic_analytics 
    where
        analytics_id=?
Hibernate: 
    select
        publishera0_.analytics_id as analytic1_13_,
        publishera0_.bias as bias2_13_,
        publishera0_.engagement_rate as engageme3_13_,
        publishera0_.likes as likes4_13_,
        publishera0_.shares as shares5_13_,
        publishera0_.views as views6_13_ 
    from
        publisher_analytics publishera0_
Hibernate: 
    select
        authoranal0_.analytics_id as analytic1_4_,
        authoranal0_.bias as bias2_4_,
        authoranal0_.engagement_rate as engageme3_4_,
        authoranal0_.likes as likes4_4_,
        authoranal0_.shares as shares5_4_,
        authoranal0_.views as views6_4_ 
    from
        author_analytics authoranal0_
Hibernate: 
    insert 
    into
        topic_analytics
        (bias, engagement_rate, likes, shares, views) 
    values
        (?, ?, ?, ?, ?)
Hibernate: 
    insert 
    into
        topic
        (analytics_id, name) 
    values
        (?, ?)
Hibernate: 
    select
        topic0_.entity_id as entity_i1_15_,
        topic0_.analytics_id as analytic3_15_,
        topic0_.name as name2_15_ 
    from
        topic topic0_ 
    where
        topic0_.name=?
Hibernate: 
    select
        article0_.entity_id as entity_i1_0_,
        article0_.analytics_id as analytic4_0_,
        article0_.name as name2_0_,
        article0_.author_id as author_i5_0_,
        article0_.content as content3_0_,
        article0_.newspaper_id as newspape6_0_,
        article0_.owner_id as owner_id7_0_,
        article0_.publisher_id as publishe8_0_,
        article0_.topic_id as topic_id9_0_ 
    from
        article article0_
Hibernate: 
    select
        newspaper0_.entity_id as entity_i1_6_,
        newspaper0_.analytics_id as analytic3_6_,
        newspaper0_.name as name2_6_ 
    from
        newspaper newspaper0_
Hibernate: 
    select
        owner0_.entity_id as entity_i1_9_,
        owner0_.analytics_id as analytic3_9_,
        owner0_.name as name2_9_ 
    from
        owner owner0_
Hibernate: 
    select
        topic0_.entity_id as entity_i1_15_,
        topic0_.analytics_id as analytic3_15_,
        topic0_.name as name2_15_ 
    from
        topic topic0_
Hibernate: 
    select
        topicanaly0_.analytics_id as analytic1_16_0_,
        topicanaly0_.bias as bias2_16_0_,
        topicanaly0_.engagement_rate as engageme3_16_0_,
        topicanaly0_.likes as likes4_16_0_,
        topicanaly0_.shares as shares5_16_0_,
        topicanaly0_.views as views6_16_0_ 
    from
        topic_analytics topicanaly0_ 
    where
        topicanaly0_.analytics_id=?
Hibernate: 
    delete 
    from
        topic 
    where
        entity_id=?
Hibernate: 
    select
        publisher0_.entity_id as entity_i1_12_,
        publisher0_.analytics_id as analytic3_12_,
        publisher0_.name as name2_12_ 
    from
        publisher publisher0_
Hibernate: 
    select
        author0_.entity_id as entity_i1_3_,
        author0_.analytics_id as analytic3_3_,
        author0_.name as name2_3_ 
    from
        author author0_
Hibernate: 
    select
        articleana0_.analytics_id as analytic1_1_,
        articleana0_.bias as bias2_1_,
        articleana0_.engagement_rate as engageme3_1_,
        articleana0_.likes as likes4_1_,
        articleana0_.shares as shares5_1_,
        articleana0_.views as views6_1_ 
    from
        article_analytics articleana0_
Hibernate: 
    select
        newspapera0_.analytics_id as analytic1_7_,
        newspapera0_.bias as bias2_7_,
        newspapera0_.engagement_rate as engageme3_7_,
        newspapera0_.likes as likes4_7_,
        newspapera0_.shares as shares5_7_,
        newspapera0_.views as views6_7_ 
    from
        newspaper_analytics newspapera0_
Hibernate: 
    select
        owneranaly0_.analytics_id as analytic1_10_,
        owneranaly0_.bias as bias2_10_,
        owneranaly0_.engagement_rate as engageme3_10_,
        owneranaly0_.likes as likes4_10_,
        owneranaly0_.shares as shares5_10_,
        owneranaly0_.views as views6_10_ 
    from
        owner_analytics owneranaly0_
Hibernate: 
    select
        topicanaly0_.analytics_id as analytic1_16_,
        topicanaly0_.bias as bias2_16_,
        topicanaly0_.engagement_rate as engageme3_16_,
        topicanaly0_.likes as likes4_16_,
        topicanaly0_.shares as shares5_16_,
        topicanaly0_.views as views6_16_ 
    from
        topic_analytics topicanaly0_
Hibernate: 
    delete 
    from
        topic_analytics 
    where
        analytics_id=?
Hibernate: 
    select
        publishera0_.analytics_id as analytic1_13_,
        publishera0_.bias as bias2_13_,
        publishera0_.engagement_rate as engageme3_13_,
        publishera0_.likes as likes4_13_,
        publishera0_.shares as shares5_13_,
        publishera0_.views as views6_13_ 
    from
        publisher_analytics publishera0_
Hibernate: 
    select
        authoranal0_.analytics_id as analytic1_4_,
        authoranal0_.bias as bias2_4_,
        authoranal0_.engagement_rate as engageme3_4_,
        authoranal0_.likes as likes4_4_,
        authoranal0_.shares as shares5_4_,
        authoranal0_.views as views6_4_ 
    from
        author_analytics authoranal0_
Hibernate: 
    insert 
    into
        topic_analytics
        (bias, engagement_rate, likes, shares, views) 
    values
        (?, ?, ?, ?, ?)
Hibernate: 
    insert 
    into
        topic
        (analytics_id, name) 
    values
        (?, ?)
Hibernate: 
    select
        topic0_.entity_id as entity_i1_15_,
        topic0_.analytics_id as analytic3_15_,
        topic0_.name as name2_15_ 
    from
        topic topic0_
Hibernate: 
    select
        topicanaly0_.analytics_id as analytic1_16_0_,
        topicanaly0_.bias as bias2_16_0_,
        topicanaly0_.engagement_rate as engageme3_16_0_,
        topicanaly0_.likes as likes4_16_0_,
        topicanaly0_.shares as shares5_16_0_,
        topicanaly0_.views as views6_16_0_ 
    from
        topic_analytics topicanaly0_ 
    where
        topicanaly0_.analytics_id=?
Hibernate: 
    select
        article0_.entity_id as entity_i1_0_,
        article0_.analytics_id as analytic4_0_,
        article0_.name as name2_0_,
        article0_.author_id as author_i5_0_,
        article0_.content as content3_0_,
        article0_.newspaper_id as newspape6_0_,
        article0_.owner_id as owner_id7_0_,
        article0_.publisher_id as publishe8_0_,
        article0_.topic_id as topic_id9_0_ 
    from
        article article0_
Hibernate: 
    select
        newspaper0_.entity_id as entity_i1_6_,
        newspaper0_.analytics_id as analytic3_6_,
        newspaper0_.name as name2_6_ 
    from
        newspaper newspaper0_
Hibernate: 
    select
        owner0_.entity_id as entity_i1_9_,
        owner0_.analytics_id as analytic3_9_,
        owner0_.name as name2_9_ 
    from
        owner owner0_
Hibernate: 
    select
        topic0_.entity_id as entity_i1_15_,
        topic0_.analytics_id as analytic3_15_,
        topic0_.name as name2_15_ 
    from
        topic topic0_
Hibernate: 
    select
        topicanaly0_.analytics_id as analytic1_16_0_,
        topicanaly0_.bias as bias2_16_0_,
        topicanaly0_.engagement_rate as engageme3_16_0_,
        topicanaly0_.likes as likes4_16_0_,
        topicanaly0_.shares as shares5_16_0_,
        topicanaly0_.views as views6_16_0_ 
    from
        topic_analytics topicanaly0_ 
    where
        topicanaly0_.analytics_id=?
Hibernate: 
    delete 
    from
        topic 
    where
        entity_id=?
Hibernate: 
    select
        publisher0_.entity_id as entity_i1_12_,
        publisher0_.analytics_id as analytic3_12_,
        publisher0_.name as name2_12_ 
    from
        publisher publisher0_
Hibernate: 
    select
        author0_.entity_id as entity_i1_3_,
        author0_.analytics_id as analytic3_3_,
        author0_.name as name2_3_ 
    from
        author author0_
Hibernate: 
    select
        articleana0_.analytics_id as analytic1_1_,
        articleana0_.bias as bias2_1_,
        articleana0_.engagement_rate as engageme3_1_,
        articleana0_.likes as likes4_1_,
        articleana0_.shares as shares5_1_,
        articleana0_.views as views6_1_ 
    from
        article_analytics articleana0_
Hibernate: 
    select
        newspapera0_.analytics_id as analytic1_7_,
        newspapera0_.bias as bias2_7_,
        newspapera0_.engagement_rate as engageme3_7_,
        newspapera0_.likes as likes4_7_,
        newspapera0_.shares as shares5_7_,
        newspapera0_.views as views6_7_ 
    from
        newspaper_analytics newspapera0_
Hibernate: 
    select
        owneranaly0_.analytics_id as analytic1_10_,
        owneranaly0_.bias as bias2_10_,
        owneranaly0_.engagement_rate as engageme3_10_,
        owneranaly0_.likes as likes4_10_,
        owneranaly0_.shares as shares5_10_,
        owneranaly0_.views as views6_10_ 
    from
        owner_analytics owneranaly0_
Hibernate: 
    select
        topicanaly0_.analytics_id as analytic1_16_,
        topicanaly0_.bias as bias2_16_,
        topicanaly0_.engagement_rate as engageme3_16_,
        topicanaly0_.likes as likes4_16_,
        topicanaly0_.shares as shares5_16_,
        topicanaly0_.views as views6_16_ 
    from
        topic_analytics topicanaly0_
Hibernate: 
    delete 
    from
        topic_analytics 
    where
        analytics_id=?
Hibernate: 
    select
        publishera0_.analytics_id as analytic1_13_,
        publishera0_.bias as bias2_13_,
        publishera0_.engagement_rate as engageme3_13_,
        publishera0_.likes as likes4_13_,
        publishera0_.shares as shares5_13_,
        publishera0_.views as views6_13_ 
    from
        publisher_analytics publishera0_
Hibernate: 
    select
        authoranal0_.analytics_id as analytic1_4_,
        authoranal0_.bias as bias2_4_,
        authoranal0_.engagement_rate as engageme3_4_,
        authoranal0_.likes as likes4_4_,
        authoranal0_.shares as shares5_4_,
        authoranal0_.views as views6_4_ 
    from
        author_analytics authoranal0_
Hibernate: 
    insert 
    into
        topic_analytics
        (bias, engagement_rate, likes, shares, views) 
    values
        (?, ?, ?, ?, ?)
Hibernate: 
    insert 
    into
        topic
        (analytics_id, name) 
    values
        (?, ?)
Hibernate: 
    select
        topic0_.entity_id as entity_i1_15_,
        topic0_.analytics_id as analytic3_15_,
        topic0_.name as name2_15_ 
    from
        topic topic0_
Hibernate: 
    select
        topicanaly0_.analytics_id as analytic1_16_0_,
        topicanaly0_.bias as bias2_16_0_,
        topicanaly0_.engagement_rate as engageme3_16_0_,
        topicanaly0_.likes as likes4_16_0_,
        topicanaly0_.shares as shares5_16_0_,
        topicanaly0_.views as views6_16_0_ 
    from
        topic_analytics topicanaly0_ 
    where
        topicanaly0_.analytics_id=?
Hibernate: 
    select
        article0_.entity_id as entity_i1_0_,
        article0_.analytics_id as analytic4_0_,
        article0_.name as name2_0_,
        article0_.author_id as author_i5_0_,
        article0_.content as content3_0_,
        article0_.newspaper_id as newspape6_0_,
        article0_.owner_id as owner_id7_0_,
        article0_.publisher_id as publishe8_0_,
        article0_.topic_id as topic_id9_0_ 
    from
        article article0_
Hibernate: 
    select
        newspaper0_.entity_id as entity_i1_6_,
        newspaper0_.analytics_id as analytic3_6_,
        newspaper0_.name as name2_6_ 
    from
        newspaper newspaper0_
Hibernate: 
    select
        owner0_.entity_id as entity_i1_9_,
        owner0_.analytics_id as analytic3_9_,
        owner0_.name as name2_9_ 
    from
        owner owner0_
Hibernate: 
    select
        topic0_.entity_id as entity_i1_15_,
        topic0_.analytics_id as analytic3_15_,
        topic0_.name as name2_15_ 
    from
        topic topic0_
Hibernate: 
    select
        topicanaly0_.analytics_id as analytic1_16_0_,
        topicanaly0_.bias as bias2_16_0_,
        topicanaly0_.engagement_rate as engageme3_16_0_,
        topicanaly0_.likes as likes4_16_0_,
        topicanaly0_.shares as shares5_16_0_,
        topicanaly0_.views as views6_16_0_ 
    from
        topic_analytics topicanaly0_ 
    where
        topicanaly0_.analytics_id=?
Hibernate: 
    delete 
    from
        topic 
    where
        entity_id=?
Hibernate: 
    select
        publisher0_.entity_id as entity_i1_12_,
        publisher0_.analytics_id as analytic3_12_,
        publisher0_.name as name2_12_ 
    from
        publisher publisher0_
Hibernate: 
    select
        author0_.entity_id as entity_i1_3_,
        author0_.analytics_id as analytic3_3_,
        author0_.name as name2_3_ 
    from
        author author0_
Hibernate: 
    select
        articleana0_.analytics_id as analytic1_1_,
        articleana0_.bias as bias2_1_,
        articleana0_.engagement_rate as engageme3_1_,
        articleana0_.likes as likes4_1_,
        articleana0_.shares as shares5_1_,
        articleana0_.views as views6_1_ 
    from
        article_analytics articleana0_
Hibernate: 
    select
        newspapera0_.analytics_id as analytic1_7_,
        newspapera0_.bias as bias2_7_,
        newspapera0_.engagement_rate as engageme3_7_,
        newspapera0_.likes as likes4_7_,
        newspapera0_.shares as shares5_7_,
        newspapera0_.views as views6_7_ 
    from
        newspaper_analytics newspapera0_
Hibernate: 
    select
        owneranaly0_.analytics_id as analytic1_10_,
        owneranaly0_.bias as bias2_10_,
        owneranaly0_.engagement_rate as engageme3_10_,
        owneranaly0_.likes as likes4_10_,
        owneranaly0_.shares as shares5_10_,
        owneranaly0_.views as views6_10_ 
    from
        owner_analytics owneranaly0_
Hibernate: 
    select
        topicanaly0_.analytics_id as analytic1_16_,
        topicanaly0_.bias as bias2_16_,
        topicanaly0_.engagement_rate as engageme3_16_,
        topicanaly0_.likes as likes4_16_,
        topicanaly0_.shares as shares5_16_,
        topicanaly0_.views as views6_16_ 
    from
        topic_analytics topicanaly0_
Hibernate: 
    delete 
    from
        topic_analytics 
    where
        analytics_id=?
Hibernate: 
    select
        publishera0_.analytics_id as analytic1_13_,
        publishera0_.bias as bias2_13_,
        publishera0_.engagement_rate as engageme3_13_,
        publishera0_.likes as likes4_13_,
        publishera0_.shares as shares5_13_,
        publishera0_.views as views6_13_ 
    from
        publisher_analytics publishera0_
Hibernate: 
    select
        authoranal0_.analytics_id as analytic1_4_,
        authoranal0_.bias as bias2_4_,
        authoranal0_.engagement_rate as engageme3_4_,
        authoranal0_.likes as likes4_4_,
        authoranal0_.shares as shares5_4_,
        authoranal0_.views as views6_4_ 
    from
        author_analytics authoranal0_
Hibernate: 
    insert 
    into
        topic_analytics
        (bias, engagement_rate, likes, shares, views) 
    values
        (?, ?, ?, ?, ?)
Hibernate: 
    insert 
    into
        topic
        (analytics_id, name) 
    values
        (?, ?)
Hibernate: 
    select
        topic0_.entity_id as entity_i1_15_,
        topic0_.analytics_id as analytic3_15_,
        topic0_.name as name2_15_ 
    from
        topic topic0_
Hibernate: 
    select
        topicanaly0_.analytics_id as analytic1_16_0_,
        topicanaly0_.bias as bias2_16_0_,
        topicanaly0_.engagement_rate as engageme3_16_0_,
        topicanaly0_.likes as likes4_16_0_,
        topicanaly0_.shares as shares5_16_0_,
        topicanaly0_.views as views6_16_0_ 
    from
        topic_analytics topicanaly0_ 
    where
        topicanaly0_.analytics_id=?
Hibernate: 
    delete 
    from
        topic 
    where
        entity_id=?
Hibernate: 
    select
        topic0_.entity_id as entity_i1_15_,
        topic0_.analytics_id as analytic3_15_,
        topic0_.name as name2_15_ 
    from
        topic topic0_
Hibernate: 
    select
        article0_.entity_id as entity_i1_0_,
        article0_.analytics_id as analytic4_0_,
        article0_.name as name2_0_,
        article0_.author_id as author_i5_0_,
        article0_.content as content3_0_,
        article0_.newspaper_id as newspape6_0_,
        article0_.owner_id as owner_id7_0_,
        article0_.publisher_id as publishe8_0_,
        article0_.topic_id as topic_id9_0_ 
    from
        article article0_
Hibernate: 
    select
        newspaper0_.entity_id as entity_i1_6_,
        newspaper0_.analytics_id as analytic3_6_,
        newspaper0_.name as name2_6_ 
    from
        newspaper newspaper0_
Hibernate: 
    select
        owner0_.entity_id as entity_i1_9_,
        owner0_.analytics_id as analytic3_9_,
        owner0_.name as name2_9_ 
    from
        owner owner0_
Hibernate: 
    select
        topic0_.entity_id as entity_i1_15_,
        topic0_.analytics_id as analytic3_15_,
        topic0_.name as name2_15_ 
    from
        topic topic0_
Hibernate: 
    select
        publisher0_.entity_id as entity_i1_12_,
        publisher0_.analytics_id as analytic3_12_,
        publisher0_.name as name2_12_ 
    from
        publisher publisher0_
Hibernate: 
    select
        author0_.entity_id as entity_i1_3_,
        author0_.analytics_id as analytic3_3_,
        author0_.name as name2_3_ 
    from
        author author0_
Hibernate: 
    select
        articleana0_.analytics_id as analytic1_1_,
        articleana0_.bias as bias2_1_,
        articleana0_.engagement_rate as engageme3_1_,
        articleana0_.likes as likes4_1_,
        articleana0_.shares as shares5_1_,
        articleana0_.views as views6_1_ 
    from
        article_analytics articleana0_
Hibernate: 
    select
        newspapera0_.analytics_id as analytic1_7_,
        newspapera0_.bias as bias2_7_,
        newspapera0_.engagement_rate as engageme3_7_,
        newspapera0_.likes as likes4_7_,
        newspapera0_.shares as shares5_7_,
        newspapera0_.views as views6_7_ 
    from
        newspaper_analytics newspapera0_
Hibernate: 
    select
        owneranaly0_.analytics_id as analytic1_10_,
        owneranaly0_.bias as bias2_10_,
        owneranaly0_.engagement_rate as engageme3_10_,
        owneranaly0_.likes as likes4_10_,
        owneranaly0_.shares as shares5_10_,
        owneranaly0_.views as views6_10_ 
    from
        owner_analytics owneranaly0_
Hibernate: 
    select
        topicanaly0_.analytics_id as analytic1_16_,
        topicanaly0_.bias as bias2_16_,
        topicanaly0_.engagement_rate as engageme3_16_,
        topicanaly0_.likes as likes4_16_,
        topicanaly0_.shares as shares5_16_,
        topicanaly0_.views as views6_16_ 
    from
        topic_analytics topicanaly0_
Hibernate: 
    delete 
    from
        topic_analytics 
    where
        analytics_id=?
Hibernate: 
    select
        publishera0_.analytics_id as analytic1_13_,
        publishera0_.bias as bias2_13_,
        publishera0_.engagement_rate as engageme3_13_,
        publishera0_.likes as likes4_13_,
        publishera0_.shares as shares5_13_,
        publishera0_.views as views6_13_ 
    from
        publisher_analytics publishera0_
Hibernate: 
    select
        authoranal0_.analytics_id as analytic1_4_,
        authoranal0_.bias as bias2_4_,
        authoranal0_.engagement_rate as engageme3_4_,
        authoranal0_.likes as likes4_4_,
        authoranal0_.shares as shares5_4_,
        authoranal0_.views as views6_4_ 
    from
        author_analytics authoranal0_
Hibernate: 
    insert 
    into
        topic_analytics
        (bias, engagement_rate, likes, shares, views) 
    values
        (?, ?, ?, ?, ?)
Hibernate: 
    insert 
    into
        topic
        (analytics_id, name) 
    values
        (?, ?)
Hibernate: 
    select
        topic0_.entity_id as entity_i1_15_,
        topic0_.analytics_id as analytic3_15_,
        topic0_.name as name2_15_ 
    from
        topic topic0_
Hibernate: 
    select
        topicanaly0_.analytics_id as analytic1_16_0_,
        topicanaly0_.bias as bias2_16_0_,
        topicanaly0_.engagement_rate as engageme3_16_0_,
        topicanaly0_.likes as likes4_16_0_,
        topicanaly0_.shares as shares5_16_0_,
        topicanaly0_.views as views6_16_0_ 
    from
        topic_analytics topicanaly0_ 
    where
        topicanaly0_.analytics_id=?
Hibernate: 
    select
        topic0_.entity_id as entity_i1_15_0_,
        topic0_.analytics_id as analytic3_15_0_,
        topic0_.name as name2_15_0_,
        topicanaly1_.analytics_id as analytic1_16_1_,
        topicanaly1_.bias as bias2_16_1_,
        topicanaly1_.engagement_rate as engageme3_16_1_,
        topicanaly1_.likes as likes4_16_1_,
        topicanaly1_.shares as shares5_16_1_,
        topicanaly1_.views as views6_16_1_ 
    from
        topic topic0_ 
    inner join
        topic_analytics topicanaly1_ 
            on topic0_.analytics_id=topicanaly1_.analytics_id 
    where
        topic0_.entity_id=?
Hibernate: 
    select
        article0_.entity_id as entity_i1_0_,
        article0_.analytics_id as analytic4_0_,
        article0_.name as name2_0_,
        article0_.author_id as author_i5_0_,
        article0_.content as content3_0_,
        article0_.newspaper_id as newspape6_0_,
        article0_.owner_id as owner_id7_0_,
        article0_.publisher_id as publishe8_0_,
        article0_.topic_id as topic_id9_0_ 
    from
        article article0_
Hibernate: 
    select
        newspaper0_.entity_id as entity_i1_6_,
        newspaper0_.analytics_id as analytic3_6_,
        newspaper0_.name as name2_6_ 
    from
        newspaper newspaper0_
Hibernate: 
    select
        owner0_.entity_id as entity_i1_9_,
        owner0_.analytics_id as analytic3_9_,
        owner0_.name as name2_9_ 
    from
        owner owner0_
Hibernate: 
    select
        topic0_.entity_id as entity_i1_15_,
        topic0_.analytics_id as analytic3_15_,
        topic0_.name as name2_15_ 
    from
        topic topic0_
Hibernate: 
    select
        topicanaly0_.analytics_id as analytic1_16_0_,
        topicanaly0_.bias as bias2_16_0_,
        topicanaly0_.engagement_rate as engageme3_16_0_,
        topicanaly0_.likes as likes4_16_0_,
        topicanaly0_.shares as shares5_16_0_,
        topicanaly0_.views as views6_16_0_ 
    from
        topic_analytics topicanaly0_ 
    where
        topicanaly0_.analytics_id=?
Hibernate: 
    delete 
    from
        topic 
    where
        entity_id=?
Hibernate: 
    select
        publisher0_.entity_id as entity_i1_12_,
        publisher0_.analytics_id as analytic3_12_,
        publisher0_.name as name2_12_ 
    from
        publisher publisher0_
Hibernate: 
    select
        author0_.entity_id as entity_i1_3_,
        author0_.analytics_id as analytic3_3_,
        author0_.name as name2_3_ 
    from
        author author0_
Hibernate: 
    select
        articleana0_.analytics_id as analytic1_1_,
        articleana0_.bias as bias2_1_,
        articleana0_.engagement_rate as engageme3_1_,
        articleana0_.likes as likes4_1_,
        articleana0_.shares as shares5_1_,
        articleana0_.views as views6_1_ 
    from
        article_analytics articleana0_
Hibernate: 
    select
        newspapera0_.analytics_id as analytic1_7_,
        newspapera0_.bias as bias2_7_,
        newspapera0_.engagement_rate as engageme3_7_,
        newspapera0_.likes as likes4_7_,
        newspapera0_.shares as shares5_7_,
        newspapera0_.views as views6_7_ 
    from
        newspaper_analytics newspapera0_
Hibernate: 
    select
        owneranaly0_.analytics_id as analytic1_10_,
        owneranaly0_.bias as bias2_10_,
        owneranaly0_.engagement_rate as engageme3_10_,
        owneranaly0_.likes as likes4_10_,
        owneranaly0_.shares as shares5_10_,
        owneranaly0_.views as views6_10_ 
    from
        owner_analytics owneranaly0_
Hibernate: 
    select
        topicanaly0_.analytics_id as analytic1_16_,
        topicanaly0_.bias as bias2_16_,
        topicanaly0_.engagement_rate as engageme3_16_,
        topicanaly0_.likes as likes4_16_,
        topicanaly0_.shares as shares5_16_,
        topicanaly0_.views as views6_16_ 
    from
        topic_analytics topicanaly0_
Hibernate: 
    delete 
    from
        topic_analytics 
    where
        analytics_id=?
Hibernate: 
    select
        publishera0_.analytics_id as analytic1_13_,
        publishera0_.bias as bias2_13_,
        publishera0_.engagement_rate as engageme3_13_,
        publishera0_.likes as likes4_13_,
        publishera0_.shares as shares5_13_,
        publishera0_.views as views6_13_ 
    from
        publisher_analytics publishera0_
Hibernate: 
    select
        authoranal0_.analytics_id as analytic1_4_,
        authoranal0_.bias as bias2_4_,
        authoranal0_.engagement_rate as engageme3_4_,
        authoranal0_.likes as likes4_4_,
        authoranal0_.shares as shares5_4_,
        authoranal0_.views as views6_4_ 
    from
        author_analytics authoranal0_
Hibernate: 
    insert 
    into
        topic_analytics
        (bias, engagement_rate, likes, shares, views) 
    values
        (?, ?, ?, ?, ?)
Hibernate: 
    insert 
    into
        topic
        (analytics_id, name) 
    values
        (?, ?)
Hibernate: 
    select
        topic0_.entity_id as entity_i1_15_0_,
        topic0_.analytics_id as analytic3_15_0_,
        topic0_.name as name2_15_0_,
        topicanaly1_.analytics_id as analytic1_16_1_,
        topicanaly1_.bias as bias2_16_1_,
        topicanaly1_.engagement_rate as engageme3_16_1_,
        topicanaly1_.likes as likes4_16_1_,
        topicanaly1_.shares as shares5_16_1_,
        topicanaly1_.views as views6_16_1_ 
    from
        topic topic0_ 
    inner join
        topic_analytics topicanaly1_ 
            on topic0_.analytics_id=topicanaly1_.analytics_id 
    where
        topic0_.entity_id=?
Hibernate: 
    select
        article0_.entity_id as entity_i1_0_,
        article0_.analytics_id as analytic4_0_,
        article0_.name as name2_0_,
        article0_.author_id as author_i5_0_,
        article0_.content as content3_0_,
        article0_.newspaper_id as newspape6_0_,
        article0_.owner_id as owner_id7_0_,
        article0_.publisher_id as publishe8_0_,
        article0_.topic_id as topic_id9_0_ 
    from
        article article0_
Hibernate: 
    select
        newspaper0_.entity_id as entity_i1_6_,
        newspaper0_.analytics_id as analytic3_6_,
        newspaper0_.name as name2_6_ 
    from
        newspaper newspaper0_
Hibernate: 
    select
        owner0_.entity_id as entity_i1_9_,
        owner0_.analytics_id as analytic3_9_,
        owner0_.name as name2_9_ 
    from
        owner owner0_
Hibernate: 
    select
        topic0_.entity_id as entity_i1_15_,
        topic0_.analytics_id as analytic3_15_,
        topic0_.name as name2_15_ 
    from
        topic topic0_
Hibernate: 
    select
        topicanaly0_.analytics_id as analytic1_16_0_,
        topicanaly0_.bias as bias2_16_0_,
        topicanaly0_.engagement_rate as engageme3_16_0_,
        topicanaly0_.likes as likes4_16_0_,
        topicanaly0_.shares as shares5_16_0_,
        topicanaly0_.views as views6_16_0_ 
    from
        topic_analytics topicanaly0_ 
    where
        topicanaly0_.analytics_id=?
Hibernate: 
    delete 
    from
        topic 
    where
        entity_id=?
Hibernate: 
    select
        publisher0_.entity_id as entity_i1_12_,
        publisher0_.analytics_id as analytic3_12_,
        publisher0_.name as name2_12_ 
    from
        publisher publisher0_
Hibernate: 
    select
        author0_.entity_id as entity_i1_3_,
        author0_.analytics_id as analytic3_3_,
        author0_.name as name2_3_ 
    from
        author author0_
Hibernate: 
    select
        articleana0_.analytics_id as analytic1_1_,
        articleana0_.bias as bias2_1_,
        articleana0_.engagement_rate as engageme3_1_,
        articleana0_.likes as likes4_1_,
        articleana0_.shares as shares5_1_,
        articleana0_.views as views6_1_ 
    from
        article_analytics articleana0_
Hibernate: 
    select
        newspapera0_.analytics_id as analytic1_7_,
        newspapera0_.bias as bias2_7_,
        newspapera0_.engagement_rate as engageme3_7_,
        newspapera0_.likes as likes4_7_,
        newspapera0_.shares as shares5_7_,
        newspapera0_.views as views6_7_ 
    from
        newspaper_analytics newspapera0_
Hibernate: 
    select
        owneranaly0_.analytics_id as analytic1_10_,
        owneranaly0_.bias as bias2_10_,
        owneranaly0_.engagement_rate as engageme3_10_,
        owneranaly0_.likes as likes4_10_,
        owneranaly0_.shares as shares5_10_,
        owneranaly0_.views as views6_10_ 
    from
        owner_analytics owneranaly0_
Hibernate: 
    select
        topicanaly0_.analytics_id as analytic1_16_,
        topicanaly0_.bias as bias2_16_,
        topicanaly0_.engagement_rate as engageme3_16_,
        topicanaly0_.likes as likes4_16_,
        topicanaly0_.shares as shares5_16_,
        topicanaly0_.views as views6_16_ 
    from
        topic_analytics topicanaly0_
Hibernate: 
    delete 
    from
        topic_analytics 
    where
        analytics_id=?
Hibernate: 
    select
        publishera0_.analytics_id as analytic1_13_,
        publishera0_.bias as bias2_13_,
        publishera0_.engagement_rate as engageme3_13_,
        publishera0_.likes as likes4_13_,
        publishera0_.shares as shares5_13_,
        publishera0_.views as views6_13_ 
    from
        publisher_analytics publishera0_
Hibernate: 
    select
        authoranal0_.analytics_id as analytic1_4_,
        authoranal0_.bias as bias2_4_,
        authoranal0_.engagement_rate as engageme3_4_,
        authoranal0_.likes as likes4_4_,
        authoranal0_.shares as shares5_4_,
        authoranal0_.views as views6_4_ 
    from
        author_analytics authoranal0_
Hibernate: 
    insert 
    into
        topic_analytics
        (bias, engagement_rate, likes, shares, views) 
    values
        (?, ?, ?, ?, ?)
Hibernate: 
    insert 
    into
        topic
        (analytics_id, name) 
    values
        (?, ?)
Hibernate: 
    select
        topic0_.entity_id as entity_i1_15_,
        topic0_.analytics_id as analytic3_15_,
        topic0_.name as name2_15_ 
    from
        topic topic0_ 
    where
        topic0_.name=?
Hibernate: 
    select
        topicanaly0_.analytics_id as analytic1_16_0_,
        topicanaly0_.bias as bias2_16_0_,
        topicanaly0_.engagement_rate as engageme3_16_0_,
        topicanaly0_.likes as likes4_16_0_,
        topicanaly0_.shares as shares5_16_0_,
        topicanaly0_.views as views6_16_0_ 
    from
        topic_analytics topicanaly0_ 
    where
        topicanaly0_.analytics_id=?
]]></system-out>
  <system-err><![CDATA[]]></system-err>
</testsuite>
