<?xml version="1.0" encoding="UTF-8"?>
<testsuite name="ssd.DatabaseConnectionTest" tests="2" skipped="0" failures="0" errors="0" timestamp="2024-08-13T15:29:14" hostname="COMMODORE" time="0.007">
  <properties/>
  <testcase name="testDatabaseConnection()" classname="ssd.DatabaseConnectionTest" time="0.002"/>
  <testcase name="testJdbcTemplate()" classname="ssd.DatabaseConnectionTest" time="0.004"/>
  <system-out><![CDATA[2024-08-13 17:29:14.609  INFO 890376 --- [    Test worker] .b.t.c.SpringBootTestContextBootstrapper : Neither @ContextConfiguration nor @ContextHierarchy found for test class [ssd.DatabaseConnectionTest], using SpringBootContextLoader
2024-08-13 17:29:14.609  INFO 890376 --- [    Test worker] o.s.t.c.support.AbstractContextLoader    : Could not detect default resource locations for test class [ssd.DatabaseConnectionTest]: no resource found for suffixes {-context.xml, Context.groovy}.
2024-08-13 17:29:14.609  INFO 890376 --- [    Test worker] t.c.s.AnnotationConfigContextLoaderUtils : Could not detect default configuration classes for test class [ssd.DatabaseConnectionTest]: DatabaseConnectionTest does not declare any static, non-private, non-final, nested classes annotated with @Configuration.
2024-08-13 17:29:14.610  INFO 890376 --- [    Test worker] .b.t.c.SpringBootTestContextBootstrapper : Found @SpringBootConfiguration ssd.SSDApplication for test class ssd.DatabaseConnectionTest
2024-08-13 17:29:14.610  INFO 890376 --- [    Test worker] .b.t.c.SpringBootTestContextBootstrapper : Loaded default TestExecutionListener class names from location [META-INF/spring.factories]: [org.springframework.boot.test.autoconfigure.restdocs.RestDocsTestExecutionListener, org.springframework.boot.test.autoconfigure.web.client.MockRestServiceServerResetTestExecutionListener, org.springframework.boot.test.autoconfigure.web.servlet.MockMvcPrintOnlyOnFailureTestExecutionListener, org.springframework.boot.test.autoconfigure.web.servlet.WebDriverTestExecutionListener, org.springframework.boot.test.autoconfigure.webservices.client.MockWebServiceServerTestExecutionListener, org.springframework.boot.test.mock.mockito.MockitoTestExecutionListener, org.springframework.boot.test.mock.mockito.ResetMocksTestExecutionListener, org.springframework.test.context.web.ServletTestExecutionListener, org.springframework.test.context.support.DirtiesContextBeforeModesTestExecutionListener, org.springframework.test.context.event.ApplicationEventsTestExecutionListener, org.springframework.test.context.support.DependencyInjectionTestExecutionListener, org.springframework.test.context.support.DirtiesContextTestExecutionListener, org.springframework.test.context.transaction.TransactionalTestExecutionListener, org.springframework.test.context.jdbc.SqlScriptsTestExecutionListener, org.springframework.test.context.event.EventPublishingTestExecutionListener]
2024-08-13 17:29:14.611  INFO 890376 --- [    Test worker] .b.t.c.SpringBootTestContextBootstrapper : Using TestExecutionListeners: [org.springframework.test.context.web.ServletTestExecutionListener@15c0a8ad, org.springframework.test.context.support.DirtiesContextBeforeModesTestExecutionListener@10bf2185, org.springframework.test.context.event.ApplicationEventsTestExecutionListener@14c06f50, org.springframework.boot.test.mock.mockito.MockitoTestExecutionListener@6230a15a, org.springframework.boot.test.autoconfigure.SpringBootDependencyInjectionTestExecutionListener@7225f871, org.springframework.test.context.support.DirtiesContextTestExecutionListener@1bff4cb9, org.springframework.test.context.transaction.TransactionalTestExecutionListener@c521a79, org.springframework.test.context.jdbc.SqlScriptsTestExecutionListener@6b0f50d8, org.springframework.test.context.event.EventPublishingTestExecutionListener@36b4cbb8, org.springframework.boot.test.autoconfigure.restdocs.RestDocsTestExecutionListener@57cfd353, org.springframework.boot.test.autoconfigure.web.client.MockRestServiceServerResetTestExecutionListener@4bd29a01, org.springframework.boot.test.autoconfigure.web.servlet.MockMvcPrintOnlyOnFailureTestExecutionListener@5a4a8a33, org.springframework.boot.test.autoconfigure.web.servlet.WebDriverTestExecutionListener@4a3363c9, org.springframework.boot.test.autoconfigure.webservices.client.MockWebServiceServerTestExecutionListener@63cf6497, org.springframework.boot.test.mock.mockito.ResetMocksTestExecutionListener@3c12f87d]
]]></system-out>
  <system-err><![CDATA[]]></system-err>
</testsuite>
