<?xml version="1.0" encoding="UTF-8"?>
<testsuite name="ssd.DatabaseConnectionTest" tests="2" skipped="0" failures="0" errors="0" timestamp="2024-08-12T15:24:42" hostname="COMMODORE" time="0.142">
  <properties/>
  <testcase name="testDatabaseConnection()" classname="ssd.DatabaseConnectionTest" time="0.134"/>
  <testcase name="testJdbcTemplate()" classname="ssd.DatabaseConnectionTest" time="0.006"/>
  <system-out><![CDATA[17:24:39.476 [Test worker] DEBUG org.springframework.test.context.BootstrapUtils - Instantiating CacheAwareContextLoaderDelegate from class [org.springframework.test.context.cache.DefaultCacheAwareContextLoaderDelegate]
17:24:39.482 [Test worker] DEBUG org.springframework.test.context.BootstrapUtils - Instantiating BootstrapContext using constructor [public org.springframework.test.context.support.DefaultBootstrapContext(java.lang.Class,org.springframework.test.context.CacheAwareContextLoaderDelegate)]
17:24:39.499 [Test worker] DEBUG org.springframework.test.context.BootstrapUtils - Instantiating TestContextBootstrapper for test class [ssd.DatabaseConnectionTest] from class [org.springframework.boot.test.context.SpringBootTestContextBootstrapper]
17:24:39.505 [Test worker] INFO org.springframework.boot.test.context.SpringBootTestContextBootstrapper - Neither @ContextConfiguration nor @ContextHierarchy found for test class [ssd.DatabaseConnectionTest], using SpringBootContextLoader
17:24:39.507 [Test worker] DEBUG org.springframework.test.context.support.AbstractContextLoader - Did not detect default resource location for test class [ssd.DatabaseConnectionTest]: class path resource [ssd/DatabaseConnectionTest-context.xml] does not exist
17:24:39.507 [Test worker] DEBUG org.springframework.test.context.support.AbstractContextLoader - Did not detect default resource location for test class [ssd.DatabaseConnectionTest]: class path resource [ssd/DatabaseConnectionTestContext.groovy] does not exist
17:24:39.507 [Test worker] INFO org.springframework.test.context.support.AbstractContextLoader - Could not detect default resource locations for test class [ssd.DatabaseConnectionTest]: no resource found for suffixes {-context.xml, Context.groovy}.
17:24:39.507 [Test worker] INFO org.springframework.test.context.support.AnnotationConfigContextLoaderUtils - Could not detect default configuration classes for test class [ssd.DatabaseConnectionTest]: DatabaseConnectionTest does not declare any static, non-private, non-final, nested classes annotated with @Configuration.
17:24:39.526 [Test worker] DEBUG org.springframework.test.context.support.ActiveProfilesUtils - Could not find an 'annotation declaring class' for annotation type [org.springframework.test.context.ActiveProfiles] and class [ssd.DatabaseConnectionTest]
17:24:39.560 [Test worker] DEBUG org.springframework.context.annotation.ClassPathScanningCandidateComponentProvider - Identified candidate component class: file [/home/david/SSDProjects/SSD_News_Analytics/ssdNewsAnalyticsModuleJava/build/classes/java/main/ssd/SSDApplication.class]
17:24:39.560 [Test worker] INFO org.springframework.boot.test.context.SpringBootTestContextBootstrapper - Found @SpringBootConfiguration ssd.SSDApplication for test class ssd.DatabaseConnectionTest
17:24:39.604 [Test worker] DEBUG org.springframework.boot.test.context.SpringBootTestContextBootstrapper - @TestExecutionListeners is not present for class [ssd.DatabaseConnectionTest]: using defaults.
17:24:39.605 [Test worker] INFO org.springframework.boot.test.context.SpringBootTestContextBootstrapper - Loaded default TestExecutionListener class names from location [META-INF/spring.factories]: [org.springframework.boot.test.autoconfigure.restdocs.RestDocsTestExecutionListener, org.springframework.boot.test.autoconfigure.web.client.MockRestServiceServerResetTestExecutionListener, org.springframework.boot.test.autoconfigure.web.servlet.MockMvcPrintOnlyOnFailureTestExecutionListener, org.springframework.boot.test.autoconfigure.web.servlet.WebDriverTestExecutionListener, org.springframework.boot.test.autoconfigure.webservices.client.MockWebServiceServerTestExecutionListener, org.springframework.boot.test.mock.mockito.MockitoTestExecutionListener, org.springframework.boot.test.mock.mockito.ResetMocksTestExecutionListener, org.springframework.test.context.web.ServletTestExecutionListener, org.springframework.test.context.support.DirtiesContextBeforeModesTestExecutionListener, org.springframework.test.context.event.ApplicationEventsTestExecutionListener, org.springframework.test.context.support.DependencyInjectionTestExecutionListener, org.springframework.test.context.support.DirtiesContextTestExecutionListener, org.springframework.test.context.transaction.TransactionalTestExecutionListener, org.springframework.test.context.jdbc.SqlScriptsTestExecutionListener, org.springframework.test.context.event.EventPublishingTestExecutionListener]
17:24:39.612 [Test worker] INFO org.springframework.boot.test.context.SpringBootTestContextBootstrapper - Using TestExecutionListeners: [org.springframework.test.context.web.ServletTestExecutionListener@4f071df8, org.springframework.test.context.support.DirtiesContextBeforeModesTestExecutionListener@4de41af9, org.springframework.test.context.event.ApplicationEventsTestExecutionListener@56ace400, org.springframework.boot.test.mock.mockito.MockitoTestExecutionListener@47404bea, org.springframework.boot.test.autoconfigure.SpringBootDependencyInjectionTestExecutionListener@305f7627, org.springframework.test.context.support.DirtiesContextTestExecutionListener@5d018107, org.springframework.test.context.transaction.TransactionalTestExecutionListener@6cbcf243, org.springframework.test.context.jdbc.SqlScriptsTestExecutionListener@29e6eb25, org.springframework.test.context.event.EventPublishingTestExecutionListener@62435e70, org.springframework.boot.test.autoconfigure.restdocs.RestDocsTestExecutionListener@339bf286, org.springframework.boot.test.autoconfigure.web.client.MockRestServiceServerResetTestExecutionListener@38be305c, org.springframework.boot.test.autoconfigure.web.servlet.MockMvcPrintOnlyOnFailureTestExecutionListener@269f4bad, org.springframework.boot.test.autoconfigure.web.servlet.WebDriverTestExecutionListener@5ed731d0, org.springframework.boot.test.autoconfigure.webservices.client.MockWebServiceServerTestExecutionListener@3234f74e, org.springframework.boot.test.mock.mockito.ResetMocksTestExecutionListener@7bc10d84]
17:24:39.614 [Test worker] DEBUG org.springframework.test.context.support.AbstractDirtiesContextTestExecutionListener - Before test class: context [DefaultTestContext@61bcd567 testClass = DatabaseConnectionTest, testInstance = [null], testMethod = [null], testException = [null], mergedContextConfiguration = [WebMergedContextConfiguration@1c80e49b testClass = DatabaseConnectionTest, locations = '{}', classes = '{class ssd.SSDApplication}', contextInitializerClasses = '[]', activeProfiles = '{}', propertySourceLocations = '{}', propertySourceProperties = '{org.springframework.boot.test.context.SpringBootTestContextBootstrapper=true}', contextCustomizers = set[org.springframework.boot.test.autoconfigure.actuate.metrics.MetricsExportContextCustomizerFactory$DisableMetricExportContextCustomizer@21337f7b, org.springframework.boot.test.autoconfigure.properties.PropertyMappingContextCustomizer@0, org.springframework.boot.test.autoconfigure.web.servlet.WebDriverContextCustomizerFactory$Customizer@1e461e41, org.springframework.boot.test.context.filter.ExcludeFilterContextCustomizer@9ebe38b, org.springframework.boot.test.json.DuplicateJsonObjectContextCustomizerFactory$DuplicateJsonObjectContextCustomizer@332796d3, org.springframework.boot.test.mock.mockito.MockitoContextCustomizer@0, org.springframework.boot.test.web.client.TestRestTemplateContextCustomizer@32c726ee, org.springframework.boot.test.context.SpringBootTestArgs@1, org.springframework.boot.test.context.SpringBootTestWebEnvironment@687e99d8], resourceBasePath = 'src/main/webapp', contextLoader = 'org.springframework.boot.test.context.SpringBootContextLoader', parent = [null]], attributes = map['org.springframework.test.context.web.ServletTestExecutionListener.activateListener' -> false]], class annotated with @DirtiesContext [false] with mode [null].
17:24:39.620 [Test worker] DEBUG org.springframework.test.context.support.DependencyInjectionTestExecutionListener - Performing dependency injection for test context [[DefaultTestContext@61bcd567 testClass = DatabaseConnectionTest, testInstance = ssd.DatabaseConnectionTest@2c3dec30, testMethod = [null], testException = [null], mergedContextConfiguration = [WebMergedContextConfiguration@1c80e49b testClass = DatabaseConnectionTest, locations = '{}', classes = '{class ssd.SSDApplication}', contextInitializerClasses = '[]', activeProfiles = '{}', propertySourceLocations = '{}', propertySourceProperties = '{org.springframework.boot.test.context.SpringBootTestContextBootstrapper=true}', contextCustomizers = set[org.springframework.boot.test.autoconfigure.actuate.metrics.MetricsExportContextCustomizerFactory$DisableMetricExportContextCustomizer@21337f7b, org.springframework.boot.test.autoconfigure.properties.PropertyMappingContextCustomizer@0, org.springframework.boot.test.autoconfigure.web.servlet.WebDriverContextCustomizerFactory$Customizer@1e461e41, org.springframework.boot.test.context.filter.ExcludeFilterContextCustomizer@9ebe38b, org.springframework.boot.test.json.DuplicateJsonObjectContextCustomizerFactory$DuplicateJsonObjectContextCustomizer@332796d3, org.springframework.boot.test.mock.mockito.MockitoContextCustomizer@0, org.springframework.boot.test.web.client.TestRestTemplateContextCustomizer@32c726ee, org.springframework.boot.test.context.SpringBootTestArgs@1, org.springframework.boot.test.context.SpringBootTestWebEnvironment@687e99d8], resourceBasePath = 'src/main/webapp', contextLoader = 'org.springframework.boot.test.context.SpringBootContextLoader', parent = [null]], attributes = map['org.springframework.test.context.web.ServletTestExecutionListener.activateListener' -> false, 'org.springframework.test.context.event.ApplicationEventsTestExecutionListener.recordApplicationEvents' -> false]]].

  .   ____          _            __ _ _
 /\\ / ___'_ __ _ _(_)_ __  __ _ \ \ \ \
( ( )\___ | '_ | '_| | '_ \/ _` | \ \ \ \
 \\/  ___)| |_)| | | | | || (_| |  ) ) ) )
  '  |____| .__|_| |_|_| |_\__, | / / / /
 =========|_|==============|___/=/_/_/_/
 :: Spring Boot ::                (v2.7.8)

2024-08-12 17:24:39.787  INFO 322418 --- [    Test worker] ssd.DatabaseConnectionTest               : Starting DatabaseConnectionTest using Java 17.0.10 on COMMODORE with PID 322418 (started by david in /home/david/SSDProjects/SSD_News_Analytics/ssdNewsAnalyticsModuleJava)
2024-08-12 17:24:39.788  INFO 322418 --- [    Test worker] ssd.DatabaseConnectionTest               : No active profile set, falling back to 1 default profile: "default"
2024-08-12 17:24:40.140  INFO 322418 --- [    Test worker] .s.d.r.c.RepositoryConfigurationDelegate : Bootstrapping Spring Data JPA repositories in DEFAULT mode.
2024-08-12 17:24:40.205  INFO 322418 --- [    Test worker] .s.d.r.c.RepositoryConfigurationDelegate : Finished Spring Data repository scanning in 50 ms. Found 12 JPA repository interfaces.
2024-08-12 17:24:40.648  INFO 322418 --- [    Test worker] o.s.b.w.embedded.tomcat.TomcatWebServer  : Tomcat initialized with port(s): 8080 (http)
2024-08-12 17:24:40.655  INFO 322418 --- [    Test worker] o.apache.catalina.core.StandardService   : Starting service [Tomcat]
2024-08-12 17:24:40.656  INFO 322418 --- [    Test worker] org.apache.catalina.core.StandardEngine  : Starting Servlet engine: [Apache Tomcat/9.0.71]
2024-08-12 17:24:40.723  INFO 322418 --- [    Test worker] o.a.c.c.C.[Tomcat].[localhost].[/]       : Initializing Spring embedded WebApplicationContext
2024-08-12 17:24:40.724  INFO 322418 --- [    Test worker] w.s.c.ServletWebServerApplicationContext : Root WebApplicationContext: initialization completed in 924 ms
2024-08-12 17:24:40.893  INFO 322418 --- [    Test worker] o.hibernate.jpa.internal.util.LogHelper  : HHH000204: Processing PersistenceUnitInfo [name: default]
2024-08-12 17:24:40.926  INFO 322418 --- [    Test worker] org.hibernate.Version                    : HHH000412: Hibernate ORM core version 5.6.14.Final
2024-08-12 17:24:41.039  INFO 322418 --- [    Test worker] o.hibernate.annotations.common.Version   : HCANN000001: Hibernate Commons Annotations {5.1.2.Final}
2024-08-12 17:24:41.106  INFO 322418 --- [    Test worker] com.zaxxer.hikari.HikariDataSource       : HikariPool-1 - Starting...
2024-08-12 17:24:41.218  INFO 322418 --- [    Test worker] com.zaxxer.hikari.HikariDataSource       : HikariPool-1 - Start completed.
2024-08-12 17:24:41.228  INFO 322418 --- [    Test worker] org.hibernate.dialect.Dialect            : HHH000400: Using dialect: org.hibernate.dialect.PostgreSQLDialect
2024-08-12 17:24:41.728  INFO 322418 --- [    Test worker] o.h.e.t.j.p.i.JtaPlatformInitiator       : HHH000490: Using JtaPlatform implementation: [org.hibernate.engine.transaction.jta.platform.internal.NoJtaPlatform]
2024-08-12 17:24:41.733  INFO 322418 --- [    Test worker] j.LocalContainerEntityManagerFactoryBean : Initialized JPA EntityManagerFactory for persistence unit 'default'
2024-08-12 17:24:42.256  WARN 322418 --- [    Test worker] JpaBaseConfiguration$JpaWebConfiguration : spring.jpa.open-in-view is enabled by default. Therefore, database queries may be performed during view rendering. Explicitly configure spring.jpa.open-in-view to disable this warning
2024-08-12 17:24:42.678  INFO 322418 --- [    Test worker] o.s.b.w.embedded.tomcat.TomcatWebServer  : Tomcat started on port(s): 8080 (http) with context path ''
2024-08-12 17:24:42.686  INFO 322418 --- [    Test worker] ssd.DatabaseConnectionTest               : Started DatabaseConnectionTest in 3.052 seconds (JVM running for 3.626)
Hibernate: 
    insert 
    into
        author_analytics
        (bias, engagement_rate, likes, shares, views) 
    values
        (?, ?, ?, ?, ?)
Hibernate: 
    insert 
    into
        publisher_analytics
        (bias, engagement_rate, likes, shares, views) 
    values
        (?, ?, ?, ?, ?)
Hibernate: 
    insert 
    into
        topic_analytics
        (bias, engagement_rate, likes, shares, views) 
    values
        (?, ?, ?, ?, ?)
Hibernate: 
    insert 
    into
        owner_analytics
        (bias, engagement_rate, likes, shares, views) 
    values
        (?, ?, ?, ?, ?)
Hibernate: 
    insert 
    into
        newspaper_analytics
        (bias, engagement_rate, likes, shares, views) 
    values
        (?, ?, ?, ?, ?)
Hibernate: 
    insert 
    into
        article_analytics
        (bias, engagement_rate, likes, shares, views) 
    values
        (?, ?, ?, ?, ?)
Hibernate: 
    insert 
    into
        author
        (analytics_id, name) 
    values
        (?, ?)
Hibernate: 
    insert 
    into
        publisher
        (analytics_id, name) 
    values
        (?, ?)
Hibernate: 
    insert 
    into
        topic
        (analytics_id, name) 
    values
        (?, ?)
Hibernate: 
    insert 
    into
        owner
        (analytics_id, name) 
    values
        (?, ?)
Hibernate: 
    insert 
    into
        newspaper
        (analytics_id, name) 
    values
        (?, ?)
Hibernate: 
    insert 
    into
        article
        (analytics_id, name, author_id, content, newspaper_id, owner_id, publisher_id, topic_id) 
    values
        (?, ?, ?, ?, ?, ?, ?, ?)
]]></system-out>
  <system-err><![CDATA[]]></system-err>
</testsuite>
