<?xml version="1.0" encoding="UTF-8"?>
<testsuite name="ssd.Entities.Author.AuthorControllerTest" tests="8" skipped="0" failures="0" errors="0" timestamp="2024-08-12T15:24:43" hostname="COMMODORE" time="0.259">
  <properties/>
  <testcase name="testGetAllAuthors()" classname="ssd.Entities.Author.AuthorControllerTest" time="0.055"/>
  <testcase name="testGetAuthorsByName_notFound()" classname="ssd.Entities.Author.AuthorControllerTest" time="0.023"/>
  <testcase name="testGetPopularAuthors()" classname="ssd.Entities.Author.AuthorControllerTest" time="0.031"/>
  <testcase name="testGetAuthorsByName()" classname="ssd.Entities.Author.AuthorControllerTest" time="0.03"/>
  <testcase name="testGetAuthorById()" classname="ssd.Entities.Author.AuthorControllerTest" time="0.027"/>
  <testcase name="testGetAuthorById_notFound()" classname="ssd.Entities.Author.AuthorControllerTest" time="0.028"/>
  <testcase name="testGetAllAuthors_emptyDatabase()" classname="ssd.Entities.Author.AuthorControllerTest" time="0.033"/>
  <testcase name="testGetPopularAuthors_noContent()" classname="ssd.Entities.Author.AuthorControllerTest" time="0.023"/>
  <system-out><![CDATA[2024-08-12 17:24:43.626  INFO 322418 --- [    Test worker] .b.t.c.SpringBootTestContextBootstrapper : Neither @ContextConfiguration nor @ContextHierarchy found for test class [ssd.Entities.Author.AuthorControllerTest], using SpringBootContextLoader
2024-08-12 17:24:43.627  INFO 322418 --- [    Test worker] o.s.t.c.support.AbstractContextLoader    : Could not detect default resource locations for test class [ssd.Entities.Author.AuthorControllerTest]: no resource found for suffixes {-context.xml, Context.groovy}.
2024-08-12 17:24:43.627  INFO 322418 --- [    Test worker] t.c.s.AnnotationConfigContextLoaderUtils : Could not detect default configuration classes for test class [ssd.Entities.Author.AuthorControllerTest]: AuthorControllerTest does not declare any static, non-private, non-final, nested classes annotated with @Configuration.
2024-08-12 17:24:43.631  INFO 322418 --- [    Test worker] .b.t.c.SpringBootTestContextBootstrapper : Found @SpringBootConfiguration ssd.SSDApplication for test class ssd.Entities.Author.AuthorControllerTest
2024-08-12 17:24:43.633  INFO 322418 --- [    Test worker] .b.t.c.SpringBootTestContextBootstrapper : Loaded default TestExecutionListener class names from location [META-INF/spring.factories]: [org.springframework.boot.test.autoconfigure.restdocs.RestDocsTestExecutionListener, org.springframework.boot.test.autoconfigure.web.client.MockRestServiceServerResetTestExecutionListener, org.springframework.boot.test.autoconfigure.web.servlet.MockMvcPrintOnlyOnFailureTestExecutionListener, org.springframework.boot.test.autoconfigure.web.servlet.WebDriverTestExecutionListener, org.springframework.boot.test.autoconfigure.webservices.client.MockWebServiceServerTestExecutionListener, org.springframework.boot.test.mock.mockito.MockitoTestExecutionListener, org.springframework.boot.test.mock.mockito.ResetMocksTestExecutionListener, org.springframework.test.context.web.ServletTestExecutionListener, org.springframework.test.context.support.DirtiesContextBeforeModesTestExecutionListener, org.springframework.test.context.event.ApplicationEventsTestExecutionListener, org.springframework.test.context.support.DependencyInjectionTestExecutionListener, org.springframework.test.context.support.DirtiesContextTestExecutionListener, org.springframework.test.context.transaction.TransactionalTestExecutionListener, org.springframework.test.context.jdbc.SqlScriptsTestExecutionListener, org.springframework.test.context.event.EventPublishingTestExecutionListener]
2024-08-12 17:24:43.633  INFO 322418 --- [    Test worker] .b.t.c.SpringBootTestContextBootstrapper : Using TestExecutionListeners: [org.springframework.test.context.web.ServletTestExecutionListener@5122387, org.springframework.test.context.support.DirtiesContextBeforeModesTestExecutionListener@9abbe39, org.springframework.test.context.event.ApplicationEventsTestExecutionListener@11b234aa, org.springframework.boot.test.mock.mockito.MockitoTestExecutionListener@1455a374, org.springframework.boot.test.autoconfigure.SpringBootDependencyInjectionTestExecutionListener@cfb462, org.springframework.test.context.support.DirtiesContextTestExecutionListener@54418834, org.springframework.test.context.transaction.TransactionalTestExecutionListener@54d6f172, org.springframework.test.context.jdbc.SqlScriptsTestExecutionListener@6d21a69f, org.springframework.test.context.event.EventPublishingTestExecutionListener@10b063fd, org.springframework.boot.test.autoconfigure.restdocs.RestDocsTestExecutionListener@48e859f7, org.springframework.boot.test.autoconfigure.web.client.MockRestServiceServerResetTestExecutionListener@2bd67cf9, org.springframework.boot.test.autoconfigure.web.servlet.MockMvcPrintOnlyOnFailureTestExecutionListener@4ba32242, org.springframework.boot.test.autoconfigure.web.servlet.WebDriverTestExecutionListener@581f1f40, org.springframework.boot.test.autoconfigure.webservices.client.MockWebServiceServerTestExecutionListener@52b2c255, org.springframework.boot.test.mock.mockito.ResetMocksTestExecutionListener@4a9b4d4e]
Hibernate: 
    select
        article0_.entity_id as entity_i1_0_,
        article0_.analytics_id as analytic4_0_,
        article0_.name as name2_0_,
        article0_.author_id as author_i5_0_,
        article0_.content as content3_0_,
        article0_.newspaper_id as newspape6_0_,
        article0_.owner_id as owner_id7_0_,
        article0_.publisher_id as publishe8_0_,
        article0_.topic_id as topic_id9_0_ 
    from
        article article0_
Hibernate: 
    select
        newspaper0_.entity_id as entity_i1_4_,
        newspaper0_.analytics_id as analytic3_4_,
        newspaper0_.name as name2_4_ 
    from
        newspaper newspaper0_
Hibernate: 
    select
        newspapera0_.analytics_id as analytic1_5_0_,
        newspapera0_.bias as bias2_5_0_,
        newspapera0_.engagement_rate as engageme3_5_0_,
        newspapera0_.likes as likes4_5_0_,
        newspapera0_.shares as shares5_5_0_,
        newspapera0_.views as views6_5_0_ 
    from
        newspaper_analytics newspapera0_ 
    where
        newspapera0_.analytics_id=?
Hibernate: 
    delete 
    from
        newspaper 
    where
        entity_id=?
Hibernate: 
    select
        owner0_.entity_id as entity_i1_6_,
        owner0_.analytics_id as analytic3_6_,
        owner0_.name as name2_6_ 
    from
        owner owner0_
Hibernate: 
    select
        owneranaly0_.analytics_id as analytic1_7_0_,
        owneranaly0_.bias as bias2_7_0_,
        owneranaly0_.engagement_rate as engageme3_7_0_,
        owneranaly0_.likes as likes4_7_0_,
        owneranaly0_.shares as shares5_7_0_,
        owneranaly0_.views as views6_7_0_ 
    from
        owner_analytics owneranaly0_ 
    where
        owneranaly0_.analytics_id=?
Hibernate: 
    delete 
    from
        owner 
    where
        entity_id=?
Hibernate: 
    select
        topic0_.entity_id as entity_i1_10_,
        topic0_.analytics_id as analytic3_10_,
        topic0_.name as name2_10_ 
    from
        topic topic0_
Hibernate: 
    select
        topicanaly0_.analytics_id as analytic1_11_0_,
        topicanaly0_.bias as bias2_11_0_,
        topicanaly0_.engagement_rate as engageme3_11_0_,
        topicanaly0_.likes as likes4_11_0_,
        topicanaly0_.shares as shares5_11_0_,
        topicanaly0_.views as views6_11_0_ 
    from
        topic_analytics topicanaly0_ 
    where
        topicanaly0_.analytics_id=?
Hibernate: 
    delete 
    from
        topic 
    where
        entity_id=?
Hibernate: 
    select
        publisher0_.entity_id as entity_i1_8_,
        publisher0_.analytics_id as analytic3_8_,
        publisher0_.name as name2_8_ 
    from
        publisher publisher0_
Hibernate: 
    select
        publishera0_.analytics_id as analytic1_9_0_,
        publishera0_.bias as bias2_9_0_,
        publishera0_.engagement_rate as engageme3_9_0_,
        publishera0_.likes as likes4_9_0_,
        publishera0_.shares as shares5_9_0_,
        publishera0_.views as views6_9_0_ 
    from
        publisher_analytics publishera0_ 
    where
        publishera0_.analytics_id=?
Hibernate: 
    delete 
    from
        publisher 
    where
        entity_id=?
Hibernate: 
    select
        author0_.entity_id as entity_i1_2_,
        author0_.analytics_id as analytic3_2_,
        author0_.name as name2_2_ 
    from
        author author0_
Hibernate: 
    select
        authoranal0_.analytics_id as analytic1_3_0_,
        authoranal0_.bias as bias2_3_0_,
        authoranal0_.engagement_rate as engageme3_3_0_,
        authoranal0_.likes as likes4_3_0_,
        authoranal0_.shares as shares5_3_0_,
        authoranal0_.views as views6_3_0_ 
    from
        author_analytics authoranal0_ 
    where
        authoranal0_.analytics_id=?
Hibernate: 
    delete 
    from
        author 
    where
        entity_id=?
Hibernate: 
    select
        articleana0_.analytics_id as analytic1_1_,
        articleana0_.bias as bias2_1_,
        articleana0_.engagement_rate as engageme3_1_,
        articleana0_.likes as likes4_1_,
        articleana0_.shares as shares5_1_,
        articleana0_.views as views6_1_ 
    from
        article_analytics articleana0_
Hibernate: 
    delete 
    from
        article_analytics 
    where
        analytics_id=?
Hibernate: 
    select
        newspapera0_.analytics_id as analytic1_5_,
        newspapera0_.bias as bias2_5_,
        newspapera0_.engagement_rate as engageme3_5_,
        newspapera0_.likes as likes4_5_,
        newspapera0_.shares as shares5_5_,
        newspapera0_.views as views6_5_ 
    from
        newspaper_analytics newspapera0_
Hibernate: 
    delete 
    from
        newspaper_analytics 
    where
        analytics_id=?
Hibernate: 
    select
        owneranaly0_.analytics_id as analytic1_7_,
        owneranaly0_.bias as bias2_7_,
        owneranaly0_.engagement_rate as engageme3_7_,
        owneranaly0_.likes as likes4_7_,
        owneranaly0_.shares as shares5_7_,
        owneranaly0_.views as views6_7_ 
    from
        owner_analytics owneranaly0_
Hibernate: 
    delete 
    from
        owner_analytics 
    where
        analytics_id=?
Hibernate: 
    select
        topicanaly0_.analytics_id as analytic1_11_,
        topicanaly0_.bias as bias2_11_,
        topicanaly0_.engagement_rate as engageme3_11_,
        topicanaly0_.likes as likes4_11_,
        topicanaly0_.shares as shares5_11_,
        topicanaly0_.views as views6_11_ 
    from
        topic_analytics topicanaly0_
Hibernate: 
    delete 
    from
        topic_analytics 
    where
        analytics_id=?
Hibernate: 
    select
        publishera0_.analytics_id as analytic1_9_,
        publishera0_.bias as bias2_9_,
        publishera0_.engagement_rate as engageme3_9_,
        publishera0_.likes as likes4_9_,
        publishera0_.shares as shares5_9_,
        publishera0_.views as views6_9_ 
    from
        publisher_analytics publishera0_
Hibernate: 
    delete 
    from
        publisher_analytics 
    where
        analytics_id=?
Hibernate: 
    select
        authoranal0_.analytics_id as analytic1_3_,
        authoranal0_.bias as bias2_3_,
        authoranal0_.engagement_rate as engageme3_3_,
        authoranal0_.likes as likes4_3_,
        authoranal0_.shares as shares5_3_,
        authoranal0_.views as views6_3_ 
    from
        author_analytics authoranal0_
Hibernate: 
    delete 
    from
        author_analytics 
    where
        analytics_id=?
Hibernate: 
    insert 
    into
        author_analytics
        (bias, engagement_rate, likes, shares, views) 
    values
        (?, ?, ?, ?, ?)
Hibernate: 
    insert 
    into
        author
        (analytics_id, name) 
    values
        (?, ?)
Hibernate: 
    select
        author0_.entity_id as entity_i1_2_,
        author0_.analytics_id as analytic3_2_,
        author0_.name as name2_2_ 
    from
        author author0_
Hibernate: 
    select
        authoranal0_.analytics_id as analytic1_3_0_,
        authoranal0_.bias as bias2_3_0_,
        authoranal0_.engagement_rate as engageme3_3_0_,
        authoranal0_.likes as likes4_3_0_,
        authoranal0_.shares as shares5_3_0_,
        authoranal0_.views as views6_3_0_ 
    from
        author_analytics authoranal0_ 
    where
        authoranal0_.analytics_id=?
Hibernate: 
    select
        article0_.entity_id as entity_i1_0_,
        article0_.analytics_id as analytic4_0_,
        article0_.name as name2_0_,
        article0_.author_id as author_i5_0_,
        article0_.content as content3_0_,
        article0_.newspaper_id as newspape6_0_,
        article0_.owner_id as owner_id7_0_,
        article0_.publisher_id as publishe8_0_,
        article0_.topic_id as topic_id9_0_ 
    from
        article article0_
Hibernate: 
    select
        newspaper0_.entity_id as entity_i1_4_,
        newspaper0_.analytics_id as analytic3_4_,
        newspaper0_.name as name2_4_ 
    from
        newspaper newspaper0_
Hibernate: 
    select
        owner0_.entity_id as entity_i1_6_,
        owner0_.analytics_id as analytic3_6_,
        owner0_.name as name2_6_ 
    from
        owner owner0_
Hibernate: 
    select
        topic0_.entity_id as entity_i1_10_,
        topic0_.analytics_id as analytic3_10_,
        topic0_.name as name2_10_ 
    from
        topic topic0_
Hibernate: 
    select
        publisher0_.entity_id as entity_i1_8_,
        publisher0_.analytics_id as analytic3_8_,
        publisher0_.name as name2_8_ 
    from
        publisher publisher0_
Hibernate: 
    select
        author0_.entity_id as entity_i1_2_,
        author0_.analytics_id as analytic3_2_,
        author0_.name as name2_2_ 
    from
        author author0_
Hibernate: 
    select
        authoranal0_.analytics_id as analytic1_3_0_,
        authoranal0_.bias as bias2_3_0_,
        authoranal0_.engagement_rate as engageme3_3_0_,
        authoranal0_.likes as likes4_3_0_,
        authoranal0_.shares as shares5_3_0_,
        authoranal0_.views as views6_3_0_ 
    from
        author_analytics authoranal0_ 
    where
        authoranal0_.analytics_id=?
Hibernate: 
    delete 
    from
        author 
    where
        entity_id=?
Hibernate: 
    select
        articleana0_.analytics_id as analytic1_1_,
        articleana0_.bias as bias2_1_,
        articleana0_.engagement_rate as engageme3_1_,
        articleana0_.likes as likes4_1_,
        articleana0_.shares as shares5_1_,
        articleana0_.views as views6_1_ 
    from
        article_analytics articleana0_
Hibernate: 
    select
        newspapera0_.analytics_id as analytic1_5_,
        newspapera0_.bias as bias2_5_,
        newspapera0_.engagement_rate as engageme3_5_,
        newspapera0_.likes as likes4_5_,
        newspapera0_.shares as shares5_5_,
        newspapera0_.views as views6_5_ 
    from
        newspaper_analytics newspapera0_
Hibernate: 
    select
        owneranaly0_.analytics_id as analytic1_7_,
        owneranaly0_.bias as bias2_7_,
        owneranaly0_.engagement_rate as engageme3_7_,
        owneranaly0_.likes as likes4_7_,
        owneranaly0_.shares as shares5_7_,
        owneranaly0_.views as views6_7_ 
    from
        owner_analytics owneranaly0_
Hibernate: 
    select
        topicanaly0_.analytics_id as analytic1_11_,
        topicanaly0_.bias as bias2_11_,
        topicanaly0_.engagement_rate as engageme3_11_,
        topicanaly0_.likes as likes4_11_,
        topicanaly0_.shares as shares5_11_,
        topicanaly0_.views as views6_11_ 
    from
        topic_analytics topicanaly0_
Hibernate: 
    select
        publishera0_.analytics_id as analytic1_9_,
        publishera0_.bias as bias2_9_,
        publishera0_.engagement_rate as engageme3_9_,
        publishera0_.likes as likes4_9_,
        publishera0_.shares as shares5_9_,
        publishera0_.views as views6_9_ 
    from
        publisher_analytics publishera0_
Hibernate: 
    select
        authoranal0_.analytics_id as analytic1_3_,
        authoranal0_.bias as bias2_3_,
        authoranal0_.engagement_rate as engageme3_3_,
        authoranal0_.likes as likes4_3_,
        authoranal0_.shares as shares5_3_,
        authoranal0_.views as views6_3_ 
    from
        author_analytics authoranal0_
Hibernate: 
    delete 
    from
        author_analytics 
    where
        analytics_id=?
Hibernate: 
    insert 
    into
        author_analytics
        (bias, engagement_rate, likes, shares, views) 
    values
        (?, ?, ?, ?, ?)
Hibernate: 
    insert 
    into
        author
        (analytics_id, name) 
    values
        (?, ?)
Hibernate: 
    select
        author0_.entity_id as entity_i1_2_,
        author0_.analytics_id as analytic3_2_,
        author0_.name as name2_2_ 
    from
        author author0_ 
    where
        author0_.name=?
Hibernate: 
    select
        article0_.entity_id as entity_i1_0_,
        article0_.analytics_id as analytic4_0_,
        article0_.name as name2_0_,
        article0_.author_id as author_i5_0_,
        article0_.content as content3_0_,
        article0_.newspaper_id as newspape6_0_,
        article0_.owner_id as owner_id7_0_,
        article0_.publisher_id as publishe8_0_,
        article0_.topic_id as topic_id9_0_ 
    from
        article article0_
Hibernate: 
    select
        newspaper0_.entity_id as entity_i1_4_,
        newspaper0_.analytics_id as analytic3_4_,
        newspaper0_.name as name2_4_ 
    from
        newspaper newspaper0_
Hibernate: 
    select
        owner0_.entity_id as entity_i1_6_,
        owner0_.analytics_id as analytic3_6_,
        owner0_.name as name2_6_ 
    from
        owner owner0_
Hibernate: 
    select
        topic0_.entity_id as entity_i1_10_,
        topic0_.analytics_id as analytic3_10_,
        topic0_.name as name2_10_ 
    from
        topic topic0_
Hibernate: 
    select
        publisher0_.entity_id as entity_i1_8_,
        publisher0_.analytics_id as analytic3_8_,
        publisher0_.name as name2_8_ 
    from
        publisher publisher0_
Hibernate: 
    select
        author0_.entity_id as entity_i1_2_,
        author0_.analytics_id as analytic3_2_,
        author0_.name as name2_2_ 
    from
        author author0_
Hibernate: 
    select
        authoranal0_.analytics_id as analytic1_3_0_,
        authoranal0_.bias as bias2_3_0_,
        authoranal0_.engagement_rate as engageme3_3_0_,
        authoranal0_.likes as likes4_3_0_,
        authoranal0_.shares as shares5_3_0_,
        authoranal0_.views as views6_3_0_ 
    from
        author_analytics authoranal0_ 
    where
        authoranal0_.analytics_id=?
Hibernate: 
    delete 
    from
        author 
    where
        entity_id=?
Hibernate: 
    select
        articleana0_.analytics_id as analytic1_1_,
        articleana0_.bias as bias2_1_,
        articleana0_.engagement_rate as engageme3_1_,
        articleana0_.likes as likes4_1_,
        articleana0_.shares as shares5_1_,
        articleana0_.views as views6_1_ 
    from
        article_analytics articleana0_
Hibernate: 
    select
        newspapera0_.analytics_id as analytic1_5_,
        newspapera0_.bias as bias2_5_,
        newspapera0_.engagement_rate as engageme3_5_,
        newspapera0_.likes as likes4_5_,
        newspapera0_.shares as shares5_5_,
        newspapera0_.views as views6_5_ 
    from
        newspaper_analytics newspapera0_
Hibernate: 
    select
        owneranaly0_.analytics_id as analytic1_7_,
        owneranaly0_.bias as bias2_7_,
        owneranaly0_.engagement_rate as engageme3_7_,
        owneranaly0_.likes as likes4_7_,
        owneranaly0_.shares as shares5_7_,
        owneranaly0_.views as views6_7_ 
    from
        owner_analytics owneranaly0_
Hibernate: 
    select
        topicanaly0_.analytics_id as analytic1_11_,
        topicanaly0_.bias as bias2_11_,
        topicanaly0_.engagement_rate as engageme3_11_,
        topicanaly0_.likes as likes4_11_,
        topicanaly0_.shares as shares5_11_,
        topicanaly0_.views as views6_11_ 
    from
        topic_analytics topicanaly0_
Hibernate: 
    select
        publishera0_.analytics_id as analytic1_9_,
        publishera0_.bias as bias2_9_,
        publishera0_.engagement_rate as engageme3_9_,
        publishera0_.likes as likes4_9_,
        publishera0_.shares as shares5_9_,
        publishera0_.views as views6_9_ 
    from
        publisher_analytics publishera0_
Hibernate: 
    select
        authoranal0_.analytics_id as analytic1_3_,
        authoranal0_.bias as bias2_3_,
        authoranal0_.engagement_rate as engageme3_3_,
        authoranal0_.likes as likes4_3_,
        authoranal0_.shares as shares5_3_,
        authoranal0_.views as views6_3_ 
    from
        author_analytics authoranal0_
Hibernate: 
    delete 
    from
        author_analytics 
    where
        analytics_id=?
Hibernate: 
    insert 
    into
        author_analytics
        (bias, engagement_rate, likes, shares, views) 
    values
        (?, ?, ?, ?, ?)
Hibernate: 
    insert 
    into
        author
        (analytics_id, name) 
    values
        (?, ?)
Hibernate: 
    select
        author0_.entity_id as entity_i1_2_,
        author0_.analytics_id as analytic3_2_,
        author0_.name as name2_2_ 
    from
        author author0_
Hibernate: 
    select
        authoranal0_.analytics_id as analytic1_3_0_,
        authoranal0_.bias as bias2_3_0_,
        authoranal0_.engagement_rate as engageme3_3_0_,
        authoranal0_.likes as likes4_3_0_,
        authoranal0_.shares as shares5_3_0_,
        authoranal0_.views as views6_3_0_ 
    from
        author_analytics authoranal0_ 
    where
        authoranal0_.analytics_id=?
Hibernate: 
    select
        article0_.entity_id as entity_i1_0_,
        article0_.analytics_id as analytic4_0_,
        article0_.name as name2_0_,
        article0_.author_id as author_i5_0_,
        article0_.content as content3_0_,
        article0_.newspaper_id as newspape6_0_,
        article0_.owner_id as owner_id7_0_,
        article0_.publisher_id as publishe8_0_,
        article0_.topic_id as topic_id9_0_ 
    from
        article article0_
Hibernate: 
    select
        newspaper0_.entity_id as entity_i1_4_,
        newspaper0_.analytics_id as analytic3_4_,
        newspaper0_.name as name2_4_ 
    from
        newspaper newspaper0_
Hibernate: 
    select
        owner0_.entity_id as entity_i1_6_,
        owner0_.analytics_id as analytic3_6_,
        owner0_.name as name2_6_ 
    from
        owner owner0_
Hibernate: 
    select
        topic0_.entity_id as entity_i1_10_,
        topic0_.analytics_id as analytic3_10_,
        topic0_.name as name2_10_ 
    from
        topic topic0_
Hibernate: 
    select
        publisher0_.entity_id as entity_i1_8_,
        publisher0_.analytics_id as analytic3_8_,
        publisher0_.name as name2_8_ 
    from
        publisher publisher0_
Hibernate: 
    select
        author0_.entity_id as entity_i1_2_,
        author0_.analytics_id as analytic3_2_,
        author0_.name as name2_2_ 
    from
        author author0_
Hibernate: 
    select
        authoranal0_.analytics_id as analytic1_3_0_,
        authoranal0_.bias as bias2_3_0_,
        authoranal0_.engagement_rate as engageme3_3_0_,
        authoranal0_.likes as likes4_3_0_,
        authoranal0_.shares as shares5_3_0_,
        authoranal0_.views as views6_3_0_ 
    from
        author_analytics authoranal0_ 
    where
        authoranal0_.analytics_id=?
Hibernate: 
    delete 
    from
        author 
    where
        entity_id=?
Hibernate: 
    select
        articleana0_.analytics_id as analytic1_1_,
        articleana0_.bias as bias2_1_,
        articleana0_.engagement_rate as engageme3_1_,
        articleana0_.likes as likes4_1_,
        articleana0_.shares as shares5_1_,
        articleana0_.views as views6_1_ 
    from
        article_analytics articleana0_
Hibernate: 
    select
        newspapera0_.analytics_id as analytic1_5_,
        newspapera0_.bias as bias2_5_,
        newspapera0_.engagement_rate as engageme3_5_,
        newspapera0_.likes as likes4_5_,
        newspapera0_.shares as shares5_5_,
        newspapera0_.views as views6_5_ 
    from
        newspaper_analytics newspapera0_
Hibernate: 
    select
        owneranaly0_.analytics_id as analytic1_7_,
        owneranaly0_.bias as bias2_7_,
        owneranaly0_.engagement_rate as engageme3_7_,
        owneranaly0_.likes as likes4_7_,
        owneranaly0_.shares as shares5_7_,
        owneranaly0_.views as views6_7_ 
    from
        owner_analytics owneranaly0_
Hibernate: 
    select
        topicanaly0_.analytics_id as analytic1_11_,
        topicanaly0_.bias as bias2_11_,
        topicanaly0_.engagement_rate as engageme3_11_,
        topicanaly0_.likes as likes4_11_,
        topicanaly0_.shares as shares5_11_,
        topicanaly0_.views as views6_11_ 
    from
        topic_analytics topicanaly0_
Hibernate: 
    select
        publishera0_.analytics_id as analytic1_9_,
        publishera0_.bias as bias2_9_,
        publishera0_.engagement_rate as engageme3_9_,
        publishera0_.likes as likes4_9_,
        publishera0_.shares as shares5_9_,
        publishera0_.views as views6_9_ 
    from
        publisher_analytics publishera0_
Hibernate: 
    select
        authoranal0_.analytics_id as analytic1_3_,
        authoranal0_.bias as bias2_3_,
        authoranal0_.engagement_rate as engageme3_3_,
        authoranal0_.likes as likes4_3_,
        authoranal0_.shares as shares5_3_,
        authoranal0_.views as views6_3_ 
    from
        author_analytics authoranal0_
Hibernate: 
    delete 
    from
        author_analytics 
    where
        analytics_id=?
Hibernate: 
    insert 
    into
        author_analytics
        (bias, engagement_rate, likes, shares, views) 
    values
        (?, ?, ?, ?, ?)
Hibernate: 
    insert 
    into
        author
        (analytics_id, name) 
    values
        (?, ?)
Hibernate: 
    select
        author0_.entity_id as entity_i1_2_,
        author0_.analytics_id as analytic3_2_,
        author0_.name as name2_2_ 
    from
        author author0_ 
    where
        author0_.name=?
Hibernate: 
    select
        authoranal0_.analytics_id as analytic1_3_0_,
        authoranal0_.bias as bias2_3_0_,
        authoranal0_.engagement_rate as engageme3_3_0_,
        authoranal0_.likes as likes4_3_0_,
        authoranal0_.shares as shares5_3_0_,
        authoranal0_.views as views6_3_0_ 
    from
        author_analytics authoranal0_ 
    where
        authoranal0_.analytics_id=?
Hibernate: 
    select
        article0_.entity_id as entity_i1_0_,
        article0_.analytics_id as analytic4_0_,
        article0_.name as name2_0_,
        article0_.author_id as author_i5_0_,
        article0_.content as content3_0_,
        article0_.newspaper_id as newspape6_0_,
        article0_.owner_id as owner_id7_0_,
        article0_.publisher_id as publishe8_0_,
        article0_.topic_id as topic_id9_0_ 
    from
        article article0_
Hibernate: 
    select
        newspaper0_.entity_id as entity_i1_4_,
        newspaper0_.analytics_id as analytic3_4_,
        newspaper0_.name as name2_4_ 
    from
        newspaper newspaper0_
Hibernate: 
    select
        owner0_.entity_id as entity_i1_6_,
        owner0_.analytics_id as analytic3_6_,
        owner0_.name as name2_6_ 
    from
        owner owner0_
Hibernate: 
    select
        topic0_.entity_id as entity_i1_10_,
        topic0_.analytics_id as analytic3_10_,
        topic0_.name as name2_10_ 
    from
        topic topic0_
Hibernate: 
    select
        publisher0_.entity_id as entity_i1_8_,
        publisher0_.analytics_id as analytic3_8_,
        publisher0_.name as name2_8_ 
    from
        publisher publisher0_
Hibernate: 
    select
        author0_.entity_id as entity_i1_2_,
        author0_.analytics_id as analytic3_2_,
        author0_.name as name2_2_ 
    from
        author author0_
Hibernate: 
    select
        authoranal0_.analytics_id as analytic1_3_0_,
        authoranal0_.bias as bias2_3_0_,
        authoranal0_.engagement_rate as engageme3_3_0_,
        authoranal0_.likes as likes4_3_0_,
        authoranal0_.shares as shares5_3_0_,
        authoranal0_.views as views6_3_0_ 
    from
        author_analytics authoranal0_ 
    where
        authoranal0_.analytics_id=?
Hibernate: 
    delete 
    from
        author 
    where
        entity_id=?
Hibernate: 
    select
        articleana0_.analytics_id as analytic1_1_,
        articleana0_.bias as bias2_1_,
        articleana0_.engagement_rate as engageme3_1_,
        articleana0_.likes as likes4_1_,
        articleana0_.shares as shares5_1_,
        articleana0_.views as views6_1_ 
    from
        article_analytics articleana0_
Hibernate: 
    select
        newspapera0_.analytics_id as analytic1_5_,
        newspapera0_.bias as bias2_5_,
        newspapera0_.engagement_rate as engageme3_5_,
        newspapera0_.likes as likes4_5_,
        newspapera0_.shares as shares5_5_,
        newspapera0_.views as views6_5_ 
    from
        newspaper_analytics newspapera0_
Hibernate: 
    select
        owneranaly0_.analytics_id as analytic1_7_,
        owneranaly0_.bias as bias2_7_,
        owneranaly0_.engagement_rate as engageme3_7_,
        owneranaly0_.likes as likes4_7_,
        owneranaly0_.shares as shares5_7_,
        owneranaly0_.views as views6_7_ 
    from
        owner_analytics owneranaly0_
Hibernate: 
    select
        topicanaly0_.analytics_id as analytic1_11_,
        topicanaly0_.bias as bias2_11_,
        topicanaly0_.engagement_rate as engageme3_11_,
        topicanaly0_.likes as likes4_11_,
        topicanaly0_.shares as shares5_11_,
        topicanaly0_.views as views6_11_ 
    from
        topic_analytics topicanaly0_
Hibernate: 
    select
        publishera0_.analytics_id as analytic1_9_,
        publishera0_.bias as bias2_9_,
        publishera0_.engagement_rate as engageme3_9_,
        publishera0_.likes as likes4_9_,
        publishera0_.shares as shares5_9_,
        publishera0_.views as views6_9_ 
    from
        publisher_analytics publishera0_
Hibernate: 
    select
        authoranal0_.analytics_id as analytic1_3_,
        authoranal0_.bias as bias2_3_,
        authoranal0_.engagement_rate as engageme3_3_,
        authoranal0_.likes as likes4_3_,
        authoranal0_.shares as shares5_3_,
        authoranal0_.views as views6_3_ 
    from
        author_analytics authoranal0_
Hibernate: 
    delete 
    from
        author_analytics 
    where
        analytics_id=?
Hibernate: 
    insert 
    into
        author_analytics
        (bias, engagement_rate, likes, shares, views) 
    values
        (?, ?, ?, ?, ?)
Hibernate: 
    insert 
    into
        author
        (analytics_id, name) 
    values
        (?, ?)
Hibernate: 
    select
        author0_.entity_id as entity_i1_2_,
        author0_.analytics_id as analytic3_2_,
        author0_.name as name2_2_ 
    from
        author author0_
Hibernate: 
    select
        authoranal0_.analytics_id as analytic1_3_0_,
        authoranal0_.bias as bias2_3_0_,
        authoranal0_.engagement_rate as engageme3_3_0_,
        authoranal0_.likes as likes4_3_0_,
        authoranal0_.shares as shares5_3_0_,
        authoranal0_.views as views6_3_0_ 
    from
        author_analytics authoranal0_ 
    where
        authoranal0_.analytics_id=?
Hibernate: 
    select
        author0_.entity_id as entity_i1_2_0_,
        author0_.analytics_id as analytic3_2_0_,
        author0_.name as name2_2_0_,
        authoranal1_.analytics_id as analytic1_3_1_,
        authoranal1_.bias as bias2_3_1_,
        authoranal1_.engagement_rate as engageme3_3_1_,
        authoranal1_.likes as likes4_3_1_,
        authoranal1_.shares as shares5_3_1_,
        authoranal1_.views as views6_3_1_ 
    from
        author author0_ 
    inner join
        author_analytics authoranal1_ 
            on author0_.analytics_id=authoranal1_.analytics_id 
    where
        author0_.entity_id=?
Hibernate: 
    select
        article0_.entity_id as entity_i1_0_,
        article0_.analytics_id as analytic4_0_,
        article0_.name as name2_0_,
        article0_.author_id as author_i5_0_,
        article0_.content as content3_0_,
        article0_.newspaper_id as newspape6_0_,
        article0_.owner_id as owner_id7_0_,
        article0_.publisher_id as publishe8_0_,
        article0_.topic_id as topic_id9_0_ 
    from
        article article0_
Hibernate: 
    select
        newspaper0_.entity_id as entity_i1_4_,
        newspaper0_.analytics_id as analytic3_4_,
        newspaper0_.name as name2_4_ 
    from
        newspaper newspaper0_
Hibernate: 
    select
        owner0_.entity_id as entity_i1_6_,
        owner0_.analytics_id as analytic3_6_,
        owner0_.name as name2_6_ 
    from
        owner owner0_
Hibernate: 
    select
        topic0_.entity_id as entity_i1_10_,
        topic0_.analytics_id as analytic3_10_,
        topic0_.name as name2_10_ 
    from
        topic topic0_
Hibernate: 
    select
        publisher0_.entity_id as entity_i1_8_,
        publisher0_.analytics_id as analytic3_8_,
        publisher0_.name as name2_8_ 
    from
        publisher publisher0_
Hibernate: 
    select
        author0_.entity_id as entity_i1_2_,
        author0_.analytics_id as analytic3_2_,
        author0_.name as name2_2_ 
    from
        author author0_
Hibernate: 
    select
        authoranal0_.analytics_id as analytic1_3_0_,
        authoranal0_.bias as bias2_3_0_,
        authoranal0_.engagement_rate as engageme3_3_0_,
        authoranal0_.likes as likes4_3_0_,
        authoranal0_.shares as shares5_3_0_,
        authoranal0_.views as views6_3_0_ 
    from
        author_analytics authoranal0_ 
    where
        authoranal0_.analytics_id=?
Hibernate: 
    delete 
    from
        author 
    where
        entity_id=?
Hibernate: 
    select
        articleana0_.analytics_id as analytic1_1_,
        articleana0_.bias as bias2_1_,
        articleana0_.engagement_rate as engageme3_1_,
        articleana0_.likes as likes4_1_,
        articleana0_.shares as shares5_1_,
        articleana0_.views as views6_1_ 
    from
        article_analytics articleana0_
Hibernate: 
    select
        newspapera0_.analytics_id as analytic1_5_,
        newspapera0_.bias as bias2_5_,
        newspapera0_.engagement_rate as engageme3_5_,
        newspapera0_.likes as likes4_5_,
        newspapera0_.shares as shares5_5_,
        newspapera0_.views as views6_5_ 
    from
        newspaper_analytics newspapera0_
Hibernate: 
    select
        owneranaly0_.analytics_id as analytic1_7_,
        owneranaly0_.bias as bias2_7_,
        owneranaly0_.engagement_rate as engageme3_7_,
        owneranaly0_.likes as likes4_7_,
        owneranaly0_.shares as shares5_7_,
        owneranaly0_.views as views6_7_ 
    from
        owner_analytics owneranaly0_
Hibernate: 
    select
        topicanaly0_.analytics_id as analytic1_11_,
        topicanaly0_.bias as bias2_11_,
        topicanaly0_.engagement_rate as engageme3_11_,
        topicanaly0_.likes as likes4_11_,
        topicanaly0_.shares as shares5_11_,
        topicanaly0_.views as views6_11_ 
    from
        topic_analytics topicanaly0_
Hibernate: 
    select
        publishera0_.analytics_id as analytic1_9_,
        publishera0_.bias as bias2_9_,
        publishera0_.engagement_rate as engageme3_9_,
        publishera0_.likes as likes4_9_,
        publishera0_.shares as shares5_9_,
        publishera0_.views as views6_9_ 
    from
        publisher_analytics publishera0_
Hibernate: 
    select
        authoranal0_.analytics_id as analytic1_3_,
        authoranal0_.bias as bias2_3_,
        authoranal0_.engagement_rate as engageme3_3_,
        authoranal0_.likes as likes4_3_,
        authoranal0_.shares as shares5_3_,
        authoranal0_.views as views6_3_ 
    from
        author_analytics authoranal0_
Hibernate: 
    delete 
    from
        author_analytics 
    where
        analytics_id=?
Hibernate: 
    insert 
    into
        author_analytics
        (bias, engagement_rate, likes, shares, views) 
    values
        (?, ?, ?, ?, ?)
Hibernate: 
    insert 
    into
        author
        (analytics_id, name) 
    values
        (?, ?)
Hibernate: 
    select
        author0_.entity_id as entity_i1_2_0_,
        author0_.analytics_id as analytic3_2_0_,
        author0_.name as name2_2_0_,
        authoranal1_.analytics_id as analytic1_3_1_,
        authoranal1_.bias as bias2_3_1_,
        authoranal1_.engagement_rate as engageme3_3_1_,
        authoranal1_.likes as likes4_3_1_,
        authoranal1_.shares as shares5_3_1_,
        authoranal1_.views as views6_3_1_ 
    from
        author author0_ 
    inner join
        author_analytics authoranal1_ 
            on author0_.analytics_id=authoranal1_.analytics_id 
    where
        author0_.entity_id=?
Hibernate: 
    select
        article0_.entity_id as entity_i1_0_,
        article0_.analytics_id as analytic4_0_,
        article0_.name as name2_0_,
        article0_.author_id as author_i5_0_,
        article0_.content as content3_0_,
        article0_.newspaper_id as newspape6_0_,
        article0_.owner_id as owner_id7_0_,
        article0_.publisher_id as publishe8_0_,
        article0_.topic_id as topic_id9_0_ 
    from
        article article0_
Hibernate: 
    select
        newspaper0_.entity_id as entity_i1_4_,
        newspaper0_.analytics_id as analytic3_4_,
        newspaper0_.name as name2_4_ 
    from
        newspaper newspaper0_
Hibernate: 
    select
        owner0_.entity_id as entity_i1_6_,
        owner0_.analytics_id as analytic3_6_,
        owner0_.name as name2_6_ 
    from
        owner owner0_
Hibernate: 
    select
        topic0_.entity_id as entity_i1_10_,
        topic0_.analytics_id as analytic3_10_,
        topic0_.name as name2_10_ 
    from
        topic topic0_
Hibernate: 
    select
        publisher0_.entity_id as entity_i1_8_,
        publisher0_.analytics_id as analytic3_8_,
        publisher0_.name as name2_8_ 
    from
        publisher publisher0_
Hibernate: 
    select
        author0_.entity_id as entity_i1_2_,
        author0_.analytics_id as analytic3_2_,
        author0_.name as name2_2_ 
    from
        author author0_
Hibernate: 
    select
        authoranal0_.analytics_id as analytic1_3_0_,
        authoranal0_.bias as bias2_3_0_,
        authoranal0_.engagement_rate as engageme3_3_0_,
        authoranal0_.likes as likes4_3_0_,
        authoranal0_.shares as shares5_3_0_,
        authoranal0_.views as views6_3_0_ 
    from
        author_analytics authoranal0_ 
    where
        authoranal0_.analytics_id=?
Hibernate: 
    delete 
    from
        author 
    where
        entity_id=?
Hibernate: 
    select
        articleana0_.analytics_id as analytic1_1_,
        articleana0_.bias as bias2_1_,
        articleana0_.engagement_rate as engageme3_1_,
        articleana0_.likes as likes4_1_,
        articleana0_.shares as shares5_1_,
        articleana0_.views as views6_1_ 
    from
        article_analytics articleana0_
Hibernate: 
    select
        newspapera0_.analytics_id as analytic1_5_,
        newspapera0_.bias as bias2_5_,
        newspapera0_.engagement_rate as engageme3_5_,
        newspapera0_.likes as likes4_5_,
        newspapera0_.shares as shares5_5_,
        newspapera0_.views as views6_5_ 
    from
        newspaper_analytics newspapera0_
Hibernate: 
    select
        owneranaly0_.analytics_id as analytic1_7_,
        owneranaly0_.bias as bias2_7_,
        owneranaly0_.engagement_rate as engageme3_7_,
        owneranaly0_.likes as likes4_7_,
        owneranaly0_.shares as shares5_7_,
        owneranaly0_.views as views6_7_ 
    from
        owner_analytics owneranaly0_
Hibernate: 
    select
        topicanaly0_.analytics_id as analytic1_11_,
        topicanaly0_.bias as bias2_11_,
        topicanaly0_.engagement_rate as engageme3_11_,
        topicanaly0_.likes as likes4_11_,
        topicanaly0_.shares as shares5_11_,
        topicanaly0_.views as views6_11_ 
    from
        topic_analytics topicanaly0_
Hibernate: 
    select
        publishera0_.analytics_id as analytic1_9_,
        publishera0_.bias as bias2_9_,
        publishera0_.engagement_rate as engageme3_9_,
        publishera0_.likes as likes4_9_,
        publishera0_.shares as shares5_9_,
        publishera0_.views as views6_9_ 
    from
        publisher_analytics publishera0_
Hibernate: 
    select
        authoranal0_.analytics_id as analytic1_3_,
        authoranal0_.bias as bias2_3_,
        authoranal0_.engagement_rate as engageme3_3_,
        authoranal0_.likes as likes4_3_,
        authoranal0_.shares as shares5_3_,
        authoranal0_.views as views6_3_ 
    from
        author_analytics authoranal0_
Hibernate: 
    delete 
    from
        author_analytics 
    where
        analytics_id=?
Hibernate: 
    insert 
    into
        author_analytics
        (bias, engagement_rate, likes, shares, views) 
    values
        (?, ?, ?, ?, ?)
Hibernate: 
    insert 
    into
        author
        (analytics_id, name) 
    values
        (?, ?)
Hibernate: 
    select
        author0_.entity_id as entity_i1_2_,
        author0_.analytics_id as analytic3_2_,
        author0_.name as name2_2_ 
    from
        author author0_
Hibernate: 
    select
        authoranal0_.analytics_id as analytic1_3_0_,
        authoranal0_.bias as bias2_3_0_,
        authoranal0_.engagement_rate as engageme3_3_0_,
        authoranal0_.likes as likes4_3_0_,
        authoranal0_.shares as shares5_3_0_,
        authoranal0_.views as views6_3_0_ 
    from
        author_analytics authoranal0_ 
    where
        authoranal0_.analytics_id=?
Hibernate: 
    delete 
    from
        author 
    where
        entity_id=?
Hibernate: 
    select
        author0_.entity_id as entity_i1_2_,
        author0_.analytics_id as analytic3_2_,
        author0_.name as name2_2_ 
    from
        author author0_
Hibernate: 
    select
        article0_.entity_id as entity_i1_0_,
        article0_.analytics_id as analytic4_0_,
        article0_.name as name2_0_,
        article0_.author_id as author_i5_0_,
        article0_.content as content3_0_,
        article0_.newspaper_id as newspape6_0_,
        article0_.owner_id as owner_id7_0_,
        article0_.publisher_id as publishe8_0_,
        article0_.topic_id as topic_id9_0_ 
    from
        article article0_
Hibernate: 
    select
        newspaper0_.entity_id as entity_i1_4_,
        newspaper0_.analytics_id as analytic3_4_,
        newspaper0_.name as name2_4_ 
    from
        newspaper newspaper0_
Hibernate: 
    select
        owner0_.entity_id as entity_i1_6_,
        owner0_.analytics_id as analytic3_6_,
        owner0_.name as name2_6_ 
    from
        owner owner0_
Hibernate: 
    select
        topic0_.entity_id as entity_i1_10_,
        topic0_.analytics_id as analytic3_10_,
        topic0_.name as name2_10_ 
    from
        topic topic0_
Hibernate: 
    select
        publisher0_.entity_id as entity_i1_8_,
        publisher0_.analytics_id as analytic3_8_,
        publisher0_.name as name2_8_ 
    from
        publisher publisher0_
Hibernate: 
    select
        author0_.entity_id as entity_i1_2_,
        author0_.analytics_id as analytic3_2_,
        author0_.name as name2_2_ 
    from
        author author0_
Hibernate: 
    select
        articleana0_.analytics_id as analytic1_1_,
        articleana0_.bias as bias2_1_,
        articleana0_.engagement_rate as engageme3_1_,
        articleana0_.likes as likes4_1_,
        articleana0_.shares as shares5_1_,
        articleana0_.views as views6_1_ 
    from
        article_analytics articleana0_
Hibernate: 
    select
        newspapera0_.analytics_id as analytic1_5_,
        newspapera0_.bias as bias2_5_,
        newspapera0_.engagement_rate as engageme3_5_,
        newspapera0_.likes as likes4_5_,
        newspapera0_.shares as shares5_5_,
        newspapera0_.views as views6_5_ 
    from
        newspaper_analytics newspapera0_
Hibernate: 
    select
        owneranaly0_.analytics_id as analytic1_7_,
        owneranaly0_.bias as bias2_7_,
        owneranaly0_.engagement_rate as engageme3_7_,
        owneranaly0_.likes as likes4_7_,
        owneranaly0_.shares as shares5_7_,
        owneranaly0_.views as views6_7_ 
    from
        owner_analytics owneranaly0_
Hibernate: 
    select
        topicanaly0_.analytics_id as analytic1_11_,
        topicanaly0_.bias as bias2_11_,
        topicanaly0_.engagement_rate as engageme3_11_,
        topicanaly0_.likes as likes4_11_,
        topicanaly0_.shares as shares5_11_,
        topicanaly0_.views as views6_11_ 
    from
        topic_analytics topicanaly0_
Hibernate: 
    select
        publishera0_.analytics_id as analytic1_9_,
        publishera0_.bias as bias2_9_,
        publishera0_.engagement_rate as engageme3_9_,
        publishera0_.likes as likes4_9_,
        publishera0_.shares as shares5_9_,
        publishera0_.views as views6_9_ 
    from
        publisher_analytics publishera0_
Hibernate: 
    select
        authoranal0_.analytics_id as analytic1_3_,
        authoranal0_.bias as bias2_3_,
        authoranal0_.engagement_rate as engageme3_3_,
        authoranal0_.likes as likes4_3_,
        authoranal0_.shares as shares5_3_,
        authoranal0_.views as views6_3_ 
    from
        author_analytics authoranal0_
Hibernate: 
    delete 
    from
        author_analytics 
    where
        analytics_id=?
Hibernate: 
    insert 
    into
        author_analytics
        (bias, engagement_rate, likes, shares, views) 
    values
        (?, ?, ?, ?, ?)
Hibernate: 
    insert 
    into
        author
        (analytics_id, name) 
    values
        (?, ?)
Hibernate: 
    select
        author0_.entity_id as entity_i1_2_,
        author0_.analytics_id as analytic3_2_,
        author0_.name as name2_2_ 
    from
        author author0_
Hibernate: 
    select
        authoranal0_.analytics_id as analytic1_3_0_,
        authoranal0_.bias as bias2_3_0_,
        authoranal0_.engagement_rate as engageme3_3_0_,
        authoranal0_.likes as likes4_3_0_,
        authoranal0_.shares as shares5_3_0_,
        authoranal0_.views as views6_3_0_ 
    from
        author_analytics authoranal0_ 
    where
        authoranal0_.analytics_id=?
Hibernate: 
    delete 
    from
        author 
    where
        entity_id=?
Hibernate: 
    select
        author0_.entity_id as entity_i1_2_,
        author0_.analytics_id as analytic3_2_,
        author0_.name as name2_2_ 
    from
        author author0_
]]></system-out>
  <system-err><![CDATA[]]></system-err>
</testsuite>
