<?xml version="1.0" encoding="UTF-8"?>
<testsuite name="ssd.Entities.Publisher.PublisherControllerTest" tests="8" skipped="0" failures="0" errors="0" timestamp="2024-08-13T11:50:18" hostname="COMMODORE" time="0.153">
  <properties/>
  <testcase name="testGetAllPublishers_emptyDatabase()" classname="ssd.Entities.Publisher.PublisherControllerTest" time="0.02"/>
  <testcase name="testGetAllPublishers()" classname="ssd.Entities.Publisher.PublisherControllerTest" time="0.014"/>
  <testcase name="testGetPopularPublishers_noContent()" classname="ssd.Entities.Publisher.PublisherControllerTest" time="0.021"/>
  <testcase name="testGetPublisherById()" classname="ssd.Entities.Publisher.PublisherControllerTest" time="0.015"/>
  <testcase name="testGetPublishersByName_notFound()" classname="ssd.Entities.Publisher.PublisherControllerTest" time="0.017"/>
  <testcase name="testGetPublisherById_notFound()" classname="ssd.Entities.Publisher.PublisherControllerTest" time="0.018"/>
  <testcase name="testGetPopularPublishers()" classname="ssd.Entities.Publisher.PublisherControllerTest" time="0.021"/>
  <testcase name="testGetPublishersByName()" classname="ssd.Entities.Publisher.PublisherControllerTest" time="0.021"/>
  <system-out><![CDATA[2024-08-13 13:50:18.346  INFO 513046 --- [    Test worker] .b.t.c.SpringBootTestContextBootstrapper : Neither @ContextConfiguration nor @ContextHierarchy found for test class [ssd.Entities.Publisher.PublisherControllerTest], using SpringBootContextLoader
2024-08-13 13:50:18.347  INFO 513046 --- [    Test worker] o.s.t.c.support.AbstractContextLoader    : Could not detect default resource locations for test class [ssd.Entities.Publisher.PublisherControllerTest]: no resource found for suffixes {-context.xml, Context.groovy}.
2024-08-13 13:50:18.347  INFO 513046 --- [    Test worker] t.c.s.AnnotationConfigContextLoaderUtils : Could not detect default configuration classes for test class [ssd.Entities.Publisher.PublisherControllerTest]: PublisherControllerTest does not declare any static, non-private, non-final, nested classes annotated with @Configuration.
2024-08-13 13:50:18.349  INFO 513046 --- [    Test worker] .b.t.c.SpringBootTestContextBootstrapper : Found @SpringBootConfiguration ssd.SSDApplication for test class ssd.Entities.Publisher.PublisherControllerTest
2024-08-13 13:50:18.350  INFO 513046 --- [    Test worker] .b.t.c.SpringBootTestContextBootstrapper : Loaded default TestExecutionListener class names from location [META-INF/spring.factories]: [org.springframework.boot.test.autoconfigure.restdocs.RestDocsTestExecutionListener, org.springframework.boot.test.autoconfigure.web.client.MockRestServiceServerResetTestExecutionListener, org.springframework.boot.test.autoconfigure.web.servlet.MockMvcPrintOnlyOnFailureTestExecutionListener, org.springframework.boot.test.autoconfigure.web.servlet.WebDriverTestExecutionListener, org.springframework.boot.test.autoconfigure.webservices.client.MockWebServiceServerTestExecutionListener, org.springframework.boot.test.mock.mockito.MockitoTestExecutionListener, org.springframework.boot.test.mock.mockito.ResetMocksTestExecutionListener, org.springframework.test.context.web.ServletTestExecutionListener, org.springframework.test.context.support.DirtiesContextBeforeModesTestExecutionListener, org.springframework.test.context.event.ApplicationEventsTestExecutionListener, org.springframework.test.context.support.DependencyInjectionTestExecutionListener, org.springframework.test.context.support.DirtiesContextTestExecutionListener, org.springframework.test.context.transaction.TransactionalTestExecutionListener, org.springframework.test.context.jdbc.SqlScriptsTestExecutionListener, org.springframework.test.context.event.EventPublishingTestExecutionListener]
2024-08-13 13:50:18.350  INFO 513046 --- [    Test worker] .b.t.c.SpringBootTestContextBootstrapper : Using TestExecutionListeners: [org.springframework.test.context.web.ServletTestExecutionListener@38cbbd0b, org.springframework.test.context.support.DirtiesContextBeforeModesTestExecutionListener@56a34c0e, org.springframework.test.context.event.ApplicationEventsTestExecutionListener@16750a5e, org.springframework.boot.test.mock.mockito.MockitoTestExecutionListener@436867c3, org.springframework.boot.test.autoconfigure.SpringBootDependencyInjectionTestExecutionListener@262ea940, org.springframework.test.context.support.DirtiesContextTestExecutionListener@6aa152b7, org.springframework.test.context.transaction.TransactionalTestExecutionListener@54b88247, org.springframework.test.context.jdbc.SqlScriptsTestExecutionListener@54eea16c, org.springframework.test.context.event.EventPublishingTestExecutionListener@7d96618, org.springframework.boot.test.autoconfigure.restdocs.RestDocsTestExecutionListener@678db8be, org.springframework.boot.test.autoconfigure.web.client.MockRestServiceServerResetTestExecutionListener@77b7a4b2, org.springframework.boot.test.autoconfigure.web.servlet.MockMvcPrintOnlyOnFailureTestExecutionListener@56739ee9, org.springframework.boot.test.autoconfigure.web.servlet.WebDriverTestExecutionListener@1a56cb99, org.springframework.boot.test.autoconfigure.webservices.client.MockWebServiceServerTestExecutionListener@1014c825, org.springframework.boot.test.mock.mockito.ResetMocksTestExecutionListener@5acc6ca1]
Hibernate: 
    select
        article0_.entity_id as entity_i1_0_,
        article0_.analytics_id as analytic4_0_,
        article0_.name as name2_0_,
        article0_.author_id as author_i5_0_,
        article0_.content as content3_0_,
        article0_.newspaper_id as newspape6_0_,
        article0_.owner_id as owner_id7_0_,
        article0_.publisher_id as publishe8_0_,
        article0_.topic_id as topic_id9_0_ 
    from
        article article0_
Hibernate: 
    select
        newspaper0_.entity_id as entity_i1_6_,
        newspaper0_.analytics_id as analytic3_6_,
        newspaper0_.name as name2_6_ 
    from
        newspaper newspaper0_
Hibernate: 
    select
        owner0_.entity_id as entity_i1_9_,
        owner0_.analytics_id as analytic3_9_,
        owner0_.name as name2_9_ 
    from
        owner owner0_
Hibernate: 
    select
        owneranaly0_.analytics_id as analytic1_10_0_,
        owneranaly0_.bias as bias2_10_0_,
        owneranaly0_.engagement_rate as engageme3_10_0_,
        owneranaly0_.likes as likes4_10_0_,
        owneranaly0_.shares as shares5_10_0_,
        owneranaly0_.views as views6_10_0_ 
    from
        owner_analytics owneranaly0_ 
    where
        owneranaly0_.analytics_id=?
Hibernate: 
    delete 
    from
        owner 
    where
        entity_id=?
Hibernate: 
    select
        topic0_.entity_id as entity_i1_15_,
        topic0_.analytics_id as analytic3_15_,
        topic0_.name as name2_15_ 
    from
        topic topic0_
Hibernate: 
    select
        publisher0_.entity_id as entity_i1_12_,
        publisher0_.analytics_id as analytic3_12_,
        publisher0_.name as name2_12_ 
    from
        publisher publisher0_
Hibernate: 
    select
        author0_.entity_id as entity_i1_3_,
        author0_.analytics_id as analytic3_3_,
        author0_.name as name2_3_ 
    from
        author author0_
Hibernate: 
    select
        articleana0_.analytics_id as analytic1_1_,
        articleana0_.bias as bias2_1_,
        articleana0_.engagement_rate as engageme3_1_,
        articleana0_.likes as likes4_1_,
        articleana0_.shares as shares5_1_,
        articleana0_.views as views6_1_ 
    from
        article_analytics articleana0_
Hibernate: 
    select
        newspapera0_.analytics_id as analytic1_7_,
        newspapera0_.bias as bias2_7_,
        newspapera0_.engagement_rate as engageme3_7_,
        newspapera0_.likes as likes4_7_,
        newspapera0_.shares as shares5_7_,
        newspapera0_.views as views6_7_ 
    from
        newspaper_analytics newspapera0_
Hibernate: 
    select
        owneranaly0_.analytics_id as analytic1_10_,
        owneranaly0_.bias as bias2_10_,
        owneranaly0_.engagement_rate as engageme3_10_,
        owneranaly0_.likes as likes4_10_,
        owneranaly0_.shares as shares5_10_,
        owneranaly0_.views as views6_10_ 
    from
        owner_analytics owneranaly0_
Hibernate: 
    delete 
    from
        owner_analytics 
    where
        analytics_id=?
Hibernate: 
    select
        topicanaly0_.analytics_id as analytic1_16_,
        topicanaly0_.bias as bias2_16_,
        topicanaly0_.engagement_rate as engageme3_16_,
        topicanaly0_.likes as likes4_16_,
        topicanaly0_.shares as shares5_16_,
        topicanaly0_.views as views6_16_ 
    from
        topic_analytics topicanaly0_
Hibernate: 
    select
        publishera0_.analytics_id as analytic1_13_,
        publishera0_.bias as bias2_13_,
        publishera0_.engagement_rate as engageme3_13_,
        publishera0_.likes as likes4_13_,
        publishera0_.shares as shares5_13_,
        publishera0_.views as views6_13_ 
    from
        publisher_analytics publishera0_
Hibernate: 
    select
        authoranal0_.analytics_id as analytic1_4_,
        authoranal0_.bias as bias2_4_,
        authoranal0_.engagement_rate as engageme3_4_,
        authoranal0_.likes as likes4_4_,
        authoranal0_.shares as shares5_4_,
        authoranal0_.views as views6_4_ 
    from
        author_analytics authoranal0_
Hibernate: 
    insert 
    into
        publisher_analytics
        (bias, engagement_rate, likes, shares, views) 
    values
        (?, ?, ?, ?, ?)
Hibernate: 
    insert 
    into
        publisher
        (analytics_id, name) 
    values
        (?, ?)
Hibernate: 
    select
        publisher0_.entity_id as entity_i1_12_,
        publisher0_.analytics_id as analytic3_12_,
        publisher0_.name as name2_12_ 
    from
        publisher publisher0_
Hibernate: 
    select
        publishera0_.analytics_id as analytic1_13_0_,
        publishera0_.bias as bias2_13_0_,
        publishera0_.engagement_rate as engageme3_13_0_,
        publishera0_.likes as likes4_13_0_,
        publishera0_.shares as shares5_13_0_,
        publishera0_.views as views6_13_0_ 
    from
        publisher_analytics publishera0_ 
    where
        publishera0_.analytics_id=?
Hibernate: 
    delete 
    from
        publisher 
    where
        entity_id=?
Hibernate: 
    select
        publisher0_.entity_id as entity_i1_12_,
        publisher0_.analytics_id as analytic3_12_,
        publisher0_.name as name2_12_ 
    from
        publisher publisher0_
Hibernate: 
    select
        article0_.entity_id as entity_i1_0_,
        article0_.analytics_id as analytic4_0_,
        article0_.name as name2_0_,
        article0_.author_id as author_i5_0_,
        article0_.content as content3_0_,
        article0_.newspaper_id as newspape6_0_,
        article0_.owner_id as owner_id7_0_,
        article0_.publisher_id as publishe8_0_,
        article0_.topic_id as topic_id9_0_ 
    from
        article article0_
Hibernate: 
    select
        newspaper0_.entity_id as entity_i1_6_,
        newspaper0_.analytics_id as analytic3_6_,
        newspaper0_.name as name2_6_ 
    from
        newspaper newspaper0_
Hibernate: 
    select
        owner0_.entity_id as entity_i1_9_,
        owner0_.analytics_id as analytic3_9_,
        owner0_.name as name2_9_ 
    from
        owner owner0_
Hibernate: 
    select
        topic0_.entity_id as entity_i1_15_,
        topic0_.analytics_id as analytic3_15_,
        topic0_.name as name2_15_ 
    from
        topic topic0_
Hibernate: 
    select
        publisher0_.entity_id as entity_i1_12_,
        publisher0_.analytics_id as analytic3_12_,
        publisher0_.name as name2_12_ 
    from
        publisher publisher0_
Hibernate: 
    select
        author0_.entity_id as entity_i1_3_,
        author0_.analytics_id as analytic3_3_,
        author0_.name as name2_3_ 
    from
        author author0_
Hibernate: 
    select
        articleana0_.analytics_id as analytic1_1_,
        articleana0_.bias as bias2_1_,
        articleana0_.engagement_rate as engageme3_1_,
        articleana0_.likes as likes4_1_,
        articleana0_.shares as shares5_1_,
        articleana0_.views as views6_1_ 
    from
        article_analytics articleana0_
Hibernate: 
    select
        newspapera0_.analytics_id as analytic1_7_,
        newspapera0_.bias as bias2_7_,
        newspapera0_.engagement_rate as engageme3_7_,
        newspapera0_.likes as likes4_7_,
        newspapera0_.shares as shares5_7_,
        newspapera0_.views as views6_7_ 
    from
        newspaper_analytics newspapera0_
Hibernate: 
    select
        owneranaly0_.analytics_id as analytic1_10_,
        owneranaly0_.bias as bias2_10_,
        owneranaly0_.engagement_rate as engageme3_10_,
        owneranaly0_.likes as likes4_10_,
        owneranaly0_.shares as shares5_10_,
        owneranaly0_.views as views6_10_ 
    from
        owner_analytics owneranaly0_
Hibernate: 
    select
        topicanaly0_.analytics_id as analytic1_16_,
        topicanaly0_.bias as bias2_16_,
        topicanaly0_.engagement_rate as engageme3_16_,
        topicanaly0_.likes as likes4_16_,
        topicanaly0_.shares as shares5_16_,
        topicanaly0_.views as views6_16_ 
    from
        topic_analytics topicanaly0_
Hibernate: 
    select
        publishera0_.analytics_id as analytic1_13_,
        publishera0_.bias as bias2_13_,
        publishera0_.engagement_rate as engageme3_13_,
        publishera0_.likes as likes4_13_,
        publishera0_.shares as shares5_13_,
        publishera0_.views as views6_13_ 
    from
        publisher_analytics publishera0_
Hibernate: 
    delete 
    from
        publisher_analytics 
    where
        analytics_id=?
Hibernate: 
    select
        authoranal0_.analytics_id as analytic1_4_,
        authoranal0_.bias as bias2_4_,
        authoranal0_.engagement_rate as engageme3_4_,
        authoranal0_.likes as likes4_4_,
        authoranal0_.shares as shares5_4_,
        authoranal0_.views as views6_4_ 
    from
        author_analytics authoranal0_
Hibernate: 
    insert 
    into
        publisher_analytics
        (bias, engagement_rate, likes, shares, views) 
    values
        (?, ?, ?, ?, ?)
Hibernate: 
    insert 
    into
        publisher
        (analytics_id, name) 
    values
        (?, ?)
Hibernate: 
    select
        publisher0_.entity_id as entity_i1_12_,
        publisher0_.analytics_id as analytic3_12_,
        publisher0_.name as name2_12_ 
    from
        publisher publisher0_
Hibernate: 
    select
        publishera0_.analytics_id as analytic1_13_0_,
        publishera0_.bias as bias2_13_0_,
        publishera0_.engagement_rate as engageme3_13_0_,
        publishera0_.likes as likes4_13_0_,
        publishera0_.shares as shares5_13_0_,
        publishera0_.views as views6_13_0_ 
    from
        publisher_analytics publishera0_ 
    where
        publishera0_.analytics_id=?
Hibernate: 
    select
        article0_.entity_id as entity_i1_0_,
        article0_.analytics_id as analytic4_0_,
        article0_.name as name2_0_,
        article0_.author_id as author_i5_0_,
        article0_.content as content3_0_,
        article0_.newspaper_id as newspape6_0_,
        article0_.owner_id as owner_id7_0_,
        article0_.publisher_id as publishe8_0_,
        article0_.topic_id as topic_id9_0_ 
    from
        article article0_
Hibernate: 
    select
        newspaper0_.entity_id as entity_i1_6_,
        newspaper0_.analytics_id as analytic3_6_,
        newspaper0_.name as name2_6_ 
    from
        newspaper newspaper0_
Hibernate: 
    select
        owner0_.entity_id as entity_i1_9_,
        owner0_.analytics_id as analytic3_9_,
        owner0_.name as name2_9_ 
    from
        owner owner0_
Hibernate: 
    select
        topic0_.entity_id as entity_i1_15_,
        topic0_.analytics_id as analytic3_15_,
        topic0_.name as name2_15_ 
    from
        topic topic0_
Hibernate: 
    select
        publisher0_.entity_id as entity_i1_12_,
        publisher0_.analytics_id as analytic3_12_,
        publisher0_.name as name2_12_ 
    from
        publisher publisher0_
Hibernate: 
    select
        publishera0_.analytics_id as analytic1_13_0_,
        publishera0_.bias as bias2_13_0_,
        publishera0_.engagement_rate as engageme3_13_0_,
        publishera0_.likes as likes4_13_0_,
        publishera0_.shares as shares5_13_0_,
        publishera0_.views as views6_13_0_ 
    from
        publisher_analytics publishera0_ 
    where
        publishera0_.analytics_id=?
Hibernate: 
    delete 
    from
        publisher 
    where
        entity_id=?
Hibernate: 
    select
        author0_.entity_id as entity_i1_3_,
        author0_.analytics_id as analytic3_3_,
        author0_.name as name2_3_ 
    from
        author author0_
Hibernate: 
    select
        articleana0_.analytics_id as analytic1_1_,
        articleana0_.bias as bias2_1_,
        articleana0_.engagement_rate as engageme3_1_,
        articleana0_.likes as likes4_1_,
        articleana0_.shares as shares5_1_,
        articleana0_.views as views6_1_ 
    from
        article_analytics articleana0_
Hibernate: 
    select
        newspapera0_.analytics_id as analytic1_7_,
        newspapera0_.bias as bias2_7_,
        newspapera0_.engagement_rate as engageme3_7_,
        newspapera0_.likes as likes4_7_,
        newspapera0_.shares as shares5_7_,
        newspapera0_.views as views6_7_ 
    from
        newspaper_analytics newspapera0_
Hibernate: 
    select
        owneranaly0_.analytics_id as analytic1_10_,
        owneranaly0_.bias as bias2_10_,
        owneranaly0_.engagement_rate as engageme3_10_,
        owneranaly0_.likes as likes4_10_,
        owneranaly0_.shares as shares5_10_,
        owneranaly0_.views as views6_10_ 
    from
        owner_analytics owneranaly0_
Hibernate: 
    select
        topicanaly0_.analytics_id as analytic1_16_,
        topicanaly0_.bias as bias2_16_,
        topicanaly0_.engagement_rate as engageme3_16_,
        topicanaly0_.likes as likes4_16_,
        topicanaly0_.shares as shares5_16_,
        topicanaly0_.views as views6_16_ 
    from
        topic_analytics topicanaly0_
Hibernate: 
    select
        publishera0_.analytics_id as analytic1_13_,
        publishera0_.bias as bias2_13_,
        publishera0_.engagement_rate as engageme3_13_,
        publishera0_.likes as likes4_13_,
        publishera0_.shares as shares5_13_,
        publishera0_.views as views6_13_ 
    from
        publisher_analytics publishera0_
Hibernate: 
    delete 
    from
        publisher_analytics 
    where
        analytics_id=?
Hibernate: 
    select
        authoranal0_.analytics_id as analytic1_4_,
        authoranal0_.bias as bias2_4_,
        authoranal0_.engagement_rate as engageme3_4_,
        authoranal0_.likes as likes4_4_,
        authoranal0_.shares as shares5_4_,
        authoranal0_.views as views6_4_ 
    from
        author_analytics authoranal0_
Hibernate: 
    insert 
    into
        publisher_analytics
        (bias, engagement_rate, likes, shares, views) 
    values
        (?, ?, ?, ?, ?)
Hibernate: 
    insert 
    into
        publisher
        (analytics_id, name) 
    values
        (?, ?)
Hibernate: 
    select
        publisher0_.entity_id as entity_i1_12_,
        publisher0_.analytics_id as analytic3_12_,
        publisher0_.name as name2_12_ 
    from
        publisher publisher0_
Hibernate: 
    select
        publishera0_.analytics_id as analytic1_13_0_,
        publishera0_.bias as bias2_13_0_,
        publishera0_.engagement_rate as engageme3_13_0_,
        publishera0_.likes as likes4_13_0_,
        publishera0_.shares as shares5_13_0_,
        publishera0_.views as views6_13_0_ 
    from
        publisher_analytics publishera0_ 
    where
        publishera0_.analytics_id=?
Hibernate: 
    delete 
    from
        publisher 
    where
        entity_id=?
Hibernate: 
    select
        publisher0_.entity_id as entity_i1_12_,
        publisher0_.analytics_id as analytic3_12_,
        publisher0_.name as name2_12_ 
    from
        publisher publisher0_
Hibernate: 
    select
        article0_.entity_id as entity_i1_0_,
        article0_.analytics_id as analytic4_0_,
        article0_.name as name2_0_,
        article0_.author_id as author_i5_0_,
        article0_.content as content3_0_,
        article0_.newspaper_id as newspape6_0_,
        article0_.owner_id as owner_id7_0_,
        article0_.publisher_id as publishe8_0_,
        article0_.topic_id as topic_id9_0_ 
    from
        article article0_
Hibernate: 
    select
        newspaper0_.entity_id as entity_i1_6_,
        newspaper0_.analytics_id as analytic3_6_,
        newspaper0_.name as name2_6_ 
    from
        newspaper newspaper0_
Hibernate: 
    select
        owner0_.entity_id as entity_i1_9_,
        owner0_.analytics_id as analytic3_9_,
        owner0_.name as name2_9_ 
    from
        owner owner0_
Hibernate: 
    select
        topic0_.entity_id as entity_i1_15_,
        topic0_.analytics_id as analytic3_15_,
        topic0_.name as name2_15_ 
    from
        topic topic0_
Hibernate: 
    select
        publisher0_.entity_id as entity_i1_12_,
        publisher0_.analytics_id as analytic3_12_,
        publisher0_.name as name2_12_ 
    from
        publisher publisher0_
Hibernate: 
    select
        author0_.entity_id as entity_i1_3_,
        author0_.analytics_id as analytic3_3_,
        author0_.name as name2_3_ 
    from
        author author0_
Hibernate: 
    select
        articleana0_.analytics_id as analytic1_1_,
        articleana0_.bias as bias2_1_,
        articleana0_.engagement_rate as engageme3_1_,
        articleana0_.likes as likes4_1_,
        articleana0_.shares as shares5_1_,
        articleana0_.views as views6_1_ 
    from
        article_analytics articleana0_
Hibernate: 
    select
        newspapera0_.analytics_id as analytic1_7_,
        newspapera0_.bias as bias2_7_,
        newspapera0_.engagement_rate as engageme3_7_,
        newspapera0_.likes as likes4_7_,
        newspapera0_.shares as shares5_7_,
        newspapera0_.views as views6_7_ 
    from
        newspaper_analytics newspapera0_
Hibernate: 
    select
        owneranaly0_.analytics_id as analytic1_10_,
        owneranaly0_.bias as bias2_10_,
        owneranaly0_.engagement_rate as engageme3_10_,
        owneranaly0_.likes as likes4_10_,
        owneranaly0_.shares as shares5_10_,
        owneranaly0_.views as views6_10_ 
    from
        owner_analytics owneranaly0_
Hibernate: 
    select
        topicanaly0_.analytics_id as analytic1_16_,
        topicanaly0_.bias as bias2_16_,
        topicanaly0_.engagement_rate as engageme3_16_,
        topicanaly0_.likes as likes4_16_,
        topicanaly0_.shares as shares5_16_,
        topicanaly0_.views as views6_16_ 
    from
        topic_analytics topicanaly0_
Hibernate: 
    select
        publishera0_.analytics_id as analytic1_13_,
        publishera0_.bias as bias2_13_,
        publishera0_.engagement_rate as engageme3_13_,
        publishera0_.likes as likes4_13_,
        publishera0_.shares as shares5_13_,
        publishera0_.views as views6_13_ 
    from
        publisher_analytics publishera0_
Hibernate: 
    delete 
    from
        publisher_analytics 
    where
        analytics_id=?
Hibernate: 
    select
        authoranal0_.analytics_id as analytic1_4_,
        authoranal0_.bias as bias2_4_,
        authoranal0_.engagement_rate as engageme3_4_,
        authoranal0_.likes as likes4_4_,
        authoranal0_.shares as shares5_4_,
        authoranal0_.views as views6_4_ 
    from
        author_analytics authoranal0_
Hibernate: 
    insert 
    into
        publisher_analytics
        (bias, engagement_rate, likes, shares, views) 
    values
        (?, ?, ?, ?, ?)
Hibernate: 
    insert 
    into
        publisher
        (analytics_id, name) 
    values
        (?, ?)
Hibernate: 
    select
        publisher0_.entity_id as entity_i1_12_,
        publisher0_.analytics_id as analytic3_12_,
        publisher0_.name as name2_12_ 
    from
        publisher publisher0_
Hibernate: 
    select
        publishera0_.analytics_id as analytic1_13_0_,
        publishera0_.bias as bias2_13_0_,
        publishera0_.engagement_rate as engageme3_13_0_,
        publishera0_.likes as likes4_13_0_,
        publishera0_.shares as shares5_13_0_,
        publishera0_.views as views6_13_0_ 
    from
        publisher_analytics publishera0_ 
    where
        publishera0_.analytics_id=?
Hibernate: 
    select
        publisher0_.entity_id as entity_i1_12_0_,
        publisher0_.analytics_id as analytic3_12_0_,
        publisher0_.name as name2_12_0_,
        publishera1_.analytics_id as analytic1_13_1_,
        publishera1_.bias as bias2_13_1_,
        publishera1_.engagement_rate as engageme3_13_1_,
        publishera1_.likes as likes4_13_1_,
        publishera1_.shares as shares5_13_1_,
        publishera1_.views as views6_13_1_ 
    from
        publisher publisher0_ 
    inner join
        publisher_analytics publishera1_ 
            on publisher0_.analytics_id=publishera1_.analytics_id 
    where
        publisher0_.entity_id=?
Hibernate: 
    select
        article0_.entity_id as entity_i1_0_,
        article0_.analytics_id as analytic4_0_,
        article0_.name as name2_0_,
        article0_.author_id as author_i5_0_,
        article0_.content as content3_0_,
        article0_.newspaper_id as newspape6_0_,
        article0_.owner_id as owner_id7_0_,
        article0_.publisher_id as publishe8_0_,
        article0_.topic_id as topic_id9_0_ 
    from
        article article0_
Hibernate: 
    select
        newspaper0_.entity_id as entity_i1_6_,
        newspaper0_.analytics_id as analytic3_6_,
        newspaper0_.name as name2_6_ 
    from
        newspaper newspaper0_
Hibernate: 
    select
        owner0_.entity_id as entity_i1_9_,
        owner0_.analytics_id as analytic3_9_,
        owner0_.name as name2_9_ 
    from
        owner owner0_
Hibernate: 
    select
        topic0_.entity_id as entity_i1_15_,
        topic0_.analytics_id as analytic3_15_,
        topic0_.name as name2_15_ 
    from
        topic topic0_
Hibernate: 
    select
        publisher0_.entity_id as entity_i1_12_,
        publisher0_.analytics_id as analytic3_12_,
        publisher0_.name as name2_12_ 
    from
        publisher publisher0_
Hibernate: 
    select
        publishera0_.analytics_id as analytic1_13_0_,
        publishera0_.bias as bias2_13_0_,
        publishera0_.engagement_rate as engageme3_13_0_,
        publishera0_.likes as likes4_13_0_,
        publishera0_.shares as shares5_13_0_,
        publishera0_.views as views6_13_0_ 
    from
        publisher_analytics publishera0_ 
    where
        publishera0_.analytics_id=?
Hibernate: 
    delete 
    from
        publisher 
    where
        entity_id=?
Hibernate: 
    select
        author0_.entity_id as entity_i1_3_,
        author0_.analytics_id as analytic3_3_,
        author0_.name as name2_3_ 
    from
        author author0_
Hibernate: 
    select
        articleana0_.analytics_id as analytic1_1_,
        articleana0_.bias as bias2_1_,
        articleana0_.engagement_rate as engageme3_1_,
        articleana0_.likes as likes4_1_,
        articleana0_.shares as shares5_1_,
        articleana0_.views as views6_1_ 
    from
        article_analytics articleana0_
Hibernate: 
    select
        newspapera0_.analytics_id as analytic1_7_,
        newspapera0_.bias as bias2_7_,
        newspapera0_.engagement_rate as engageme3_7_,
        newspapera0_.likes as likes4_7_,
        newspapera0_.shares as shares5_7_,
        newspapera0_.views as views6_7_ 
    from
        newspaper_analytics newspapera0_
Hibernate: 
    select
        owneranaly0_.analytics_id as analytic1_10_,
        owneranaly0_.bias as bias2_10_,
        owneranaly0_.engagement_rate as engageme3_10_,
        owneranaly0_.likes as likes4_10_,
        owneranaly0_.shares as shares5_10_,
        owneranaly0_.views as views6_10_ 
    from
        owner_analytics owneranaly0_
Hibernate: 
    select
        topicanaly0_.analytics_id as analytic1_16_,
        topicanaly0_.bias as bias2_16_,
        topicanaly0_.engagement_rate as engageme3_16_,
        topicanaly0_.likes as likes4_16_,
        topicanaly0_.shares as shares5_16_,
        topicanaly0_.views as views6_16_ 
    from
        topic_analytics topicanaly0_
Hibernate: 
    select
        publishera0_.analytics_id as analytic1_13_,
        publishera0_.bias as bias2_13_,
        publishera0_.engagement_rate as engageme3_13_,
        publishera0_.likes as likes4_13_,
        publishera0_.shares as shares5_13_,
        publishera0_.views as views6_13_ 
    from
        publisher_analytics publishera0_
Hibernate: 
    delete 
    from
        publisher_analytics 
    where
        analytics_id=?
Hibernate: 
    select
        authoranal0_.analytics_id as analytic1_4_,
        authoranal0_.bias as bias2_4_,
        authoranal0_.engagement_rate as engageme3_4_,
        authoranal0_.likes as likes4_4_,
        authoranal0_.shares as shares5_4_,
        authoranal0_.views as views6_4_ 
    from
        author_analytics authoranal0_
Hibernate: 
    insert 
    into
        publisher_analytics
        (bias, engagement_rate, likes, shares, views) 
    values
        (?, ?, ?, ?, ?)
Hibernate: 
    insert 
    into
        publisher
        (analytics_id, name) 
    values
        (?, ?)
Hibernate: 
    select
        publisher0_.entity_id as entity_i1_12_,
        publisher0_.analytics_id as analytic3_12_,
        publisher0_.name as name2_12_ 
    from
        publisher publisher0_ 
    where
        publisher0_.name=?
Hibernate: 
    select
        article0_.entity_id as entity_i1_0_,
        article0_.analytics_id as analytic4_0_,
        article0_.name as name2_0_,
        article0_.author_id as author_i5_0_,
        article0_.content as content3_0_,
        article0_.newspaper_id as newspape6_0_,
        article0_.owner_id as owner_id7_0_,
        article0_.publisher_id as publishe8_0_,
        article0_.topic_id as topic_id9_0_ 
    from
        article article0_
Hibernate: 
    select
        newspaper0_.entity_id as entity_i1_6_,
        newspaper0_.analytics_id as analytic3_6_,
        newspaper0_.name as name2_6_ 
    from
        newspaper newspaper0_
Hibernate: 
    select
        owner0_.entity_id as entity_i1_9_,
        owner0_.analytics_id as analytic3_9_,
        owner0_.name as name2_9_ 
    from
        owner owner0_
Hibernate: 
    select
        topic0_.entity_id as entity_i1_15_,
        topic0_.analytics_id as analytic3_15_,
        topic0_.name as name2_15_ 
    from
        topic topic0_
Hibernate: 
    select
        publisher0_.entity_id as entity_i1_12_,
        publisher0_.analytics_id as analytic3_12_,
        publisher0_.name as name2_12_ 
    from
        publisher publisher0_
Hibernate: 
    select
        publishera0_.analytics_id as analytic1_13_0_,
        publishera0_.bias as bias2_13_0_,
        publishera0_.engagement_rate as engageme3_13_0_,
        publishera0_.likes as likes4_13_0_,
        publishera0_.shares as shares5_13_0_,
        publishera0_.views as views6_13_0_ 
    from
        publisher_analytics publishera0_ 
    where
        publishera0_.analytics_id=?
Hibernate: 
    delete 
    from
        publisher 
    where
        entity_id=?
Hibernate: 
    select
        author0_.entity_id as entity_i1_3_,
        author0_.analytics_id as analytic3_3_,
        author0_.name as name2_3_ 
    from
        author author0_
Hibernate: 
    select
        articleana0_.analytics_id as analytic1_1_,
        articleana0_.bias as bias2_1_,
        articleana0_.engagement_rate as engageme3_1_,
        articleana0_.likes as likes4_1_,
        articleana0_.shares as shares5_1_,
        articleana0_.views as views6_1_ 
    from
        article_analytics articleana0_
Hibernate: 
    select
        newspapera0_.analytics_id as analytic1_7_,
        newspapera0_.bias as bias2_7_,
        newspapera0_.engagement_rate as engageme3_7_,
        newspapera0_.likes as likes4_7_,
        newspapera0_.shares as shares5_7_,
        newspapera0_.views as views6_7_ 
    from
        newspaper_analytics newspapera0_
Hibernate: 
    select
        owneranaly0_.analytics_id as analytic1_10_,
        owneranaly0_.bias as bias2_10_,
        owneranaly0_.engagement_rate as engageme3_10_,
        owneranaly0_.likes as likes4_10_,
        owneranaly0_.shares as shares5_10_,
        owneranaly0_.views as views6_10_ 
    from
        owner_analytics owneranaly0_
Hibernate: 
    select
        topicanaly0_.analytics_id as analytic1_16_,
        topicanaly0_.bias as bias2_16_,
        topicanaly0_.engagement_rate as engageme3_16_,
        topicanaly0_.likes as likes4_16_,
        topicanaly0_.shares as shares5_16_,
        topicanaly0_.views as views6_16_ 
    from
        topic_analytics topicanaly0_
Hibernate: 
    select
        publishera0_.analytics_id as analytic1_13_,
        publishera0_.bias as bias2_13_,
        publishera0_.engagement_rate as engageme3_13_,
        publishera0_.likes as likes4_13_,
        publishera0_.shares as shares5_13_,
        publishera0_.views as views6_13_ 
    from
        publisher_analytics publishera0_
Hibernate: 
    delete 
    from
        publisher_analytics 
    where
        analytics_id=?
Hibernate: 
    select
        authoranal0_.analytics_id as analytic1_4_,
        authoranal0_.bias as bias2_4_,
        authoranal0_.engagement_rate as engageme3_4_,
        authoranal0_.likes as likes4_4_,
        authoranal0_.shares as shares5_4_,
        authoranal0_.views as views6_4_ 
    from
        author_analytics authoranal0_
Hibernate: 
    insert 
    into
        publisher_analytics
        (bias, engagement_rate, likes, shares, views) 
    values
        (?, ?, ?, ?, ?)
Hibernate: 
    insert 
    into
        publisher
        (analytics_id, name) 
    values
        (?, ?)
Hibernate: 
    select
        publisher0_.entity_id as entity_i1_12_0_,
        publisher0_.analytics_id as analytic3_12_0_,
        publisher0_.name as name2_12_0_,
        publishera1_.analytics_id as analytic1_13_1_,
        publishera1_.bias as bias2_13_1_,
        publishera1_.engagement_rate as engageme3_13_1_,
        publishera1_.likes as likes4_13_1_,
        publishera1_.shares as shares5_13_1_,
        publishera1_.views as views6_13_1_ 
    from
        publisher publisher0_ 
    inner join
        publisher_analytics publishera1_ 
            on publisher0_.analytics_id=publishera1_.analytics_id 
    where
        publisher0_.entity_id=?
Hibernate: 
    select
        article0_.entity_id as entity_i1_0_,
        article0_.analytics_id as analytic4_0_,
        article0_.name as name2_0_,
        article0_.author_id as author_i5_0_,
        article0_.content as content3_0_,
        article0_.newspaper_id as newspape6_0_,
        article0_.owner_id as owner_id7_0_,
        article0_.publisher_id as publishe8_0_,
        article0_.topic_id as topic_id9_0_ 
    from
        article article0_
Hibernate: 
    select
        newspaper0_.entity_id as entity_i1_6_,
        newspaper0_.analytics_id as analytic3_6_,
        newspaper0_.name as name2_6_ 
    from
        newspaper newspaper0_
Hibernate: 
    select
        owner0_.entity_id as entity_i1_9_,
        owner0_.analytics_id as analytic3_9_,
        owner0_.name as name2_9_ 
    from
        owner owner0_
Hibernate: 
    select
        topic0_.entity_id as entity_i1_15_,
        topic0_.analytics_id as analytic3_15_,
        topic0_.name as name2_15_ 
    from
        topic topic0_
Hibernate: 
    select
        publisher0_.entity_id as entity_i1_12_,
        publisher0_.analytics_id as analytic3_12_,
        publisher0_.name as name2_12_ 
    from
        publisher publisher0_
Hibernate: 
    select
        publishera0_.analytics_id as analytic1_13_0_,
        publishera0_.bias as bias2_13_0_,
        publishera0_.engagement_rate as engageme3_13_0_,
        publishera0_.likes as likes4_13_0_,
        publishera0_.shares as shares5_13_0_,
        publishera0_.views as views6_13_0_ 
    from
        publisher_analytics publishera0_ 
    where
        publishera0_.analytics_id=?
Hibernate: 
    delete 
    from
        publisher 
    where
        entity_id=?
Hibernate: 
    select
        author0_.entity_id as entity_i1_3_,
        author0_.analytics_id as analytic3_3_,
        author0_.name as name2_3_ 
    from
        author author0_
Hibernate: 
    select
        articleana0_.analytics_id as analytic1_1_,
        articleana0_.bias as bias2_1_,
        articleana0_.engagement_rate as engageme3_1_,
        articleana0_.likes as likes4_1_,
        articleana0_.shares as shares5_1_,
        articleana0_.views as views6_1_ 
    from
        article_analytics articleana0_
Hibernate: 
    select
        newspapera0_.analytics_id as analytic1_7_,
        newspapera0_.bias as bias2_7_,
        newspapera0_.engagement_rate as engageme3_7_,
        newspapera0_.likes as likes4_7_,
        newspapera0_.shares as shares5_7_,
        newspapera0_.views as views6_7_ 
    from
        newspaper_analytics newspapera0_
Hibernate: 
    select
        owneranaly0_.analytics_id as analytic1_10_,
        owneranaly0_.bias as bias2_10_,
        owneranaly0_.engagement_rate as engageme3_10_,
        owneranaly0_.likes as likes4_10_,
        owneranaly0_.shares as shares5_10_,
        owneranaly0_.views as views6_10_ 
    from
        owner_analytics owneranaly0_
Hibernate: 
    select
        topicanaly0_.analytics_id as analytic1_16_,
        topicanaly0_.bias as bias2_16_,
        topicanaly0_.engagement_rate as engageme3_16_,
        topicanaly0_.likes as likes4_16_,
        topicanaly0_.shares as shares5_16_,
        topicanaly0_.views as views6_16_ 
    from
        topic_analytics topicanaly0_
Hibernate: 
    select
        publishera0_.analytics_id as analytic1_13_,
        publishera0_.bias as bias2_13_,
        publishera0_.engagement_rate as engageme3_13_,
        publishera0_.likes as likes4_13_,
        publishera0_.shares as shares5_13_,
        publishera0_.views as views6_13_ 
    from
        publisher_analytics publishera0_
Hibernate: 
    delete 
    from
        publisher_analytics 
    where
        analytics_id=?
Hibernate: 
    select
        authoranal0_.analytics_id as analytic1_4_,
        authoranal0_.bias as bias2_4_,
        authoranal0_.engagement_rate as engageme3_4_,
        authoranal0_.likes as likes4_4_,
        authoranal0_.shares as shares5_4_,
        authoranal0_.views as views6_4_ 
    from
        author_analytics authoranal0_
Hibernate: 
    insert 
    into
        publisher_analytics
        (bias, engagement_rate, likes, shares, views) 
    values
        (?, ?, ?, ?, ?)
Hibernate: 
    insert 
    into
        publisher
        (analytics_id, name) 
    values
        (?, ?)
Hibernate: 
    select
        publisher0_.entity_id as entity_i1_12_,
        publisher0_.analytics_id as analytic3_12_,
        publisher0_.name as name2_12_ 
    from
        publisher publisher0_
Hibernate: 
    select
        publishera0_.analytics_id as analytic1_13_0_,
        publishera0_.bias as bias2_13_0_,
        publishera0_.engagement_rate as engageme3_13_0_,
        publishera0_.likes as likes4_13_0_,
        publishera0_.shares as shares5_13_0_,
        publishera0_.views as views6_13_0_ 
    from
        publisher_analytics publishera0_ 
    where
        publishera0_.analytics_id=?
Hibernate: 
    select
        article0_.entity_id as entity_i1_0_,
        article0_.analytics_id as analytic4_0_,
        article0_.name as name2_0_,
        article0_.author_id as author_i5_0_,
        article0_.content as content3_0_,
        article0_.newspaper_id as newspape6_0_,
        article0_.owner_id as owner_id7_0_,
        article0_.publisher_id as publishe8_0_,
        article0_.topic_id as topic_id9_0_ 
    from
        article article0_
Hibernate: 
    select
        newspaper0_.entity_id as entity_i1_6_,
        newspaper0_.analytics_id as analytic3_6_,
        newspaper0_.name as name2_6_ 
    from
        newspaper newspaper0_
Hibernate: 
    select
        owner0_.entity_id as entity_i1_9_,
        owner0_.analytics_id as analytic3_9_,
        owner0_.name as name2_9_ 
    from
        owner owner0_
Hibernate: 
    select
        topic0_.entity_id as entity_i1_15_,
        topic0_.analytics_id as analytic3_15_,
        topic0_.name as name2_15_ 
    from
        topic topic0_
Hibernate: 
    select
        publisher0_.entity_id as entity_i1_12_,
        publisher0_.analytics_id as analytic3_12_,
        publisher0_.name as name2_12_ 
    from
        publisher publisher0_
Hibernate: 
    select
        publishera0_.analytics_id as analytic1_13_0_,
        publishera0_.bias as bias2_13_0_,
        publishera0_.engagement_rate as engageme3_13_0_,
        publishera0_.likes as likes4_13_0_,
        publishera0_.shares as shares5_13_0_,
        publishera0_.views as views6_13_0_ 
    from
        publisher_analytics publishera0_ 
    where
        publishera0_.analytics_id=?
Hibernate: 
    delete 
    from
        publisher 
    where
        entity_id=?
Hibernate: 
    select
        author0_.entity_id as entity_i1_3_,
        author0_.analytics_id as analytic3_3_,
        author0_.name as name2_3_ 
    from
        author author0_
Hibernate: 
    select
        articleana0_.analytics_id as analytic1_1_,
        articleana0_.bias as bias2_1_,
        articleana0_.engagement_rate as engageme3_1_,
        articleana0_.likes as likes4_1_,
        articleana0_.shares as shares5_1_,
        articleana0_.views as views6_1_ 
    from
        article_analytics articleana0_
Hibernate: 
    select
        newspapera0_.analytics_id as analytic1_7_,
        newspapera0_.bias as bias2_7_,
        newspapera0_.engagement_rate as engageme3_7_,
        newspapera0_.likes as likes4_7_,
        newspapera0_.shares as shares5_7_,
        newspapera0_.views as views6_7_ 
    from
        newspaper_analytics newspapera0_
Hibernate: 
    select
        owneranaly0_.analytics_id as analytic1_10_,
        owneranaly0_.bias as bias2_10_,
        owneranaly0_.engagement_rate as engageme3_10_,
        owneranaly0_.likes as likes4_10_,
        owneranaly0_.shares as shares5_10_,
        owneranaly0_.views as views6_10_ 
    from
        owner_analytics owneranaly0_
Hibernate: 
    select
        topicanaly0_.analytics_id as analytic1_16_,
        topicanaly0_.bias as bias2_16_,
        topicanaly0_.engagement_rate as engageme3_16_,
        topicanaly0_.likes as likes4_16_,
        topicanaly0_.shares as shares5_16_,
        topicanaly0_.views as views6_16_ 
    from
        topic_analytics topicanaly0_
Hibernate: 
    select
        publishera0_.analytics_id as analytic1_13_,
        publishera0_.bias as bias2_13_,
        publishera0_.engagement_rate as engageme3_13_,
        publishera0_.likes as likes4_13_,
        publishera0_.shares as shares5_13_,
        publishera0_.views as views6_13_ 
    from
        publisher_analytics publishera0_
Hibernate: 
    delete 
    from
        publisher_analytics 
    where
        analytics_id=?
Hibernate: 
    select
        authoranal0_.analytics_id as analytic1_4_,
        authoranal0_.bias as bias2_4_,
        authoranal0_.engagement_rate as engageme3_4_,
        authoranal0_.likes as likes4_4_,
        authoranal0_.shares as shares5_4_,
        authoranal0_.views as views6_4_ 
    from
        author_analytics authoranal0_
Hibernate: 
    insert 
    into
        publisher_analytics
        (bias, engagement_rate, likes, shares, views) 
    values
        (?, ?, ?, ?, ?)
Hibernate: 
    insert 
    into
        publisher
        (analytics_id, name) 
    values
        (?, ?)
Hibernate: 
    select
        publisher0_.entity_id as entity_i1_12_,
        publisher0_.analytics_id as analytic3_12_,
        publisher0_.name as name2_12_ 
    from
        publisher publisher0_ 
    where
        publisher0_.name=?
Hibernate: 
    select
        publishera0_.analytics_id as analytic1_13_0_,
        publishera0_.bias as bias2_13_0_,
        publishera0_.engagement_rate as engageme3_13_0_,
        publishera0_.likes as likes4_13_0_,
        publishera0_.shares as shares5_13_0_,
        publishera0_.views as views6_13_0_ 
    from
        publisher_analytics publishera0_ 
    where
        publishera0_.analytics_id=?
]]></system-out>
  <system-err><![CDATA[]]></system-err>
</testsuite>
