<?xml version="1.0" encoding="UTF-8"?>
<testsuite name="ssd.Entities.Publisher.PublisherControllerTest" tests="8" skipped="0" failures="0" errors="0" timestamp="2024-08-12T15:24:44" hostname="COMMODORE" time="0.127">
  <properties/>
  <testcase name="testGetAllPublishers_emptyDatabase()" classname="ssd.Entities.Publisher.PublisherControllerTest" time="0.015"/>
  <testcase name="testGetAllPublishers()" classname="ssd.Entities.Publisher.PublisherControllerTest" time="0.012"/>
  <testcase name="testGetPopularPublishers_noContent()" classname="ssd.Entities.Publisher.PublisherControllerTest" time="0.014"/>
  <testcase name="testGetPublisherById()" classname="ssd.Entities.Publisher.PublisherControllerTest" time="0.013"/>
  <testcase name="testGetPublishersByName_notFound()" classname="ssd.Entities.Publisher.PublisherControllerTest" time="0.024"/>
  <testcase name="testGetPublisherById_notFound()" classname="ssd.Entities.Publisher.PublisherControllerTest" time="0.015"/>
  <testcase name="testGetPopularPublishers()" classname="ssd.Entities.Publisher.PublisherControllerTest" time="0.012"/>
  <testcase name="testGetPublishersByName()" classname="ssd.Entities.Publisher.PublisherControllerTest" time="0.015"/>
  <system-out><![CDATA[2024-08-12 17:24:44.267  INFO 322418 --- [    Test worker] .b.t.c.SpringBootTestContextBootstrapper : Neither @ContextConfiguration nor @ContextHierarchy found for test class [ssd.Entities.Publisher.PublisherControllerTest], using SpringBootContextLoader
2024-08-12 17:24:44.267  INFO 322418 --- [    Test worker] o.s.t.c.support.AbstractContextLoader    : Could not detect default resource locations for test class [ssd.Entities.Publisher.PublisherControllerTest]: no resource found for suffixes {-context.xml, Context.groovy}.
2024-08-12 17:24:44.267  INFO 322418 --- [    Test worker] t.c.s.AnnotationConfigContextLoaderUtils : Could not detect default configuration classes for test class [ssd.Entities.Publisher.PublisherControllerTest]: PublisherControllerTest does not declare any static, non-private, non-final, nested classes annotated with @Configuration.
2024-08-12 17:24:44.269  INFO 322418 --- [    Test worker] .b.t.c.SpringBootTestContextBootstrapper : Found @SpringBootConfiguration ssd.SSDApplication for test class ssd.Entities.Publisher.PublisherControllerTest
2024-08-12 17:24:44.270  INFO 322418 --- [    Test worker] .b.t.c.SpringBootTestContextBootstrapper : Loaded default TestExecutionListener class names from location [META-INF/spring.factories]: [org.springframework.boot.test.autoconfigure.restdocs.RestDocsTestExecutionListener, org.springframework.boot.test.autoconfigure.web.client.MockRestServiceServerResetTestExecutionListener, org.springframework.boot.test.autoconfigure.web.servlet.MockMvcPrintOnlyOnFailureTestExecutionListener, org.springframework.boot.test.autoconfigure.web.servlet.WebDriverTestExecutionListener, org.springframework.boot.test.autoconfigure.webservices.client.MockWebServiceServerTestExecutionListener, org.springframework.boot.test.mock.mockito.MockitoTestExecutionListener, org.springframework.boot.test.mock.mockito.ResetMocksTestExecutionListener, org.springframework.test.context.web.ServletTestExecutionListener, org.springframework.test.context.support.DirtiesContextBeforeModesTestExecutionListener, org.springframework.test.context.event.ApplicationEventsTestExecutionListener, org.springframework.test.context.support.DependencyInjectionTestExecutionListener, org.springframework.test.context.support.DirtiesContextTestExecutionListener, org.springframework.test.context.transaction.TransactionalTestExecutionListener, org.springframework.test.context.jdbc.SqlScriptsTestExecutionListener, org.springframework.test.context.event.EventPublishingTestExecutionListener]
2024-08-12 17:24:44.270  INFO 322418 --- [    Test worker] .b.t.c.SpringBootTestContextBootstrapper : Using TestExecutionListeners: [org.springframework.test.context.web.ServletTestExecutionListener@68596992, org.springframework.test.context.support.DirtiesContextBeforeModesTestExecutionListener@5f0c45ae, org.springframework.test.context.event.ApplicationEventsTestExecutionListener@66d62c59, org.springframework.boot.test.mock.mockito.MockitoTestExecutionListener@f1b006b, org.springframework.boot.test.autoconfigure.SpringBootDependencyInjectionTestExecutionListener@2c2dfde3, org.springframework.test.context.support.DirtiesContextTestExecutionListener@1131fcfd, org.springframework.test.context.transaction.TransactionalTestExecutionListener@46d2be66, org.springframework.test.context.jdbc.SqlScriptsTestExecutionListener@119de68f, org.springframework.test.context.event.EventPublishingTestExecutionListener@529cd3ba, org.springframework.boot.test.autoconfigure.restdocs.RestDocsTestExecutionListener@4c541b00, org.springframework.boot.test.autoconfigure.web.client.MockRestServiceServerResetTestExecutionListener@1f26bd62, org.springframework.boot.test.autoconfigure.web.servlet.MockMvcPrintOnlyOnFailureTestExecutionListener@61f18997, org.springframework.boot.test.autoconfigure.web.servlet.WebDriverTestExecutionListener@55448710, org.springframework.boot.test.autoconfigure.webservices.client.MockWebServiceServerTestExecutionListener@39240aa3, org.springframework.boot.test.mock.mockito.ResetMocksTestExecutionListener@13c36d48]
Hibernate: 
    select
        article0_.entity_id as entity_i1_0_,
        article0_.analytics_id as analytic4_0_,
        article0_.name as name2_0_,
        article0_.author_id as author_i5_0_,
        article0_.content as content3_0_,
        article0_.newspaper_id as newspape6_0_,
        article0_.owner_id as owner_id7_0_,
        article0_.publisher_id as publishe8_0_,
        article0_.topic_id as topic_id9_0_ 
    from
        article article0_
Hibernate: 
    select
        newspaper0_.entity_id as entity_i1_4_,
        newspaper0_.analytics_id as analytic3_4_,
        newspaper0_.name as name2_4_ 
    from
        newspaper newspaper0_
Hibernate: 
    select
        owner0_.entity_id as entity_i1_6_,
        owner0_.analytics_id as analytic3_6_,
        owner0_.name as name2_6_ 
    from
        owner owner0_
Hibernate: 
    select
        owneranaly0_.analytics_id as analytic1_7_0_,
        owneranaly0_.bias as bias2_7_0_,
        owneranaly0_.engagement_rate as engageme3_7_0_,
        owneranaly0_.likes as likes4_7_0_,
        owneranaly0_.shares as shares5_7_0_,
        owneranaly0_.views as views6_7_0_ 
    from
        owner_analytics owneranaly0_ 
    where
        owneranaly0_.analytics_id=?
Hibernate: 
    delete 
    from
        owner 
    where
        entity_id=?
Hibernate: 
    select
        topic0_.entity_id as entity_i1_10_,
        topic0_.analytics_id as analytic3_10_,
        topic0_.name as name2_10_ 
    from
        topic topic0_
Hibernate: 
    select
        publisher0_.entity_id as entity_i1_8_,
        publisher0_.analytics_id as analytic3_8_,
        publisher0_.name as name2_8_ 
    from
        publisher publisher0_
Hibernate: 
    select
        author0_.entity_id as entity_i1_2_,
        author0_.analytics_id as analytic3_2_,
        author0_.name as name2_2_ 
    from
        author author0_
Hibernate: 
    select
        articleana0_.analytics_id as analytic1_1_,
        articleana0_.bias as bias2_1_,
        articleana0_.engagement_rate as engageme3_1_,
        articleana0_.likes as likes4_1_,
        articleana0_.shares as shares5_1_,
        articleana0_.views as views6_1_ 
    from
        article_analytics articleana0_
Hibernate: 
    select
        newspapera0_.analytics_id as analytic1_5_,
        newspapera0_.bias as bias2_5_,
        newspapera0_.engagement_rate as engageme3_5_,
        newspapera0_.likes as likes4_5_,
        newspapera0_.shares as shares5_5_,
        newspapera0_.views as views6_5_ 
    from
        newspaper_analytics newspapera0_
Hibernate: 
    select
        owneranaly0_.analytics_id as analytic1_7_,
        owneranaly0_.bias as bias2_7_,
        owneranaly0_.engagement_rate as engageme3_7_,
        owneranaly0_.likes as likes4_7_,
        owneranaly0_.shares as shares5_7_,
        owneranaly0_.views as views6_7_ 
    from
        owner_analytics owneranaly0_
Hibernate: 
    delete 
    from
        owner_analytics 
    where
        analytics_id=?
Hibernate: 
    select
        topicanaly0_.analytics_id as analytic1_11_,
        topicanaly0_.bias as bias2_11_,
        topicanaly0_.engagement_rate as engageme3_11_,
        topicanaly0_.likes as likes4_11_,
        topicanaly0_.shares as shares5_11_,
        topicanaly0_.views as views6_11_ 
    from
        topic_analytics topicanaly0_
Hibernate: 
    select
        publishera0_.analytics_id as analytic1_9_,
        publishera0_.bias as bias2_9_,
        publishera0_.engagement_rate as engageme3_9_,
        publishera0_.likes as likes4_9_,
        publishera0_.shares as shares5_9_,
        publishera0_.views as views6_9_ 
    from
        publisher_analytics publishera0_
Hibernate: 
    select
        authoranal0_.analytics_id as analytic1_3_,
        authoranal0_.bias as bias2_3_,
        authoranal0_.engagement_rate as engageme3_3_,
        authoranal0_.likes as likes4_3_,
        authoranal0_.shares as shares5_3_,
        authoranal0_.views as views6_3_ 
    from
        author_analytics authoranal0_
Hibernate: 
    insert 
    into
        publisher_analytics
        (bias, engagement_rate, likes, shares, views) 
    values
        (?, ?, ?, ?, ?)
Hibernate: 
    insert 
    into
        publisher
        (analytics_id, name) 
    values
        (?, ?)
Hibernate: 
    select
        publisher0_.entity_id as entity_i1_8_,
        publisher0_.analytics_id as analytic3_8_,
        publisher0_.name as name2_8_ 
    from
        publisher publisher0_
Hibernate: 
    select
        publishera0_.analytics_id as analytic1_9_0_,
        publishera0_.bias as bias2_9_0_,
        publishera0_.engagement_rate as engageme3_9_0_,
        publishera0_.likes as likes4_9_0_,
        publishera0_.shares as shares5_9_0_,
        publishera0_.views as views6_9_0_ 
    from
        publisher_analytics publishera0_ 
    where
        publishera0_.analytics_id=?
Hibernate: 
    delete 
    from
        publisher 
    where
        entity_id=?
Hibernate: 
    select
        publisher0_.entity_id as entity_i1_8_,
        publisher0_.analytics_id as analytic3_8_,
        publisher0_.name as name2_8_ 
    from
        publisher publisher0_
Hibernate: 
    select
        article0_.entity_id as entity_i1_0_,
        article0_.analytics_id as analytic4_0_,
        article0_.name as name2_0_,
        article0_.author_id as author_i5_0_,
        article0_.content as content3_0_,
        article0_.newspaper_id as newspape6_0_,
        article0_.owner_id as owner_id7_0_,
        article0_.publisher_id as publishe8_0_,
        article0_.topic_id as topic_id9_0_ 
    from
        article article0_
Hibernate: 
    select
        newspaper0_.entity_id as entity_i1_4_,
        newspaper0_.analytics_id as analytic3_4_,
        newspaper0_.name as name2_4_ 
    from
        newspaper newspaper0_
Hibernate: 
    select
        owner0_.entity_id as entity_i1_6_,
        owner0_.analytics_id as analytic3_6_,
        owner0_.name as name2_6_ 
    from
        owner owner0_
Hibernate: 
    select
        topic0_.entity_id as entity_i1_10_,
        topic0_.analytics_id as analytic3_10_,
        topic0_.name as name2_10_ 
    from
        topic topic0_
Hibernate: 
    select
        publisher0_.entity_id as entity_i1_8_,
        publisher0_.analytics_id as analytic3_8_,
        publisher0_.name as name2_8_ 
    from
        publisher publisher0_
Hibernate: 
    select
        author0_.entity_id as entity_i1_2_,
        author0_.analytics_id as analytic3_2_,
        author0_.name as name2_2_ 
    from
        author author0_
Hibernate: 
    select
        articleana0_.analytics_id as analytic1_1_,
        articleana0_.bias as bias2_1_,
        articleana0_.engagement_rate as engageme3_1_,
        articleana0_.likes as likes4_1_,
        articleana0_.shares as shares5_1_,
        articleana0_.views as views6_1_ 
    from
        article_analytics articleana0_
Hibernate: 
    select
        newspapera0_.analytics_id as analytic1_5_,
        newspapera0_.bias as bias2_5_,
        newspapera0_.engagement_rate as engageme3_5_,
        newspapera0_.likes as likes4_5_,
        newspapera0_.shares as shares5_5_,
        newspapera0_.views as views6_5_ 
    from
        newspaper_analytics newspapera0_
Hibernate: 
    select
        owneranaly0_.analytics_id as analytic1_7_,
        owneranaly0_.bias as bias2_7_,
        owneranaly0_.engagement_rate as engageme3_7_,
        owneranaly0_.likes as likes4_7_,
        owneranaly0_.shares as shares5_7_,
        owneranaly0_.views as views6_7_ 
    from
        owner_analytics owneranaly0_
Hibernate: 
    select
        topicanaly0_.analytics_id as analytic1_11_,
        topicanaly0_.bias as bias2_11_,
        topicanaly0_.engagement_rate as engageme3_11_,
        topicanaly0_.likes as likes4_11_,
        topicanaly0_.shares as shares5_11_,
        topicanaly0_.views as views6_11_ 
    from
        topic_analytics topicanaly0_
Hibernate: 
    select
        publishera0_.analytics_id as analytic1_9_,
        publishera0_.bias as bias2_9_,
        publishera0_.engagement_rate as engageme3_9_,
        publishera0_.likes as likes4_9_,
        publishera0_.shares as shares5_9_,
        publishera0_.views as views6_9_ 
    from
        publisher_analytics publishera0_
Hibernate: 
    delete 
    from
        publisher_analytics 
    where
        analytics_id=?
Hibernate: 
    select
        authoranal0_.analytics_id as analytic1_3_,
        authoranal0_.bias as bias2_3_,
        authoranal0_.engagement_rate as engageme3_3_,
        authoranal0_.likes as likes4_3_,
        authoranal0_.shares as shares5_3_,
        authoranal0_.views as views6_3_ 
    from
        author_analytics authoranal0_
Hibernate: 
    insert 
    into
        publisher_analytics
        (bias, engagement_rate, likes, shares, views) 
    values
        (?, ?, ?, ?, ?)
Hibernate: 
    insert 
    into
        publisher
        (analytics_id, name) 
    values
        (?, ?)
Hibernate: 
    select
        publisher0_.entity_id as entity_i1_8_,
        publisher0_.analytics_id as analytic3_8_,
        publisher0_.name as name2_8_ 
    from
        publisher publisher0_
Hibernate: 
    select
        publishera0_.analytics_id as analytic1_9_0_,
        publishera0_.bias as bias2_9_0_,
        publishera0_.engagement_rate as engageme3_9_0_,
        publishera0_.likes as likes4_9_0_,
        publishera0_.shares as shares5_9_0_,
        publishera0_.views as views6_9_0_ 
    from
        publisher_analytics publishera0_ 
    where
        publishera0_.analytics_id=?
Hibernate: 
    select
        article0_.entity_id as entity_i1_0_,
        article0_.analytics_id as analytic4_0_,
        article0_.name as name2_0_,
        article0_.author_id as author_i5_0_,
        article0_.content as content3_0_,
        article0_.newspaper_id as newspape6_0_,
        article0_.owner_id as owner_id7_0_,
        article0_.publisher_id as publishe8_0_,
        article0_.topic_id as topic_id9_0_ 
    from
        article article0_
Hibernate: 
    select
        newspaper0_.entity_id as entity_i1_4_,
        newspaper0_.analytics_id as analytic3_4_,
        newspaper0_.name as name2_4_ 
    from
        newspaper newspaper0_
Hibernate: 
    select
        owner0_.entity_id as entity_i1_6_,
        owner0_.analytics_id as analytic3_6_,
        owner0_.name as name2_6_ 
    from
        owner owner0_
Hibernate: 
    select
        topic0_.entity_id as entity_i1_10_,
        topic0_.analytics_id as analytic3_10_,
        topic0_.name as name2_10_ 
    from
        topic topic0_
Hibernate: 
    select
        publisher0_.entity_id as entity_i1_8_,
        publisher0_.analytics_id as analytic3_8_,
        publisher0_.name as name2_8_ 
    from
        publisher publisher0_
Hibernate: 
    select
        publishera0_.analytics_id as analytic1_9_0_,
        publishera0_.bias as bias2_9_0_,
        publishera0_.engagement_rate as engageme3_9_0_,
        publishera0_.likes as likes4_9_0_,
        publishera0_.shares as shares5_9_0_,
        publishera0_.views as views6_9_0_ 
    from
        publisher_analytics publishera0_ 
    where
        publishera0_.analytics_id=?
Hibernate: 
    delete 
    from
        publisher 
    where
        entity_id=?
Hibernate: 
    select
        author0_.entity_id as entity_i1_2_,
        author0_.analytics_id as analytic3_2_,
        author0_.name as name2_2_ 
    from
        author author0_
Hibernate: 
    select
        articleana0_.analytics_id as analytic1_1_,
        articleana0_.bias as bias2_1_,
        articleana0_.engagement_rate as engageme3_1_,
        articleana0_.likes as likes4_1_,
        articleana0_.shares as shares5_1_,
        articleana0_.views as views6_1_ 
    from
        article_analytics articleana0_
Hibernate: 
    select
        newspapera0_.analytics_id as analytic1_5_,
        newspapera0_.bias as bias2_5_,
        newspapera0_.engagement_rate as engageme3_5_,
        newspapera0_.likes as likes4_5_,
        newspapera0_.shares as shares5_5_,
        newspapera0_.views as views6_5_ 
    from
        newspaper_analytics newspapera0_
Hibernate: 
    select
        owneranaly0_.analytics_id as analytic1_7_,
        owneranaly0_.bias as bias2_7_,
        owneranaly0_.engagement_rate as engageme3_7_,
        owneranaly0_.likes as likes4_7_,
        owneranaly0_.shares as shares5_7_,
        owneranaly0_.views as views6_7_ 
    from
        owner_analytics owneranaly0_
Hibernate: 
    select
        topicanaly0_.analytics_id as analytic1_11_,
        topicanaly0_.bias as bias2_11_,
        topicanaly0_.engagement_rate as engageme3_11_,
        topicanaly0_.likes as likes4_11_,
        topicanaly0_.shares as shares5_11_,
        topicanaly0_.views as views6_11_ 
    from
        topic_analytics topicanaly0_
Hibernate: 
    select
        publishera0_.analytics_id as analytic1_9_,
        publishera0_.bias as bias2_9_,
        publishera0_.engagement_rate as engageme3_9_,
        publishera0_.likes as likes4_9_,
        publishera0_.shares as shares5_9_,
        publishera0_.views as views6_9_ 
    from
        publisher_analytics publishera0_
Hibernate: 
    delete 
    from
        publisher_analytics 
    where
        analytics_id=?
Hibernate: 
    select
        authoranal0_.analytics_id as analytic1_3_,
        authoranal0_.bias as bias2_3_,
        authoranal0_.engagement_rate as engageme3_3_,
        authoranal0_.likes as likes4_3_,
        authoranal0_.shares as shares5_3_,
        authoranal0_.views as views6_3_ 
    from
        author_analytics authoranal0_
Hibernate: 
    insert 
    into
        publisher_analytics
        (bias, engagement_rate, likes, shares, views) 
    values
        (?, ?, ?, ?, ?)
Hibernate: 
    insert 
    into
        publisher
        (analytics_id, name) 
    values
        (?, ?)
Hibernate: 
    select
        publisher0_.entity_id as entity_i1_8_,
        publisher0_.analytics_id as analytic3_8_,
        publisher0_.name as name2_8_ 
    from
        publisher publisher0_
Hibernate: 
    select
        publishera0_.analytics_id as analytic1_9_0_,
        publishera0_.bias as bias2_9_0_,
        publishera0_.engagement_rate as engageme3_9_0_,
        publishera0_.likes as likes4_9_0_,
        publishera0_.shares as shares5_9_0_,
        publishera0_.views as views6_9_0_ 
    from
        publisher_analytics publishera0_ 
    where
        publishera0_.analytics_id=?
Hibernate: 
    delete 
    from
        publisher 
    where
        entity_id=?
Hibernate: 
    select
        publisher0_.entity_id as entity_i1_8_,
        publisher0_.analytics_id as analytic3_8_,
        publisher0_.name as name2_8_ 
    from
        publisher publisher0_
Hibernate: 
    select
        article0_.entity_id as entity_i1_0_,
        article0_.analytics_id as analytic4_0_,
        article0_.name as name2_0_,
        article0_.author_id as author_i5_0_,
        article0_.content as content3_0_,
        article0_.newspaper_id as newspape6_0_,
        article0_.owner_id as owner_id7_0_,
        article0_.publisher_id as publishe8_0_,
        article0_.topic_id as topic_id9_0_ 
    from
        article article0_
Hibernate: 
    select
        newspaper0_.entity_id as entity_i1_4_,
        newspaper0_.analytics_id as analytic3_4_,
        newspaper0_.name as name2_4_ 
    from
        newspaper newspaper0_
Hibernate: 
    select
        owner0_.entity_id as entity_i1_6_,
        owner0_.analytics_id as analytic3_6_,
        owner0_.name as name2_6_ 
    from
        owner owner0_
Hibernate: 
    select
        topic0_.entity_id as entity_i1_10_,
        topic0_.analytics_id as analytic3_10_,
        topic0_.name as name2_10_ 
    from
        topic topic0_
Hibernate: 
    select
        publisher0_.entity_id as entity_i1_8_,
        publisher0_.analytics_id as analytic3_8_,
        publisher0_.name as name2_8_ 
    from
        publisher publisher0_
Hibernate: 
    select
        author0_.entity_id as entity_i1_2_,
        author0_.analytics_id as analytic3_2_,
        author0_.name as name2_2_ 
    from
        author author0_
Hibernate: 
    select
        articleana0_.analytics_id as analytic1_1_,
        articleana0_.bias as bias2_1_,
        articleana0_.engagement_rate as engageme3_1_,
        articleana0_.likes as likes4_1_,
        articleana0_.shares as shares5_1_,
        articleana0_.views as views6_1_ 
    from
        article_analytics articleana0_
Hibernate: 
    select
        newspapera0_.analytics_id as analytic1_5_,
        newspapera0_.bias as bias2_5_,
        newspapera0_.engagement_rate as engageme3_5_,
        newspapera0_.likes as likes4_5_,
        newspapera0_.shares as shares5_5_,
        newspapera0_.views as views6_5_ 
    from
        newspaper_analytics newspapera0_
Hibernate: 
    select
        owneranaly0_.analytics_id as analytic1_7_,
        owneranaly0_.bias as bias2_7_,
        owneranaly0_.engagement_rate as engageme3_7_,
        owneranaly0_.likes as likes4_7_,
        owneranaly0_.shares as shares5_7_,
        owneranaly0_.views as views6_7_ 
    from
        owner_analytics owneranaly0_
Hibernate: 
    select
        topicanaly0_.analytics_id as analytic1_11_,
        topicanaly0_.bias as bias2_11_,
        topicanaly0_.engagement_rate as engageme3_11_,
        topicanaly0_.likes as likes4_11_,
        topicanaly0_.shares as shares5_11_,
        topicanaly0_.views as views6_11_ 
    from
        topic_analytics topicanaly0_
Hibernate: 
    select
        publishera0_.analytics_id as analytic1_9_,
        publishera0_.bias as bias2_9_,
        publishera0_.engagement_rate as engageme3_9_,
        publishera0_.likes as likes4_9_,
        publishera0_.shares as shares5_9_,
        publishera0_.views as views6_9_ 
    from
        publisher_analytics publishera0_
Hibernate: 
    delete 
    from
        publisher_analytics 
    where
        analytics_id=?
Hibernate: 
    select
        authoranal0_.analytics_id as analytic1_3_,
        authoranal0_.bias as bias2_3_,
        authoranal0_.engagement_rate as engageme3_3_,
        authoranal0_.likes as likes4_3_,
        authoranal0_.shares as shares5_3_,
        authoranal0_.views as views6_3_ 
    from
        author_analytics authoranal0_
Hibernate: 
    insert 
    into
        publisher_analytics
        (bias, engagement_rate, likes, shares, views) 
    values
        (?, ?, ?, ?, ?)
Hibernate: 
    insert 
    into
        publisher
        (analytics_id, name) 
    values
        (?, ?)
Hibernate: 
    select
        publisher0_.entity_id as entity_i1_8_,
        publisher0_.analytics_id as analytic3_8_,
        publisher0_.name as name2_8_ 
    from
        publisher publisher0_
Hibernate: 
    select
        publishera0_.analytics_id as analytic1_9_0_,
        publishera0_.bias as bias2_9_0_,
        publishera0_.engagement_rate as engageme3_9_0_,
        publishera0_.likes as likes4_9_0_,
        publishera0_.shares as shares5_9_0_,
        publishera0_.views as views6_9_0_ 
    from
        publisher_analytics publishera0_ 
    where
        publishera0_.analytics_id=?
Hibernate: 
    select
        publisher0_.entity_id as entity_i1_8_0_,
        publisher0_.analytics_id as analytic3_8_0_,
        publisher0_.name as name2_8_0_,
        publishera1_.analytics_id as analytic1_9_1_,
        publishera1_.bias as bias2_9_1_,
        publishera1_.engagement_rate as engageme3_9_1_,
        publishera1_.likes as likes4_9_1_,
        publishera1_.shares as shares5_9_1_,
        publishera1_.views as views6_9_1_ 
    from
        publisher publisher0_ 
    inner join
        publisher_analytics publishera1_ 
            on publisher0_.analytics_id=publishera1_.analytics_id 
    where
        publisher0_.entity_id=?
Hibernate: 
    select
        article0_.entity_id as entity_i1_0_,
        article0_.analytics_id as analytic4_0_,
        article0_.name as name2_0_,
        article0_.author_id as author_i5_0_,
        article0_.content as content3_0_,
        article0_.newspaper_id as newspape6_0_,
        article0_.owner_id as owner_id7_0_,
        article0_.publisher_id as publishe8_0_,
        article0_.topic_id as topic_id9_0_ 
    from
        article article0_
Hibernate: 
    select
        newspaper0_.entity_id as entity_i1_4_,
        newspaper0_.analytics_id as analytic3_4_,
        newspaper0_.name as name2_4_ 
    from
        newspaper newspaper0_
Hibernate: 
    select
        owner0_.entity_id as entity_i1_6_,
        owner0_.analytics_id as analytic3_6_,
        owner0_.name as name2_6_ 
    from
        owner owner0_
Hibernate: 
    select
        topic0_.entity_id as entity_i1_10_,
        topic0_.analytics_id as analytic3_10_,
        topic0_.name as name2_10_ 
    from
        topic topic0_
Hibernate: 
    select
        publisher0_.entity_id as entity_i1_8_,
        publisher0_.analytics_id as analytic3_8_,
        publisher0_.name as name2_8_ 
    from
        publisher publisher0_
Hibernate: 
    select
        publishera0_.analytics_id as analytic1_9_0_,
        publishera0_.bias as bias2_9_0_,
        publishera0_.engagement_rate as engageme3_9_0_,
        publishera0_.likes as likes4_9_0_,
        publishera0_.shares as shares5_9_0_,
        publishera0_.views as views6_9_0_ 
    from
        publisher_analytics publishera0_ 
    where
        publishera0_.analytics_id=?
Hibernate: 
    delete 
    from
        publisher 
    where
        entity_id=?
Hibernate: 
    select
        author0_.entity_id as entity_i1_2_,
        author0_.analytics_id as analytic3_2_,
        author0_.name as name2_2_ 
    from
        author author0_
Hibernate: 
    select
        articleana0_.analytics_id as analytic1_1_,
        articleana0_.bias as bias2_1_,
        articleana0_.engagement_rate as engageme3_1_,
        articleana0_.likes as likes4_1_,
        articleana0_.shares as shares5_1_,
        articleana0_.views as views6_1_ 
    from
        article_analytics articleana0_
Hibernate: 
    select
        newspapera0_.analytics_id as analytic1_5_,
        newspapera0_.bias as bias2_5_,
        newspapera0_.engagement_rate as engageme3_5_,
        newspapera0_.likes as likes4_5_,
        newspapera0_.shares as shares5_5_,
        newspapera0_.views as views6_5_ 
    from
        newspaper_analytics newspapera0_
Hibernate: 
    select
        owneranaly0_.analytics_id as analytic1_7_,
        owneranaly0_.bias as bias2_7_,
        owneranaly0_.engagement_rate as engageme3_7_,
        owneranaly0_.likes as likes4_7_,
        owneranaly0_.shares as shares5_7_,
        owneranaly0_.views as views6_7_ 
    from
        owner_analytics owneranaly0_
Hibernate: 
    select
        topicanaly0_.analytics_id as analytic1_11_,
        topicanaly0_.bias as bias2_11_,
        topicanaly0_.engagement_rate as engageme3_11_,
        topicanaly0_.likes as likes4_11_,
        topicanaly0_.shares as shares5_11_,
        topicanaly0_.views as views6_11_ 
    from
        topic_analytics topicanaly0_
Hibernate: 
    select
        publishera0_.analytics_id as analytic1_9_,
        publishera0_.bias as bias2_9_,
        publishera0_.engagement_rate as engageme3_9_,
        publishera0_.likes as likes4_9_,
        publishera0_.shares as shares5_9_,
        publishera0_.views as views6_9_ 
    from
        publisher_analytics publishera0_
Hibernate: 
    delete 
    from
        publisher_analytics 
    where
        analytics_id=?
Hibernate: 
    select
        authoranal0_.analytics_id as analytic1_3_,
        authoranal0_.bias as bias2_3_,
        authoranal0_.engagement_rate as engageme3_3_,
        authoranal0_.likes as likes4_3_,
        authoranal0_.shares as shares5_3_,
        authoranal0_.views as views6_3_ 
    from
        author_analytics authoranal0_
Hibernate: 
    insert 
    into
        publisher_analytics
        (bias, engagement_rate, likes, shares, views) 
    values
        (?, ?, ?, ?, ?)
Hibernate: 
    insert 
    into
        publisher
        (analytics_id, name) 
    values
        (?, ?)
Hibernate: 
    select
        publisher0_.entity_id as entity_i1_8_,
        publisher0_.analytics_id as analytic3_8_,
        publisher0_.name as name2_8_ 
    from
        publisher publisher0_ 
    where
        publisher0_.name=?
Hibernate: 
    select
        article0_.entity_id as entity_i1_0_,
        article0_.analytics_id as analytic4_0_,
        article0_.name as name2_0_,
        article0_.author_id as author_i5_0_,
        article0_.content as content3_0_,
        article0_.newspaper_id as newspape6_0_,
        article0_.owner_id as owner_id7_0_,
        article0_.publisher_id as publishe8_0_,
        article0_.topic_id as topic_id9_0_ 
    from
        article article0_
Hibernate: 
    select
        newspaper0_.entity_id as entity_i1_4_,
        newspaper0_.analytics_id as analytic3_4_,
        newspaper0_.name as name2_4_ 
    from
        newspaper newspaper0_
Hibernate: 
    select
        owner0_.entity_id as entity_i1_6_,
        owner0_.analytics_id as analytic3_6_,
        owner0_.name as name2_6_ 
    from
        owner owner0_
Hibernate: 
    select
        topic0_.entity_id as entity_i1_10_,
        topic0_.analytics_id as analytic3_10_,
        topic0_.name as name2_10_ 
    from
        topic topic0_
Hibernate: 
    select
        publisher0_.entity_id as entity_i1_8_,
        publisher0_.analytics_id as analytic3_8_,
        publisher0_.name as name2_8_ 
    from
        publisher publisher0_
Hibernate: 
    select
        publishera0_.analytics_id as analytic1_9_0_,
        publishera0_.bias as bias2_9_0_,
        publishera0_.engagement_rate as engageme3_9_0_,
        publishera0_.likes as likes4_9_0_,
        publishera0_.shares as shares5_9_0_,
        publishera0_.views as views6_9_0_ 
    from
        publisher_analytics publishera0_ 
    where
        publishera0_.analytics_id=?
Hibernate: 
    delete 
    from
        publisher 
    where
        entity_id=?
Hibernate: 
    select
        author0_.entity_id as entity_i1_2_,
        author0_.analytics_id as analytic3_2_,
        author0_.name as name2_2_ 
    from
        author author0_
Hibernate: 
    select
        articleana0_.analytics_id as analytic1_1_,
        articleana0_.bias as bias2_1_,
        articleana0_.engagement_rate as engageme3_1_,
        articleana0_.likes as likes4_1_,
        articleana0_.shares as shares5_1_,
        articleana0_.views as views6_1_ 
    from
        article_analytics articleana0_
Hibernate: 
    select
        newspapera0_.analytics_id as analytic1_5_,
        newspapera0_.bias as bias2_5_,
        newspapera0_.engagement_rate as engageme3_5_,
        newspapera0_.likes as likes4_5_,
        newspapera0_.shares as shares5_5_,
        newspapera0_.views as views6_5_ 
    from
        newspaper_analytics newspapera0_
Hibernate: 
    select
        owneranaly0_.analytics_id as analytic1_7_,
        owneranaly0_.bias as bias2_7_,
        owneranaly0_.engagement_rate as engageme3_7_,
        owneranaly0_.likes as likes4_7_,
        owneranaly0_.shares as shares5_7_,
        owneranaly0_.views as views6_7_ 
    from
        owner_analytics owneranaly0_
Hibernate: 
    select
        topicanaly0_.analytics_id as analytic1_11_,
        topicanaly0_.bias as bias2_11_,
        topicanaly0_.engagement_rate as engageme3_11_,
        topicanaly0_.likes as likes4_11_,
        topicanaly0_.shares as shares5_11_,
        topicanaly0_.views as views6_11_ 
    from
        topic_analytics topicanaly0_
Hibernate: 
    select
        publishera0_.analytics_id as analytic1_9_,
        publishera0_.bias as bias2_9_,
        publishera0_.engagement_rate as engageme3_9_,
        publishera0_.likes as likes4_9_,
        publishera0_.shares as shares5_9_,
        publishera0_.views as views6_9_ 
    from
        publisher_analytics publishera0_
Hibernate: 
    delete 
    from
        publisher_analytics 
    where
        analytics_id=?
Hibernate: 
    select
        authoranal0_.analytics_id as analytic1_3_,
        authoranal0_.bias as bias2_3_,
        authoranal0_.engagement_rate as engageme3_3_,
        authoranal0_.likes as likes4_3_,
        authoranal0_.shares as shares5_3_,
        authoranal0_.views as views6_3_ 
    from
        author_analytics authoranal0_
Hibernate: 
    insert 
    into
        publisher_analytics
        (bias, engagement_rate, likes, shares, views) 
    values
        (?, ?, ?, ?, ?)
Hibernate: 
    insert 
    into
        publisher
        (analytics_id, name) 
    values
        (?, ?)
Hibernate: 
    select
        publisher0_.entity_id as entity_i1_8_0_,
        publisher0_.analytics_id as analytic3_8_0_,
        publisher0_.name as name2_8_0_,
        publishera1_.analytics_id as analytic1_9_1_,
        publishera1_.bias as bias2_9_1_,
        publishera1_.engagement_rate as engageme3_9_1_,
        publishera1_.likes as likes4_9_1_,
        publishera1_.shares as shares5_9_1_,
        publishera1_.views as views6_9_1_ 
    from
        publisher publisher0_ 
    inner join
        publisher_analytics publishera1_ 
            on publisher0_.analytics_id=publishera1_.analytics_id 
    where
        publisher0_.entity_id=?
Hibernate: 
    select
        article0_.entity_id as entity_i1_0_,
        article0_.analytics_id as analytic4_0_,
        article0_.name as name2_0_,
        article0_.author_id as author_i5_0_,
        article0_.content as content3_0_,
        article0_.newspaper_id as newspape6_0_,
        article0_.owner_id as owner_id7_0_,
        article0_.publisher_id as publishe8_0_,
        article0_.topic_id as topic_id9_0_ 
    from
        article article0_
Hibernate: 
    select
        newspaper0_.entity_id as entity_i1_4_,
        newspaper0_.analytics_id as analytic3_4_,
        newspaper0_.name as name2_4_ 
    from
        newspaper newspaper0_
Hibernate: 
    select
        owner0_.entity_id as entity_i1_6_,
        owner0_.analytics_id as analytic3_6_,
        owner0_.name as name2_6_ 
    from
        owner owner0_
Hibernate: 
    select
        topic0_.entity_id as entity_i1_10_,
        topic0_.analytics_id as analytic3_10_,
        topic0_.name as name2_10_ 
    from
        topic topic0_
Hibernate: 
    select
        publisher0_.entity_id as entity_i1_8_,
        publisher0_.analytics_id as analytic3_8_,
        publisher0_.name as name2_8_ 
    from
        publisher publisher0_
Hibernate: 
    select
        publishera0_.analytics_id as analytic1_9_0_,
        publishera0_.bias as bias2_9_0_,
        publishera0_.engagement_rate as engageme3_9_0_,
        publishera0_.likes as likes4_9_0_,
        publishera0_.shares as shares5_9_0_,
        publishera0_.views as views6_9_0_ 
    from
        publisher_analytics publishera0_ 
    where
        publishera0_.analytics_id=?
Hibernate: 
    delete 
    from
        publisher 
    where
        entity_id=?
Hibernate: 
    select
        author0_.entity_id as entity_i1_2_,
        author0_.analytics_id as analytic3_2_,
        author0_.name as name2_2_ 
    from
        author author0_
Hibernate: 
    select
        articleana0_.analytics_id as analytic1_1_,
        articleana0_.bias as bias2_1_,
        articleana0_.engagement_rate as engageme3_1_,
        articleana0_.likes as likes4_1_,
        articleana0_.shares as shares5_1_,
        articleana0_.views as views6_1_ 
    from
        article_analytics articleana0_
Hibernate: 
    select
        newspapera0_.analytics_id as analytic1_5_,
        newspapera0_.bias as bias2_5_,
        newspapera0_.engagement_rate as engageme3_5_,
        newspapera0_.likes as likes4_5_,
        newspapera0_.shares as shares5_5_,
        newspapera0_.views as views6_5_ 
    from
        newspaper_analytics newspapera0_
Hibernate: 
    select
        owneranaly0_.analytics_id as analytic1_7_,
        owneranaly0_.bias as bias2_7_,
        owneranaly0_.engagement_rate as engageme3_7_,
        owneranaly0_.likes as likes4_7_,
        owneranaly0_.shares as shares5_7_,
        owneranaly0_.views as views6_7_ 
    from
        owner_analytics owneranaly0_
Hibernate: 
    select
        topicanaly0_.analytics_id as analytic1_11_,
        topicanaly0_.bias as bias2_11_,
        topicanaly0_.engagement_rate as engageme3_11_,
        topicanaly0_.likes as likes4_11_,
        topicanaly0_.shares as shares5_11_,
        topicanaly0_.views as views6_11_ 
    from
        topic_analytics topicanaly0_
Hibernate: 
    select
        publishera0_.analytics_id as analytic1_9_,
        publishera0_.bias as bias2_9_,
        publishera0_.engagement_rate as engageme3_9_,
        publishera0_.likes as likes4_9_,
        publishera0_.shares as shares5_9_,
        publishera0_.views as views6_9_ 
    from
        publisher_analytics publishera0_
Hibernate: 
    delete 
    from
        publisher_analytics 
    where
        analytics_id=?
Hibernate: 
    select
        authoranal0_.analytics_id as analytic1_3_,
        authoranal0_.bias as bias2_3_,
        authoranal0_.engagement_rate as engageme3_3_,
        authoranal0_.likes as likes4_3_,
        authoranal0_.shares as shares5_3_,
        authoranal0_.views as views6_3_ 
    from
        author_analytics authoranal0_
Hibernate: 
    insert 
    into
        publisher_analytics
        (bias, engagement_rate, likes, shares, views) 
    values
        (?, ?, ?, ?, ?)
Hibernate: 
    insert 
    into
        publisher
        (analytics_id, name) 
    values
        (?, ?)
Hibernate: 
    select
        publisher0_.entity_id as entity_i1_8_,
        publisher0_.analytics_id as analytic3_8_,
        publisher0_.name as name2_8_ 
    from
        publisher publisher0_
Hibernate: 
    select
        publishera0_.analytics_id as analytic1_9_0_,
        publishera0_.bias as bias2_9_0_,
        publishera0_.engagement_rate as engageme3_9_0_,
        publishera0_.likes as likes4_9_0_,
        publishera0_.shares as shares5_9_0_,
        publishera0_.views as views6_9_0_ 
    from
        publisher_analytics publishera0_ 
    where
        publishera0_.analytics_id=?
Hibernate: 
    select
        article0_.entity_id as entity_i1_0_,
        article0_.analytics_id as analytic4_0_,
        article0_.name as name2_0_,
        article0_.author_id as author_i5_0_,
        article0_.content as content3_0_,
        article0_.newspaper_id as newspape6_0_,
        article0_.owner_id as owner_id7_0_,
        article0_.publisher_id as publishe8_0_,
        article0_.topic_id as topic_id9_0_ 
    from
        article article0_
Hibernate: 
    select
        newspaper0_.entity_id as entity_i1_4_,
        newspaper0_.analytics_id as analytic3_4_,
        newspaper0_.name as name2_4_ 
    from
        newspaper newspaper0_
Hibernate: 
    select
        owner0_.entity_id as entity_i1_6_,
        owner0_.analytics_id as analytic3_6_,
        owner0_.name as name2_6_ 
    from
        owner owner0_
Hibernate: 
    select
        topic0_.entity_id as entity_i1_10_,
        topic0_.analytics_id as analytic3_10_,
        topic0_.name as name2_10_ 
    from
        topic topic0_
Hibernate: 
    select
        publisher0_.entity_id as entity_i1_8_,
        publisher0_.analytics_id as analytic3_8_,
        publisher0_.name as name2_8_ 
    from
        publisher publisher0_
Hibernate: 
    select
        publishera0_.analytics_id as analytic1_9_0_,
        publishera0_.bias as bias2_9_0_,
        publishera0_.engagement_rate as engageme3_9_0_,
        publishera0_.likes as likes4_9_0_,
        publishera0_.shares as shares5_9_0_,
        publishera0_.views as views6_9_0_ 
    from
        publisher_analytics publishera0_ 
    where
        publishera0_.analytics_id=?
Hibernate: 
    delete 
    from
        publisher 
    where
        entity_id=?
Hibernate: 
    select
        author0_.entity_id as entity_i1_2_,
        author0_.analytics_id as analytic3_2_,
        author0_.name as name2_2_ 
    from
        author author0_
Hibernate: 
    select
        articleana0_.analytics_id as analytic1_1_,
        articleana0_.bias as bias2_1_,
        articleana0_.engagement_rate as engageme3_1_,
        articleana0_.likes as likes4_1_,
        articleana0_.shares as shares5_1_,
        articleana0_.views as views6_1_ 
    from
        article_analytics articleana0_
Hibernate: 
    select
        newspapera0_.analytics_id as analytic1_5_,
        newspapera0_.bias as bias2_5_,
        newspapera0_.engagement_rate as engageme3_5_,
        newspapera0_.likes as likes4_5_,
        newspapera0_.shares as shares5_5_,
        newspapera0_.views as views6_5_ 
    from
        newspaper_analytics newspapera0_
Hibernate: 
    select
        owneranaly0_.analytics_id as analytic1_7_,
        owneranaly0_.bias as bias2_7_,
        owneranaly0_.engagement_rate as engageme3_7_,
        owneranaly0_.likes as likes4_7_,
        owneranaly0_.shares as shares5_7_,
        owneranaly0_.views as views6_7_ 
    from
        owner_analytics owneranaly0_
Hibernate: 
    select
        topicanaly0_.analytics_id as analytic1_11_,
        topicanaly0_.bias as bias2_11_,
        topicanaly0_.engagement_rate as engageme3_11_,
        topicanaly0_.likes as likes4_11_,
        topicanaly0_.shares as shares5_11_,
        topicanaly0_.views as views6_11_ 
    from
        topic_analytics topicanaly0_
Hibernate: 
    select
        publishera0_.analytics_id as analytic1_9_,
        publishera0_.bias as bias2_9_,
        publishera0_.engagement_rate as engageme3_9_,
        publishera0_.likes as likes4_9_,
        publishera0_.shares as shares5_9_,
        publishera0_.views as views6_9_ 
    from
        publisher_analytics publishera0_
Hibernate: 
    delete 
    from
        publisher_analytics 
    where
        analytics_id=?
Hibernate: 
    select
        authoranal0_.analytics_id as analytic1_3_,
        authoranal0_.bias as bias2_3_,
        authoranal0_.engagement_rate as engageme3_3_,
        authoranal0_.likes as likes4_3_,
        authoranal0_.shares as shares5_3_,
        authoranal0_.views as views6_3_ 
    from
        author_analytics authoranal0_
Hibernate: 
    insert 
    into
        publisher_analytics
        (bias, engagement_rate, likes, shares, views) 
    values
        (?, ?, ?, ?, ?)
Hibernate: 
    insert 
    into
        publisher
        (analytics_id, name) 
    values
        (?, ?)
Hibernate: 
    select
        publisher0_.entity_id as entity_i1_8_,
        publisher0_.analytics_id as analytic3_8_,
        publisher0_.name as name2_8_ 
    from
        publisher publisher0_ 
    where
        publisher0_.name=?
Hibernate: 
    select
        publishera0_.analytics_id as analytic1_9_0_,
        publishera0_.bias as bias2_9_0_,
        publishera0_.engagement_rate as engageme3_9_0_,
        publishera0_.likes as likes4_9_0_,
        publishera0_.shares as shares5_9_0_,
        publishera0_.views as views6_9_0_ 
    from
        publisher_analytics publishera0_ 
    where
        publishera0_.analytics_id=?
]]></system-out>
  <system-err><![CDATA[]]></system-err>
</testsuite>
